

Microchip Technology PIC LITE Macro Assembler V1.31 build 56723 
                                                                                               Tue Jul 01 11:06:30 2014

Microchip Technology Omniscient Code Generator (Lite mode) build 56723
     1                           	processor	16F877A
     2                           	opt	pw 120
     3                           	opt	lm
     4                           	psect	text0,local,class=CODE,merge=1,delta=2
     5                           	psect	cinit,global,class=CODE,merge=1,delta=2
     6                           	psect	cstackCOMMON,global,class=COMMON,space=1,delta=1
     7                           	psect	maintext,global,class=CODE,split=1,delta=2
     8                           	psect	text1,local,class=CODE,merge=1,delta=2
     9                           	psect	text2,local,class=CODE,merge=1,delta=2
    10                           	dabs	1,0x7E,2
    11  0000                     	;# 
    12  0001                     	;# 
    13  0002                     	;# 
    14  0003                     	;# 
    15  0004                     	;# 
    16  0005                     	;# 
    17  0006                     	;# 
    18  0007                     	;# 
    19  0008                     	;# 
    20  0009                     	;# 
    21  000A                     	;# 
    22  000B                     	;# 
    23  000C                     	;# 
    24  000D                     	;# 
    25  000E                     	;# 
    26  000E                     	;# 
    27  000F                     	;# 
    28  0010                     	;# 
    29  0011                     	;# 
    30  0012                     	;# 
    31  0013                     	;# 
    32  0014                     	;# 
    33  0015                     	;# 
    34  0015                     	;# 
    35  0016                     	;# 
    36  0017                     	;# 
    37  0018                     	;# 
    38  0019                     	;# 
    39  001A                     	;# 
    40  001B                     	;# 
    41  001B                     	;# 
    42  001C                     	;# 
    43  001D                     	;# 
    44  001E                     	;# 
    45  001F                     	;# 
    46  0081                     	;# 
    47  0085                     	;# 
    48  0086                     	;# 
    49  0087                     	;# 
    50  0088                     	;# 
    51  0089                     	;# 
    52  008C                     	;# 
    53  008D                     	;# 
    54  008E                     	;# 
    55  0091                     	;# 
    56  0092                     	;# 
    57  0093                     	;# 
    58  0094                     	;# 
    59  0098                     	;# 
    60  0099                     	;# 
    61  009C                     	;# 
    62  009D                     	;# 
    63  009E                     	;# 
    64  009F                     	;# 
    65  010C                     	;# 
    66  010D                     	;# 
    67  010E                     	;# 
    68  010F                     	;# 
    69  018C                     	;# 
    70  018D                     	;# 
    71  0006                     _PORTB	set	6
    72  0007                     _PORTC	set	7
    73  0008                     _PORTD	set	8
    74  0086                     _TRISB	set	134
    75  0087                     _TRISC	set	135
    76  0088                     _TRISD	set	136
    77                           
    78                           	psect	text0
    79  0000                     __ptext0:	
    80                           ; #config settings
    81                           
    82                           
    83                           ;psect for function _dynamic1
    84  0000                     
    85                           	psect	cinit
    86  07FC                     start_initialization:	
    87  07FC                     __initialization:	
    88  07FC                     end_of_initialization:	
    89                           ;End of C runtime variable initialization code
    90                           
    91  07FC                     __end_of__initialization:	
    92  07FC  0183               	clrf	3
    93  07FD  120A  118A  2F1F   	ljmp	_main	;jump to C main() function
    94                           
    95                           	psect	cstackCOMMON
    96  0070                     __pcstackCOMMON:	
    97  0070                     ??_dynamic1:	
    98  0070                     ??_dynamic2:	
    99                           ; 0 bytes @ 0x0
   100                           
   101  0070                     ?_main:	
   102                           ; 0 bytes @ 0x0
   103                           
   104  0070                     ?_dynamic1:	
   105                           ; 0 bytes @ 0x0
   106                           
   107  0070                     ?_dynamic2:	
   108                           ; 2 bytes @ 0x0
   109                           
   110                           
   111                           ; 2 bytes @ 0x0
   112  0070                     	ds	2
   113  0072                     ??_main:	
   114                           
   115                           	psect	maintext
   116  071F                     __pmaintext:	
   117                           ; 0 bytes @ 0x2
   118 ;;
   119 ;;Main: autosize = 0, tempsize = 0, incstack = 0, save=0
   120 ;;
   121 ;; *************** function _main *****************
   122 ;; Defined at:
   123 ;;		line 35 in file "dotmatrix4.c"
   124 ;; Parameters:    Size  Location     Type
   125 ;;		None
   126 ;; Auto vars:     Size  Location     Type
   127 ;;		None
   128 ;; Return value:  Size  Location     Type
   129 ;;		None               void
   130 ;; Registers used:
   131 ;;		wreg, status,2, status,0, pclath, cstack
   132 ;; Tracked objects:
   133 ;;		On entry : 17F/0
   134 ;;		On exit  : 0/0
   135 ;;		Unchanged: 0/0
   136 ;; Data sizes:     COMMON   BANK0   BANK1   BANK3   BANK2
   137 ;;      Params:         0       0       0       0       0
   138 ;;      Locals:         0       0       0       0       0
   139 ;;      Temps:          0       0       0       0       0
   140 ;;      Totals:         0       0       0       0       0
   141 ;;Total ram usage:        0 bytes
   142 ;; Hardware stack levels required when called:    1
   143 ;; This function calls:
   144 ;;		_dynamic1
   145 ;;		_dynamic2
   146 ;; This function is called by:
   147 ;;		Startup code after reset
   148 ;; This function uses a non-reentrant model
   149 ;;
   150                           
   151                           
   152                           ;psect for function _main
   153  071F                     _main:	
   154                           
   155                           ;dotmatrix4.c: 37: TRISB = 0x00;
   156                           
   157                           ;incstack = 0
   158                           ; Regs used in _main: [wreg+status,2+status,0+pclath+cstack]
   159  071F  1683               	bsf	3,5	;RP0=1, select bank1
   160  0720  1303               	bcf	3,6	;RP1=0, select bank1
   161  0721  0186               	clrf	6	;volatile
   162                           
   163                           ;dotmatrix4.c: 38: TRISC = 0x00;
   164  0722  0187               	clrf	7	;volatile
   165                           
   166                           ;dotmatrix4.c: 39: TRISD = 0x00;
   167  0723  0188               	clrf	8	;volatile
   168                           
   169                           ;dotmatrix4.c: 40: PORTB = 0x00;
   170  0724  1283               	bcf	3,5	;RP0=0, select bank0
   171  0725  1303               	bcf	3,6	;RP1=0, select bank0
   172  0726  0186               	clrf	6	;volatile
   173                           
   174                           ;dotmatrix4.c: 41: PORTC = 0x00;
   175  0727  0187               	clrf	7	;volatile
   176                           
   177                           ;dotmatrix4.c: 42: PORTD = 0x00;
   178  0728  0188               	clrf	8	;volatile
   179  0729                     l497:	
   180                           ;dotmatrix4.c: 43: while(1){
   181                           
   182                           
   183                           ;dotmatrix4.c: 44: dynamic1();
   184  0729  120A  118A  2734   	fcall	_dynamic1
      +       120A  118A         
   185                           
   186                           ;dotmatrix4.c: 45: dynamic2();
   187  072E  120A  118A  2798   	fcall	_dynamic2
      +       120A  118A         
   188  0733  2F29               	goto	l497
   189  0734                     __end_of_main:	
   190                           
   191                           	psect	text1
   192  0798                     __ptext1:	
   193 ;; *************** function _dynamic2 *****************
   194 ;; Defined at:
   195 ;;		line 68 in file "dotmatrix4.c"
   196 ;; Parameters:    Size  Location     Type
   197 ;;		None
   198 ;; Auto vars:     Size  Location     Type
   199 ;;		None
   200 ;; Return value:  Size  Location     Type
   201 ;;                  2   16[COMMON] int 
   202 ;; Registers used:
   203 ;;		wreg, status,2
   204 ;; Tracked objects:
   205 ;;		On entry : 0/0
   206 ;;		On exit  : 0/0
   207 ;;		Unchanged: 0/0
   208 ;; Data sizes:     COMMON   BANK0   BANK1   BANK3   BANK2
   209 ;;      Params:         0       0       0       0       0
   210 ;;      Locals:         0       0       0       0       0
   211 ;;      Temps:          2       0       0       0       0
   212 ;;      Totals:         2       0       0       0       0
   213 ;;Total ram usage:        2 bytes
   214 ;; Hardware stack levels used:    1
   215 ;; This function calls:
   216 ;;		Nothing
   217 ;; This function is called by:
   218 ;;		_main
   219 ;; This function uses a non-reentrant model
   220 ;;
   221                           
   222                           
   223                           ;psect for function _dynamic2
   224  0798                     _dynamic2:	
   225                           
   226                           ;dotmatrix4.c: 69: PORTD=0b00010000;
   227                           
   228                           ;incstack = 0
   229                           ; Regs used in _dynamic2: [wreg+status,2]
   230  0798  3010               	movlw	16
   231  0799  1283               	bcf	3,5	;RP0=0, select bank0
   232  079A  1303               	bcf	3,6	;RP1=0, select bank0
   233  079B  0088               	movwf	8	;volatile
   234                           
   235                           ;dotmatrix4.c: 70: _delay((unsigned long)((1)*(20000000/4000.0)));
   236  079C  3007               	movlw	7
   237  079D  00F1               	movwf	??_dynamic2+1
   238  079E  307D               	movlw	125
   239  079F  00F0               	movwf	??_dynamic2
   240  07A0                     u17:	
   241  07A0  0BF0               	decfsz	??_dynamic2,f
   242  07A1  2FA0               	goto	u17
   243  07A2  0BF1               	decfsz	??_dynamic2+1,f
   244  07A3  2FA0               	goto	u17
   245                           
   246                           ;dotmatrix4.c: 71: PORTD=0b10010000;
   247  07A4  3090               	movlw	144
   248  07A5  1283               	bcf	3,5	;RP0=0, select bank0
   249  07A6  1303               	bcf	3,6	;RP1=0, select bank0
   250  07A7  0088               	movwf	8	;volatile
   251                           
   252                           ;dotmatrix4.c: 72: _delay((unsigned long)((1)*(20000000/4000.0)));
   253  07A8  3007               	movlw	7
   254  07A9  00F1               	movwf	??_dynamic2+1
   255  07AA  307D               	movlw	125
   256  07AB  00F0               	movwf	??_dynamic2
   257  07AC                     u27:	
   258  07AC  0BF0               	decfsz	??_dynamic2,f
   259  07AD  2FAC               	goto	u27
   260  07AE  0BF1               	decfsz	??_dynamic2+1,f
   261  07AF  2FAC               	goto	u27
   262                           
   263                           ;dotmatrix4.c: 73: PORTD=0b01010000;
   264  07B0  3050               	movlw	80
   265  07B1  1283               	bcf	3,5	;RP0=0, select bank0
   266  07B2  1303               	bcf	3,6	;RP1=0, select bank0
   267  07B3  0088               	movwf	8	;volatile
   268                           
   269                           ;dotmatrix4.c: 74: _delay((unsigned long)((1)*(20000000/4000.0)));
   270  07B4  3007               	movlw	7
   271  07B5  00F1               	movwf	??_dynamic2+1
   272  07B6  307D               	movlw	125
   273  07B7  00F0               	movwf	??_dynamic2
   274  07B8                     u37:	
   275  07B8  0BF0               	decfsz	??_dynamic2,f
   276  07B9  2FB8               	goto	u37
   277  07BA  0BF1               	decfsz	??_dynamic2+1,f
   278  07BB  2FB8               	goto	u37
   279                           
   280                           ;dotmatrix4.c: 75: PORTD=0b11010000;
   281  07BC  30D0               	movlw	208
   282  07BD  1283               	bcf	3,5	;RP0=0, select bank0
   283  07BE  1303               	bcf	3,6	;RP1=0, select bank0
   284  07BF  0088               	movwf	8	;volatile
   285                           
   286                           ;dotmatrix4.c: 76: _delay((unsigned long)((1)*(20000000/4000.0)));
   287  07C0  3007               	movlw	7
   288  07C1  00F1               	movwf	??_dynamic2+1
   289  07C2  307D               	movlw	125
   290  07C3  00F0               	movwf	??_dynamic2
   291  07C4                     u47:	
   292  07C4  0BF0               	decfsz	??_dynamic2,f
   293  07C5  2FC4               	goto	u47
   294  07C6  0BF1               	decfsz	??_dynamic2+1,f
   295  07C7  2FC4               	goto	u47
   296                           
   297                           ;dotmatrix4.c: 77: PORTD=0b00110000;
   298  07C8  3030               	movlw	48
   299  07C9  1283               	bcf	3,5	;RP0=0, select bank0
   300  07CA  1303               	bcf	3,6	;RP1=0, select bank0
   301  07CB  0088               	movwf	8	;volatile
   302                           
   303                           ;dotmatrix4.c: 78: _delay((unsigned long)((1)*(20000000/4000.0)));
   304  07CC  3007               	movlw	7
   305  07CD  00F1               	movwf	??_dynamic2+1
   306  07CE  307D               	movlw	125
   307  07CF  00F0               	movwf	??_dynamic2
   308  07D0                     u57:	
   309  07D0  0BF0               	decfsz	??_dynamic2,f
   310  07D1  2FD0               	goto	u57
   311  07D2  0BF1               	decfsz	??_dynamic2+1,f
   312  07D3  2FD0               	goto	u57
   313                           
   314                           ;dotmatrix4.c: 79: PORTD=0b10110000;
   315  07D4  30B0               	movlw	176
   316  07D5  1283               	bcf	3,5	;RP0=0, select bank0
   317  07D6  1303               	bcf	3,6	;RP1=0, select bank0
   318  07D7  0088               	movwf	8	;volatile
   319                           
   320                           ;dotmatrix4.c: 80: _delay((unsigned long)((1)*(20000000/4000.0)));
   321  07D8  3007               	movlw	7
   322  07D9  00F1               	movwf	??_dynamic2+1
   323  07DA  307D               	movlw	125
   324  07DB  00F0               	movwf	??_dynamic2
   325  07DC                     u67:	
   326  07DC  0BF0               	decfsz	??_dynamic2,f
   327  07DD  2FDC               	goto	u67
   328  07DE  0BF1               	decfsz	??_dynamic2+1,f
   329  07DF  2FDC               	goto	u67
   330                           
   331                           ;dotmatrix4.c: 81: PORTD=0b01110000;
   332  07E0  3070               	movlw	112
   333  07E1  1283               	bcf	3,5	;RP0=0, select bank0
   334  07E2  1303               	bcf	3,6	;RP1=0, select bank0
   335  07E3  0088               	movwf	8	;volatile
   336                           
   337                           ;dotmatrix4.c: 82: _delay((unsigned long)((1)*(20000000/4000.0)));
   338  07E4  3007               	movlw	7
   339  07E5  00F1               	movwf	??_dynamic2+1
   340  07E6  307D               	movlw	125
   341  07E7  00F0               	movwf	??_dynamic2
   342  07E8                     u77:	
   343  07E8  0BF0               	decfsz	??_dynamic2,f
   344  07E9  2FE8               	goto	u77
   345  07EA  0BF1               	decfsz	??_dynamic2+1,f
   346  07EB  2FE8               	goto	u77
   347                           
   348                           ;dotmatrix4.c: 83: PORTD=0b11110000;
   349  07EC  30F0               	movlw	240
   350  07ED  1283               	bcf	3,5	;RP0=0, select bank0
   351  07EE  1303               	bcf	3,6	;RP1=0, select bank0
   352  07EF  0088               	movwf	8	;volatile
   353                           
   354                           ;dotmatrix4.c: 84: _delay((unsigned long)((1)*(20000000/4000.0)));
   355  07F0  3007               	movlw	7
   356  07F1  00F1               	movwf	??_dynamic2+1
   357  07F2  307D               	movlw	125
   358  07F3  00F0               	movwf	??_dynamic2
   359  07F4                     u87:	
   360  07F4  0BF0               	decfsz	??_dynamic2,f
   361  07F5  2FF4               	goto	u87
   362  07F6  0BF1               	decfsz	??_dynamic2+1,f
   363  07F7  2FF4               	goto	u87
   364                           
   365                           ;dotmatrix4.c: 85: PORTD=0b00000000;
   366  07F8  1283               	bcf	3,5	;RP0=0, select bank0
   367  07F9  1303               	bcf	3,6	;RP1=0, select bank0
   368  07FA  0188               	clrf	8	;volatile
   369  07FB  0008               	return
   370  07FC                     __end_of_dynamic2:	
   371                           
   372                           	psect	text2
   373  0734                     __ptext2:	
   374 ;; *************** function _dynamic1 *****************
   375 ;; Defined at:
   376 ;;		line 49 in file "dotmatrix4.c"
   377 ;; Parameters:    Size  Location     Type
   378 ;;		None
   379 ;; Auto vars:     Size  Location     Type
   380 ;;		None
   381 ;; Return value:  Size  Location     Type
   382 ;;                  2   14[COMMON] int 
   383 ;; Registers used:
   384 ;;		wreg, status,2
   385 ;; Tracked objects:
   386 ;;		On entry : 0/0
   387 ;;		On exit  : 0/0
   388 ;;		Unchanged: 0/0
   389 ;; Data sizes:     COMMON   BANK0   BANK1   BANK3   BANK2
   390 ;;      Params:         0       0       0       0       0
   391 ;;      Locals:         0       0       0       0       0
   392 ;;      Temps:          2       0       0       0       0
   393 ;;      Totals:         2       0       0       0       0
   394 ;;Total ram usage:        2 bytes
   395 ;; Hardware stack levels used:    1
   396 ;; This function calls:
   397 ;;		Nothing
   398 ;; This function is called by:
   399 ;;		_main
   400 ;; This function uses a non-reentrant model
   401 ;;
   402                           
   403                           
   404                           ;psect for function _dynamic1
   405  0734                     _dynamic1:	
   406                           
   407                           ;dotmatrix4.c: 50: PORTB=0b00001000;
   408                           
   409                           ;incstack = 0
   410                           ; Regs used in _dynamic1: [wreg+status,2]
   411  0734  3008               	movlw	8
   412  0735  1283               	bcf	3,5	;RP0=0, select bank0
   413  0736  1303               	bcf	3,6	;RP1=0, select bank0
   414  0737  0086               	movwf	6	;volatile
   415                           
   416                           ;dotmatrix4.c: 51: _delay((unsigned long)((1)*(20000000/4000.0)));
   417  0738  3007               	movlw	7
   418  0739  00F1               	movwf	??_dynamic1+1
   419  073A  307D               	movlw	125
   420  073B  00F0               	movwf	??_dynamic1
   421  073C                     u97:	
   422  073C  0BF0               	decfsz	??_dynamic1,f
   423  073D  2F3C               	goto	u97
   424  073E  0BF1               	decfsz	??_dynamic1+1,f
   425  073F  2F3C               	goto	u97
   426                           
   427                           ;dotmatrix4.c: 52: PORTB=0b00001001;
   428  0740  3009               	movlw	9
   429  0741  1283               	bcf	3,5	;RP0=0, select bank0
   430  0742  1303               	bcf	3,6	;RP1=0, select bank0
   431  0743  0086               	movwf	6	;volatile
   432                           
   433                           ;dotmatrix4.c: 53: _delay((unsigned long)((1)*(20000000/4000.0)));
   434  0744  3007               	movlw	7
   435  0745  00F1               	movwf	??_dynamic1+1
   436  0746  307D               	movlw	125
   437  0747  00F0               	movwf	??_dynamic1
   438  0748                     u107:	
   439  0748  0BF0               	decfsz	??_dynamic1,f
   440  0749  2F48               	goto	u107
   441  074A  0BF1               	decfsz	??_dynamic1+1,f
   442  074B  2F48               	goto	u107
   443                           
   444                           ;dotmatrix4.c: 54: PORTB=0b00001010;
   445  074C  300A               	movlw	10
   446  074D  1283               	bcf	3,5	;RP0=0, select bank0
   447  074E  1303               	bcf	3,6	;RP1=0, select bank0
   448  074F  0086               	movwf	6	;volatile
   449                           
   450                           ;dotmatrix4.c: 55: _delay((unsigned long)((1)*(20000000/4000.0)));
   451  0750  3007               	movlw	7
   452  0751  00F1               	movwf	??_dynamic1+1
   453  0752  307D               	movlw	125
   454  0753  00F0               	movwf	??_dynamic1
   455  0754                     u117:	
   456  0754  0BF0               	decfsz	??_dynamic1,f
   457  0755  2F54               	goto	u117
   458  0756  0BF1               	decfsz	??_dynamic1+1,f
   459  0757  2F54               	goto	u117
   460                           
   461                           ;dotmatrix4.c: 56: PORTB=0b00001011;
   462  0758  300B               	movlw	11
   463  0759  1283               	bcf	3,5	;RP0=0, select bank0
   464  075A  1303               	bcf	3,6	;RP1=0, select bank0
   465  075B  0086               	movwf	6	;volatile
   466                           
   467                           ;dotmatrix4.c: 57: _delay((unsigned long)((1)*(20000000/4000.0)));
   468  075C  3007               	movlw	7
   469  075D  00F1               	movwf	??_dynamic1+1
   470  075E  307D               	movlw	125
   471  075F  00F0               	movwf	??_dynamic1
   472  0760                     u127:	
   473  0760  0BF0               	decfsz	??_dynamic1,f
   474  0761  2F60               	goto	u127
   475  0762  0BF1               	decfsz	??_dynamic1+1,f
   476  0763  2F60               	goto	u127
   477                           
   478                           ;dotmatrix4.c: 58: PORTB=0b00001100;
   479  0764  300C               	movlw	12
   480  0765  1283               	bcf	3,5	;RP0=0, select bank0
   481  0766  1303               	bcf	3,6	;RP1=0, select bank0
   482  0767  0086               	movwf	6	;volatile
   483                           
   484                           ;dotmatrix4.c: 59: _delay((unsigned long)((1)*(20000000/4000.0)));
   485  0768  3007               	movlw	7
   486  0769  00F1               	movwf	??_dynamic1+1
   487  076A  307D               	movlw	125
   488  076B  00F0               	movwf	??_dynamic1
   489  076C                     u137:	
   490  076C  0BF0               	decfsz	??_dynamic1,f
   491  076D  2F6C               	goto	u137
   492  076E  0BF1               	decfsz	??_dynamic1+1,f
   493  076F  2F6C               	goto	u137
   494                           
   495                           ;dotmatrix4.c: 60: PORTB=0b00001101;
   496  0770  300D               	movlw	13
   497  0771  1283               	bcf	3,5	;RP0=0, select bank0
   498  0772  1303               	bcf	3,6	;RP1=0, select bank0
   499  0773  0086               	movwf	6	;volatile
   500                           
   501                           ;dotmatrix4.c: 61: _delay((unsigned long)((1)*(20000000/4000.0)));
   502  0774  3007               	movlw	7
   503  0775  00F1               	movwf	??_dynamic1+1
   504  0776  307D               	movlw	125
   505  0777  00F0               	movwf	??_dynamic1
   506  0778                     u147:	
   507  0778  0BF0               	decfsz	??_dynamic1,f
   508  0779  2F78               	goto	u147
   509  077A  0BF1               	decfsz	??_dynamic1+1,f
   510  077B  2F78               	goto	u147
   511                           
   512                           ;dotmatrix4.c: 62: PORTB=0b00001110;
   513  077C  300E               	movlw	14
   514  077D  1283               	bcf	3,5	;RP0=0, select bank0
   515  077E  1303               	bcf	3,6	;RP1=0, select bank0
   516  077F  0086               	movwf	6	;volatile
   517                           
   518                           ;dotmatrix4.c: 63: _delay((unsigned long)((1)*(20000000/4000.0)));
   519  0780  3007               	movlw	7
   520  0781  00F1               	movwf	??_dynamic1+1
   521  0782  307D               	movlw	125
   522  0783  00F0               	movwf	??_dynamic1
   523  0784                     u157:	
   524  0784  0BF0               	decfsz	??_dynamic1,f
   525  0785  2F84               	goto	u157
   526  0786  0BF1               	decfsz	??_dynamic1+1,f
   527  0787  2F84               	goto	u157
   528                           
   529                           ;dotmatrix4.c: 64: PORTB=0b00001111;
   530  0788  300F               	movlw	15
   531  0789  1283               	bcf	3,5	;RP0=0, select bank0
   532  078A  1303               	bcf	3,6	;RP1=0, select bank0
   533  078B  0086               	movwf	6	;volatile
   534                           
   535                           ;dotmatrix4.c: 65: _delay((unsigned long)((1)*(20000000/4000.0)));
   536  078C  3007               	movlw	7
   537  078D  00F1               	movwf	??_dynamic1+1
   538  078E  307D               	movlw	125
   539  078F  00F0               	movwf	??_dynamic1
   540  0790                     u167:	
   541  0790  0BF0               	decfsz	??_dynamic1,f
   542  0791  2F90               	goto	u167
   543  0792  0BF1               	decfsz	??_dynamic1+1,f
   544  0793  2F90               	goto	u167
   545                           
   546                           ;dotmatrix4.c: 66: PORTB=0b00000000;
   547  0794  1283               	bcf	3,5	;RP0=0, select bank0
   548  0795  1303               	bcf	3,6	;RP1=0, select bank0
   549  0796  0186               	clrf	6	;volatile
   550  0797  0008               	return
   551  0798                     __end_of_dynamic1:	
   552  007E                     btemp	set	126	;btemp
   553  007E                     wtemp	set	126
   554  007E                     wtemp0	set	126
   555  0080                     wtemp1	set	128
   556  0082                     wtemp2	set	130
   557  0084                     wtemp3	set	132
   558  0086                     wtemp4	set	134
   559  0088                     wtemp5	set	136
   560  007F                     wtemp6	set	127
   561  007E                     ttemp	set	126
   562  007E                     ttemp0	set	126
   563  0081                     ttemp1	set	129
   564  0084                     ttemp2	set	132
   565  0087                     ttemp3	set	135
   566  007F                     ttemp4	set	127
   567  007E                     ltemp	set	126
   568  007E                     ltemp0	set	126
   569  0082                     ltemp1	set	130
   570  0086                     ltemp2	set	134
   571  0080                     ltemp3	set	128


Data Sizes:
    Strings     0
    Constant    0
    Data        0
    BSS         0
    Persistent  0
    Stack       0

Auto Spaces:
    Space          Size  Autos    Used
    COMMON           14      2       2
    BANK0            80      0       0
    BANK1            80      0       0
    BANK3            96      0       0
    BANK2            96      0       0

Pointer List with Targets:

    None.

Critical Paths under _main in COMMON

    _main->_dynamic1
    _main->_dynamic2

Critical Paths under _main in BANK0

    None.

Critical Paths under _main in BANK1

    None.

Critical Paths under _main in BANK3

    None.

Critical Paths under _main in BANK2

    None.

Call Graph Tables:

 ---------------------------------------------------------------------------------
 (Depth) Function   	        Calls       Base Space   Used Autos Params    Refs
 ---------------------------------------------------------------------------------
 (0) _main                                                 0     0      0       0
                           _dynamic1
                           _dynamic2
 ---------------------------------------------------------------------------------
 (1) _dynamic2                                             2     2      0       0
                                              0 COMMON     2     2      0
 ---------------------------------------------------------------------------------
 (1) _dynamic1                                             2     2      0       0
                                              0 COMMON     2     2      0
 ---------------------------------------------------------------------------------
 Estimated maximum stack depth 1
 ---------------------------------------------------------------------------------

 Call Graph Graphs:

 _main (ROOT)
   _dynamic1
   _dynamic2

 Address spaces:
Name               Size   Autos  Total    Cost      Usage
BITCOMMON            E      0       0       0        0.0%
EEDATA             100      0       0       0        0.0%
NULL                 0      0       0       0        0.0%
CODE                 0      0       0       0        0.0%
COMMON               E      2       2       1       14.3%
BITSFR0              0      0       0       1        0.0%
SFR0                 0      0       0       1        0.0%
BITSFR1              0      0       0       2        0.0%
SFR1                 0      0       0       2        0.0%
STACK                0      0       0       2        0.0%
ABS                  0      0       0       3        0.0%
BITBANK0            50      0       0       4        0.0%
BITSFR3              0      0       0       4        0.0%
SFR3                 0      0       0       4        0.0%
BANK0               50      0       0       5        0.0%
BITSFR2              0      0       0       5        0.0%
SFR2                 0      0       0       5        0.0%
BITBANK1            50      0       0       6        0.0%
BANK1               50      0       0       7        0.0%
BITBANK3            60      0       0       8        0.0%
BANK3               60      0       0       9        0.0%
BITBANK2            60      0       0      10        0.0%
BANK2               60      0       0      11        0.0%
DATA                 0      0       0      12        0.0%


Microchip Technology PIC Macro Assembler V1.31 build 56723 
Symbol Table                                                                                   Tue Jul 01 11:06:30 2014

            __CFG_CP$OFF 0000                       u17 07A0                       u27 07AC  
                     u37 07B8                       u47 07C4                       u57 07D0  
                     u67 07DC                       u77 07E8                       u87 07F4  
                     u97 073C                      l497 0729                      u107 0748  
                    u117 0754                      u127 0760                      u137 076C  
                    u147 0778                      u157 0784                      u167 0790  
           __CFG_CPD$OFF 0000             __CFG_FOSC$HS 0000             __CFG_LVP$OFF 0000  
           __CFG_WRT$OFF 0000                     _main 071F                     btemp 007E  
                   ltemp 007E                     start 0000                     ttemp 007E  
                   wtemp 007E                    ?_main 0070            __CFG_WDTE$OFF 0000  
         __CFG_DEBUG$OFF 0000                    _PORTB 0006                    _PORTC 0007  
                  _PORTD 0008                    _TRISB 0086                    _TRISC 0087  
                  _TRISD 0088            __CFG_PWRTE$ON 0000           __CFG_BOREN$OFF 0000  
                  ltemp0 007E                    ltemp1 0082                    ltemp2 0086  
                  ltemp3 0080                    ttemp0 007E                    ttemp1 0081  
                  ttemp2 0084                    ttemp3 0087                    ttemp4 007F  
                  status 0003                    wtemp0 007E                    wtemp1 0080  
                  wtemp2 0082                    wtemp3 0084                    wtemp4 0086  
                  wtemp5 0088                    wtemp6 007F          __initialization 07FC  
           __end_of_main 0734                   ??_main 0072         __end_of_dynamic1 0798  
       __end_of_dynamic2 07FC  __end_of__initialization 07FC           __pcstackCOMMON 0070  
             __pmaintext 071F                ?_dynamic1 0070                ?_dynamic2 0070  
                __ptext0 0000                  __ptext1 0798                  __ptext2 0734  
   end_of_initialization 07FC               ??_dynamic1 0070               ??_dynamic2 0070  
    start_initialization 07FC                ___latbits 0002        __size_of_dynamic1 0064  
      __size_of_dynamic2 0064                 _dynamic1 0734                 _dynamic2 0798  
          __size_of_main 0015  
