

Microchip Technology PIC LITE Macro Assembler V1.31 build 56723 
                                                                                               Mon Jun 09 16:19:24 2014

Microchip Technology Omniscient Code Generator (Lite mode) build 56723
     1                           	processor	16F677
     2                           	opt	pw 120
     3                           	opt	lm
     4                           	psect	maintext,global,class=CODE,split=1,delta=2
     5                           	psect	cinit,global,class=CODE,merge=1,delta=2
     6                           	psect	cstackCOMMON,global,class=COMMON,space=1,delta=1
     7                           	dabs	1,0x7E,2
     8  0000                     	;# 
     9  0001                     	;# 
    10  0002                     	;# 
    11  0003                     	;# 
    12  0004                     	;# 
    13  0005                     	;# 
    14  0006                     	;# 
    15  0007                     	;# 
    16  000A                     	;# 
    17  000B                     	;# 
    18  000C                     	;# 
    19  000D                     	;# 
    20  000E                     	;# 
    21  000E                     	;# 
    22  000F                     	;# 
    23  0010                     	;# 
    24  0013                     	;# 
    25  0014                     	;# 
    26  001E                     	;# 
    27  001F                     	;# 
    28  0081                     	;# 
    29  0085                     	;# 
    30  0086                     	;# 
    31  0087                     	;# 
    32  008C                     	;# 
    33  008D                     	;# 
    34  008E                     	;# 
    35  008F                     	;# 
    36  0090                     	;# 
    37  0093                     	;# 
    38  0093                     	;# 
    39  0093                     	;# 
    40  0094                     	;# 
    41  0095                     	;# 
    42  0095                     	;# 
    43  0096                     	;# 
    44  0096                     	;# 
    45  0097                     	;# 
    46  009E                     	;# 
    47  009F                     	;# 
    48  010C                     	;# 
    49  010C                     	;# 
    50  010D                     	;# 
    51  0115                     	;# 
    52  0116                     	;# 
    53  0118                     	;# 
    54  0119                     	;# 
    55  011A                     	;# 
    56  011B                     	;# 
    57  011E                     	;# 
    58  011F                     	;# 
    59  018C                     	;# 
    60  018D                     	;# 
    61  019E                     	;# 
    62  0038                     _RC0	set	56
    63  0085                     _TRISA	set	133
    64  011E                     _ANSEL	set	286
    65                           
    66                           	psect	maintext
    67  06DC                     __pmaintext:	
    68                           ; #config settings
    69                           
    70                           
    71                           ;psect for function _main
    72  0000                     
    73 ;;
    74 ;;Main: autosize = 0, tempsize = 3, incstack = 0, save=0
    75 ;;
    76 ;; *************** function _main *****************
    77 ;; Defined at:
    78 ;;		line 25 in file "pictest.c"
    79 ;; Parameters:    Size  Location     Type
    80 ;;  argc            2    0[COMMON] int 
    81 ;;  argv            2    2[COMMON] PTR PTR unsigned char 
    82 ;; Auto vars:     Size  Location     Type
    83 ;;		None
    84 ;; Return value:  Size  Location     Type
    85 ;;                  2    0[COMMON] int 
    86 ;; Registers used:
    87 ;;		wreg, status,2
    88 ;; Tracked objects:
    89 ;;		On entry : 17F/0
    90 ;;		On exit  : 0/0
    91 ;;		Unchanged: 0/0
    92 ;; Data sizes:     COMMON   BANK0   BANK1
    93 ;;      Params:         4       0       0
    94 ;;      Locals:         0       0       0
    95 ;;      Temps:          3       0       0
    96 ;;      Totals:         7       0       0
    97 ;;Total ram usage:        7 bytes
    98 ;; This function calls:
    99 ;;		Nothing
   100 ;; This function is called by:
   101 ;;		Startup code after reset
   102 ;; This function uses a non-reentrant model
   103 ;;
   104  06DC                     _main:	
   105                           
   106                           ;pictest.c: 28: ANSEL = 0x00;
   107                           
   108                           ;incstack = 0
   109                           ; Regs used in _main: [wreg+status,2]
   110  06DC  1283               	bcf	3,5	;RP0=0, select bank2
   111  06DD  1703               	bsf	3,6	;RP1=1, select bank2
   112  06DE  019E               	clrf	30	;volatile
   113                           
   114                           ;pictest.c: 29: TRISA = 0x00;
   115  06DF  1683               	bsf	3,5	;RP0=1, select bank1
   116  06E0  1303               	bcf	3,6	;RP1=0, select bank1
   117  06E1  0185               	clrf	5	;volatile
   118  06E2                     L1:	
   119                           
   120                           ;pictest.c: 32: RC0 = 0;
   121  06E2  1283               	bcf	3,5	;RP0=0, select bank0
   122  06E3  1303               	bcf	3,6	;RP1=0, select bank0
   123  06E4  1007               	bcf	7,0	;volatile
   124                           
   125                           ;pictest.c: 37: _delay((unsigned long)((950)*(4000000/4000.0)));
   126                           
   127                           ;pictest.c: 35: while(1){
   128  06E5  3005               	movlw	5
   129  06E6  00F7               	movwf	??_main+2
   130  06E7  30D2               	movlw	210
   131  06E8  00F6               	movwf	??_main+1
   132  06E9  30C2               	movlw	194
   133  06EA  00F5               	movwf	??_main
   134  06EB                     u17:	
   135  06EB  0BF5               	decfsz	??_main,f
   136  06EC  2EEB               	goto	u17
   137  06ED  0BF6               	decfsz	??_main+1,f
   138  06EE  2EEB               	goto	u17
   139  06EF  0BF7               	decfsz	??_main+2,f
   140  06F0  2EEB               	goto	u17
   141                           
   142                           ;pictest.c: 39: RC0 = 1;
   143  06F1  1283               	bcf	3,5	;RP0=0, select bank0
   144  06F2  1303               	bcf	3,6	;RP1=0, select bank0
   145  06F3  1407               	bsf	7,0	;volatile
   146                           
   147                           ;pictest.c: 41: _delay((unsigned long)((50)*(4000000/4000.0)));
   148  06F4  3041               	movlw	65
   149  06F5  00F6               	movwf	??_main+1
   150  06F6  30EE               	movlw	238
   151  06F7  00F5               	movwf	??_main
   152  06F8                     u27:	
   153  06F8  0BF5               	decfsz	??_main,f
   154  06F9  2EF8               	goto	u27
   155  06FA  0BF6               	decfsz	??_main+1,f
   156  06FB  2EF8               	goto	u27
   157  06FC  0000               	nop
   158  06FD  2EE2               	goto	L1
   159  06FE                     __end_of_main:	
   160                           ;pictest.c: 44: }
   161                           ;pictest.c: 47: return (0);
   162                           ;	Return value of _main is never used
   163                           
   164                           ;pictest.c: 43: RC0 = 0;
   165                           
   166  007E                     btemp	set	126	;btemp
   167  007E                     wtemp	set	126
   168  007E                     wtemp0	set	126
   169  0080                     wtemp1	set	128
   170  0082                     wtemp2	set	130
   171  0084                     wtemp3	set	132
   172  0086                     wtemp4	set	134
   173  0088                     wtemp5	set	136
   174  007F                     wtemp6	set	127
   175  007E                     ttemp	set	126
   176  007E                     ttemp0	set	126
   177  0081                     ttemp1	set	129
   178  0084                     ttemp2	set	132
   179  0087                     ttemp3	set	135
   180  007F                     ttemp4	set	127
   181  007E                     ltemp	set	126
   182  007E                     ltemp0	set	126
   183  0082                     ltemp1	set	130
   184  0086                     ltemp2	set	134
   185  0080                     ltemp3	set	128
   186                           
   187                           	psect	cinit
   188  06FE                     start_initialization:	
   189  06FE                     __initialization:	
   190  06FE                     end_of_initialization:	
   191                           ;End of C runtime variable initialization code
   192                           
   193  06FE                     __end_of__initialization:	
   194  06FE  0183               	clrf	3
   195  06FF  2EDC               	ljmp	_main	;jump to C main() function
   196                           
   197                           	psect	cstackCOMMON
   198  0071                     __pcstackCOMMON:	
   199  0071                     ?_main:	
   200  0071                     main@argc:	
   201                           ; 2 bytes @ 0x0
   202                           
   203                           
   204                           ; 2 bytes @ 0x0
   205  0071                     	ds	2
   206  0073                     main@argv:	
   207                           
   208                           ; 2 bytes @ 0x2
   209  0073                     	ds	2
   210  0075                     ??_main:	
   211                           
   212                           ; 0 bytes @ 0x4
   213  0075                     	ds	3


Data Sizes:
    Strings     0
    Constant    0
    Data        0
    BSS         0
    Persistent  0
    Stack       0

Auto Spaces:
    Space          Size  Autos    Used
    COMMON           13      7       7
    BANK0            69      0       0
    BANK1            32      0       0

Pointer List with Targets:

    None.

Critical Paths under _main in COMMON

    None.

Critical Paths under _main in BANK0

    None.

Critical Paths under _main in BANK1

    None.

Call Graph Tables:

 ---------------------------------------------------------------------------------
 (Depth) Function   	        Calls       Base Space   Used Autos Params    Refs
 ---------------------------------------------------------------------------------
 (0) _main                                                 7     3      4       0
                                              0 COMMON     7     3      4
 ---------------------------------------------------------------------------------
 Estimated maximum stack depth 0
 ---------------------------------------------------------------------------------

 Call Graph Graphs:

 _main (ROOT)

 Address spaces:
Name               Size   Autos  Total    Cost      Usage
BITCOMMON            D      0       0       0        0.0%
EEDATA             100      0       0       0        0.0%
NULL                 0      0       0       0        0.0%
CODE                 0      0       0       0        0.0%
COMMON               D      7       7       1       53.8%
BITSFR0              0      0       0       1        0.0%
SFR0                 0      0       0       1        0.0%
BITSFR1              0      0       0       2        0.0%
SFR1                 0      0       0       2        0.0%
STACK                0      0       0       2        0.0%
BITBANK0            45      0       0       3        0.0%
BANK0               45      0       0       4        0.0%
BITSFR3              0      0       0       4        0.0%
SFR3                 0      0       0       4        0.0%
BITBANK1            20      0       0       5        0.0%
BITSFR2              0      0       0       5        0.0%
SFR2                 0      0       0       5        0.0%
BANK1               20      0       0       6        0.0%
ABS                  0      0       0       7        0.0%
DATA                 0      0       0       8        0.0%


Microchip Technology PIC Macro Assembler V1.31 build 56723 
Symbol Table                                                                                   Mon Jun 09 16:19:24 2014

            __CFG_CP$OFF 0000                       u17 06EB                       u27 06F8  
                    _RC0 0038             __CFG_CPD$OFF 0000                     _main 06DC  
                   btemp 007E                     ltemp 007E                     start 0001  
                   ttemp 007E                     wtemp 007E                    ?_main 0071  
          __CFG_WDTE$OFF 0000                    _ANSEL 011E                    _TRISA 0085  
         __CFG_BOREN$OFF 0000                    ltemp0 007E                    ltemp1 0082  
                  ltemp2 0086                    ltemp3 0080                    ttemp0 007E  
                  ttemp1 0081                    ttemp2 0084                    ttemp3 0087  
                  ttemp4 007F                    status 0003                    wtemp0 007E  
                  wtemp1 0080                    wtemp2 0082                    wtemp3 0084  
                  wtemp4 0086                    wtemp5 0088                    wtemp6 007F  
         __CFG_MCLRE$OFF 0000          __initialization 06FE             __end_of_main 06FE  
                 ??_main 0075  __end_of__initialization 06FE           __pcstackCOMMON 0071  
             __pmaintext 06DC     end_of_initialization 06FE      start_initialization 06FE  
              ___latbits 0000            __size_of_main 0022                 main@argc 0071  
               main@argv 0073  
