

Microchip Technology PIC LITE Macro Assembler V1.31 build 56723 
                                                                                               Mon Jun 09 19:30:11 2014

Microchip Technology Omniscient Code Generator (Lite mode) build 56723
     1                           	processor	16F677
     2                           	opt	pw 120
     3                           	opt	lm
     4                           	psect	maintext,global,class=CODE,split=1,delta=2
     5                           	psect	cinit,global,class=CODE,merge=1,delta=2
     6                           	psect	cstackCOMMON,global,class=COMMON,space=1,delta=1
     7                           	dabs	1,0x7E,2
     8  0000                     	;# 
     9  0001                     	;# 
    10  0002                     	;# 
    11  0003                     	;# 
    12  0004                     	;# 
    13  0005                     	;# 
    14  0006                     	;# 
    15  0007                     	;# 
    16  000A                     	;# 
    17  000B                     	;# 
    18  000C                     	;# 
    19  000D                     	;# 
    20  000E                     	;# 
    21  000E                     	;# 
    22  000F                     	;# 
    23  0010                     	;# 
    24  0013                     	;# 
    25  0014                     	;# 
    26  001E                     	;# 
    27  001F                     	;# 
    28  0081                     	;# 
    29  0085                     	;# 
    30  0086                     	;# 
    31  0087                     	;# 
    32  008C                     	;# 
    33  008D                     	;# 
    34  008E                     	;# 
    35  008F                     	;# 
    36  0090                     	;# 
    37  0093                     	;# 
    38  0093                     	;# 
    39  0093                     	;# 
    40  0094                     	;# 
    41  0095                     	;# 
    42  0095                     	;# 
    43  0096                     	;# 
    44  0096                     	;# 
    45  0097                     	;# 
    46  009E                     	;# 
    47  009F                     	;# 
    48  010C                     	;# 
    49  010C                     	;# 
    50  010D                     	;# 
    51  0115                     	;# 
    52  0116                     	;# 
    53  0118                     	;# 
    54  0119                     	;# 
    55  011A                     	;# 
    56  011B                     	;# 
    57  011E                     	;# 
    58  011F                     	;# 
    59  018C                     	;# 
    60  018D                     	;# 
    61  019E                     	;# 
    62  0035                     _RB5	set	53
    63  0036                     _RB6	set	54
    64  0037                     _RB7	set	55
    65  0086                     _TRISB	set	134
    66                           
    67                           	psect	maintext
    68  07C4                     __pmaintext:	
    69                           ; #config settings
    70                           
    71                           
    72 ;;
    73 ;;Main: autosize = 0, tempsize = 3, incstack = 0, save=0
    74 ;;
    75 ;; *************** function _main *****************
    76 ;; Defined at:
    77 ;;		line 8 in file "pictest.c"
    78 ;; Parameters:    Size  Location     Type
    79 ;;		None
    80 ;; Auto vars:     Size  Location     Type
    81 ;;		None
    82 ;; Return value:  Size  Location     Type
    83 ;;		None               void
    84 ;; Registers used:
    85 ;;		wreg, status,2
    86 ;; Tracked objects:
    87 ;;		On entry : 17F/0
    88 ;;		On exit  : 0/0
    89 ;;		Unchanged: 0/0
    90 ;; Data sizes:     COMMON   BANK0   BANK1
    91 ;;      Params:         0       0       0
    92 ;;      Locals:         0       0       0
    93 ;;      Temps:          3       0       0
    94 ;;      Totals:         3       0       0
    95 ;;Total ram usage:        3 bytes
    96 ;; This function calls:
    97 ;;		Nothing
    98 ;; This function is called by:
    99 ;;		Startup code after reset
   100 ;; This function uses a non-reentrant model
   101 ;;
   102  07C4                     _main:	
   103                           
   104                           ;pictest.c: 10: TRISB = 0x00;
   105                           
   106                           ;incstack = 0
   107                           ; Regs used in _main: [wreg+status,2]
   108  07C4  1683               	bsf	3,5	;RP0=1, select bank1
   109  07C5  1303               	bcf	3,6	;RP1=0, select bank1
   110  07C6  0186               	clrf	6	;volatile
   111  07C7                     l475:	
   112                           ;pictest.c: 12: while ( 1 ) {
   113                           
   114                           
   115                           ;pictest.c: 13: RB7 = 0xff;
   116  07C7  1283               	bcf	3,5	;RP0=0, select bank0
   117  07C8  1303               	bcf	3,6	;RP1=0, select bank0
   118  07C9  1786               	bsf	6,7	;volatile
   119                           
   120                           ;pictest.c: 14: RB6 = 0x00;
   121  07CA  1306               	bcf	6,6	;volatile
   122                           
   123                           ;pictest.c: 15: RB5 = 0x00;
   124  07CB  1286               	bcf	6,5	;volatile
   125                           
   126                           ;pictest.c: 16: _delay((unsigned long)((500)*(4000000/4000.0)));
   127  07CC  3003               	movlw	3
   128  07CD  00F2               	movwf	??_main+2
   129  07CE  308A               	movlw	138
   130  07CF  00F1               	movwf	??_main+1
   131  07D0  3056               	movlw	86
   132  07D1  00F0               	movwf	??_main
   133  07D2                     u17:	
   134  07D2  0BF0               	decfsz	??_main,f
   135  07D3  2FD2               	goto	u17
   136  07D4  0BF1               	decfsz	??_main+1,f
   137  07D5  2FD2               	goto	u17
   138  07D6  0BF2               	decfsz	??_main+2,f
   139  07D7  2FD2               	goto	u17
   140  07D8  2FD9               	nop2
   141                           
   142                           ;pictest.c: 17: RB7 = 0x00;
   143  07D9  1283               	bcf	3,5	;RP0=0, select bank0
   144  07DA  1303               	bcf	3,6	;RP1=0, select bank0
   145  07DB  1386               	bcf	6,7	;volatile
   146                           
   147                           ;pictest.c: 18: RB6 = 0xff;
   148  07DC  1706               	bsf	6,6	;volatile
   149                           
   150                           ;pictest.c: 19: RB5 = 0x00;
   151  07DD  1286               	bcf	6,5	;volatile
   152                           
   153                           ;pictest.c: 20: _delay((unsigned long)((500)*(4000000/4000.0)));
   154  07DE  3003               	movlw	3
   155  07DF  00F2               	movwf	??_main+2
   156  07E0  308A               	movlw	138
   157  07E1  00F1               	movwf	??_main+1
   158  07E2  3056               	movlw	86
   159  07E3  00F0               	movwf	??_main
   160  07E4                     u27:	
   161  07E4  0BF0               	decfsz	??_main,f
   162  07E5  2FE4               	goto	u27
   163  07E6  0BF1               	decfsz	??_main+1,f
   164  07E7  2FE4               	goto	u27
   165  07E8  0BF2               	decfsz	??_main+2,f
   166  07E9  2FE4               	goto	u27
   167  07EA  2FEB               	nop2
   168                           
   169                           ;pictest.c: 21: RB7 = 0x00;
   170  07EB  1283               	bcf	3,5	;RP0=0, select bank0
   171  07EC  1303               	bcf	3,6	;RP1=0, select bank0
   172  07ED  1386               	bcf	6,7	;volatile
   173                           
   174                           ;pictest.c: 22: RB6 = 0x00;
   175  07EE  1306               	bcf	6,6	;volatile
   176                           
   177                           ;pictest.c: 23: RB5 = 0xff;
   178  07EF  1686               	bsf	6,5	;volatile
   179                           
   180                           ;pictest.c: 24: _delay((unsigned long)((500)*(4000000/4000.0)));
   181  07F0  3003               	movlw	3
   182  07F1  00F2               	movwf	??_main+2
   183  07F2  308A               	movlw	138
   184  07F3  00F1               	movwf	??_main+1
   185  07F4  3056               	movlw	86
   186  07F5  00F0               	movwf	??_main
   187  07F6                     u37:	
   188  07F6  0BF0               	decfsz	??_main,f
   189  07F7  2FF6               	goto	u37
   190  07F8  0BF1               	decfsz	??_main+1,f
   191  07F9  2FF6               	goto	u37
   192  07FA  0BF2               	decfsz	??_main+2,f
   193  07FB  2FF6               	goto	u37
   194  07FC  2FFD               	nop2
   195  07FD  2FC7               	goto	l475
   196  07FE                     __end_of_main:	
   197  007E                     btemp	set	126	;btemp
   198  007E                     wtemp	set	126
   199  007E                     wtemp0	set	126
   200  0080                     wtemp1	set	128
   201  0082                     wtemp2	set	130
   202  0084                     wtemp3	set	132
   203  0086                     wtemp4	set	134
   204  0088                     wtemp5	set	136
   205  007F                     wtemp6	set	127
   206  007E                     ttemp	set	126
   207  007E                     ttemp0	set	126
   208  0081                     ttemp1	set	129
   209  0084                     ttemp2	set	132
   210  0087                     ttemp3	set	135
   211  007F                     ttemp4	set	127
   212  007E                     ltemp	set	126
   213  007E                     ltemp0	set	126
   214  0082                     ltemp1	set	130
   215  0086                     ltemp2	set	134
   216  0080                     ltemp3	set	128
   217                           
   218                           	psect	cinit
   219  07FE                     start_initialization:	
   220                           ;psect for function _main
   221                           
   222  07FE                     __initialization:	
   223  07FE                     end_of_initialization:	
   224                           ;End of C runtime variable initialization code
   225                           
   226  07FE                     __end_of__initialization:	
   227  07FE  0183               	clrf	3
   228  07FF  2FC4               	ljmp	_main	;jump to C main() function
   229                           
   230                           	psect	cstackCOMMON
   231  0070                     __pcstackCOMMON:	
   232  0070                     ?_main:	
   233  0070                     ??_main:	
   234                           ; 0 bytes @ 0x0
   235                           
   236                           
   237                           ; 0 bytes @ 0x0
   238  0070                     	ds	3


Data Sizes:
    Strings     0
    Constant    0
    Data        0
    BSS         0
    Persistent  0
    Stack       0

Auto Spaces:
    Space          Size  Autos    Used
    COMMON           14      3       3
    BANK0            80      0       0
    BANK1            32      0       0

Pointer List with Targets:

    None.

Critical Paths under _main in COMMON

    None.

Critical Paths under _main in BANK0

    None.

Critical Paths under _main in BANK1

    None.

Call Graph Tables:

 ---------------------------------------------------------------------------------
 (Depth) Function   	        Calls       Base Space   Used Autos Params    Refs
 ---------------------------------------------------------------------------------
 (0) _main                                                 3     3      0       0
                                              0 COMMON     3     3      0
 ---------------------------------------------------------------------------------
 Estimated maximum stack depth 0
 ---------------------------------------------------------------------------------

 Call Graph Graphs:

 _main (ROOT)

 Address spaces:
Name               Size   Autos  Total    Cost      Usage
BITCOMMON            E      0       0       0        0.0%
EEDATA             100      0       0       0        0.0%
NULL                 0      0       0       0        0.0%
CODE                 0      0       0       0        0.0%
COMMON               E      3       3       1       21.4%
BITSFR0              0      0       0       1        0.0%
SFR0                 0      0       0       1        0.0%
BITSFR1              0      0       0       2        0.0%
SFR1                 0      0       0       2        0.0%
STACK                0      0       0       2        0.0%
BITBANK0            50      0       0       3        0.0%
BANK0               50      0       0       4        0.0%
BITSFR3              0      0       0       4        0.0%
SFR3                 0      0       0       4        0.0%
BITBANK1            20      0       0       5        0.0%
BITSFR2              0      0       0       5        0.0%
SFR2                 0      0       0       5        0.0%
BANK1               20      0       0       6        0.0%
ABS                  0      0       0       7        0.0%
DATA                 0      0       0       8        0.0%


Microchip Technology PIC Macro Assembler V1.31 build 56723 
Symbol Table                                                                                   Mon Jun 09 19:30:11 2014

                     u17 07D2                       u27 07E4                       u37 07F6  
                    l475 07C7                      _RB5 0035                      _RB6 0036  
                    _RB7 0037                     _main 07C4                     btemp 007E  
                   ltemp 007E                     start 0000                     ttemp 007E  
                   wtemp 007E                    ?_main 0070                    _TRISB 0086  
                  ltemp0 007E                    ltemp1 0082                    ltemp2 0086  
                  ltemp3 0080                    ttemp0 007E                    ttemp1 0081  
                  ttemp2 0084                    ttemp3 0087                    ttemp4 007F  
                  status 0003                    wtemp0 007E                    wtemp1 0080  
                  wtemp2 0082                    wtemp3 0084                    wtemp4 0086  
                  wtemp5 0088                    wtemp6 007F          __initialization 07FE  
           __end_of_main 07FE                   ??_main 0070  __end_of__initialization 07FE  
         __pcstackCOMMON 0070               __pmaintext 07C4     end_of_initialization 07FE  
    start_initialization 07FE                ___latbits 0000            __size_of_main 003A  
