

Microchip Technology PIC LITE Macro Assembler V1.31 build 56723 
                                                                                               Mon Jun 30 21:35:05 2014

Microchip Technology Omniscient Code Generator (Lite mode) build 56723
     1                           	processor	16F877A
     2                           	opt	pw 120
     3                           	opt	lm
     4                           	psect	maintext,global,class=CODE,split=1,delta=2
     5                           	psect	cinit,global,class=CODE,merge=1,delta=2
     6                           	psect	cstackCOMMON,global,class=COMMON,space=1,delta=1
     7                           	dabs	1,0x7E,2
     8  0000                     	;# 
     9  0001                     	;# 
    10  0002                     	;# 
    11  0003                     	;# 
    12  0004                     	;# 
    13  0005                     	;# 
    14  0006                     	;# 
    15  0007                     	;# 
    16  0008                     	;# 
    17  0009                     	;# 
    18  000A                     	;# 
    19  000B                     	;# 
    20  000C                     	;# 
    21  000D                     	;# 
    22  000E                     	;# 
    23  000E                     	;# 
    24  000F                     	;# 
    25  0010                     	;# 
    26  0011                     	;# 
    27  0012                     	;# 
    28  0013                     	;# 
    29  0014                     	;# 
    30  0015                     	;# 
    31  0015                     	;# 
    32  0016                     	;# 
    33  0017                     	;# 
    34  0018                     	;# 
    35  0019                     	;# 
    36  001A                     	;# 
    37  001B                     	;# 
    38  001B                     	;# 
    39  001C                     	;# 
    40  001D                     	;# 
    41  001E                     	;# 
    42  001F                     	;# 
    43  0081                     	;# 
    44  0085                     	;# 
    45  0086                     	;# 
    46  0087                     	;# 
    47  0088                     	;# 
    48  0089                     	;# 
    49  008C                     	;# 
    50  008D                     	;# 
    51  008E                     	;# 
    52  0091                     	;# 
    53  0092                     	;# 
    54  0093                     	;# 
    55  0094                     	;# 
    56  0098                     	;# 
    57  0099                     	;# 
    58  009C                     	;# 
    59  009D                     	;# 
    60  009E                     	;# 
    61  009F                     	;# 
    62  010C                     	;# 
    63  010D                     	;# 
    64  010E                     	;# 
    65  010F                     	;# 
    66  018C                     	;# 
    67  018D                     	;# 
    68  0006                     _PORTB	set	6
    69  0006                     _PORTBbits	set	6
    70  0007                     _PORTC	set	7
    71  0008                     _PORTD	set	8
    72  0030                     _RB0	set	48
    73  0031                     _RB1	set	49
    74  0032                     _RB2	set	50
    75  0033                     _RB3	set	51
    76  0034                     _RB4	set	52
    77  003F                     _RC7	set	63
    78  0044                     _RD4	set	68
    79  0045                     _RD5	set	69
    80  0046                     _RD6	set	70
    81  0047                     _RD7	set	71
    82  0086                     _TRISB	set	134
    83  0087                     _TRISC	set	135
    84  0088                     _TRISD	set	136
    85                           
    86                           	psect	maintext
    87  06AD                     __pmaintext:	
    88                           ; #config settings
    89                           
    90                           
    91                           ;psect for function _main
    92  0000                     
    93 ;;
    94 ;;Main: autosize = 0, tempsize = 3, incstack = 0, save=0
    95 ;;
    96 ;; *************** function _main *****************
    97 ;; Defined at:
    98 ;;		line 30 in file "newmain.c"
    99 ;; Parameters:    Size  Location     Type
   100 ;;		None
   101 ;; Auto vars:     Size  Location     Type
   102 ;;		None
   103 ;; Return value:  Size  Location     Type
   104 ;;		None               void
   105 ;; Registers used:
   106 ;;		wreg, status,2
   107 ;; Tracked objects:
   108 ;;		On entry : 17F/0
   109 ;;		On exit  : 0/0
   110 ;;		Unchanged: 0/0
   111 ;; Data sizes:     COMMON   BANK0   BANK1   BANK3   BANK2
   112 ;;      Params:         0       0       0       0       0
   113 ;;      Locals:         0       0       0       0       0
   114 ;;      Temps:          3       0       0       0       0
   115 ;;      Totals:         3       0       0       0       0
   116 ;;Total ram usage:        3 bytes
   117 ;; This function calls:
   118 ;;		Nothing
   119 ;; This function is called by:
   120 ;;		Startup code after reset
   121 ;; This function uses a non-reentrant model
   122 ;;
   123  06AD                     _main:	
   124                           
   125                           ;newmain.c: 32: TRISB = 0x00;
   126                           
   127                           ;incstack = 0
   128                           ; Regs used in _main: [wreg+status,2]
   129  06AD  1683               	bsf	3,5	;RP0=1, select bank1
   130  06AE  1303               	bcf	3,6	;RP1=0, select bank1
   131  06AF  0186               	clrf	6	;volatile
   132                           
   133                           ;newmain.c: 33: TRISC=0x00;
   134  06B0  0187               	clrf	7	;volatile
   135                           
   136                           ;newmain.c: 34: TRISD=0x00;
   137  06B1  0188               	clrf	8	;volatile
   138                           
   139                           ;newmain.c: 35: PORTB = 0x00;
   140  06B2  1283               	bcf	3,5	;RP0=0, select bank0
   141  06B3  1303               	bcf	3,6	;RP1=0, select bank0
   142  06B4  0186               	clrf	6	;volatile
   143                           
   144                           ;newmain.c: 36: PORTC=0x00;
   145  06B5  0187               	clrf	7	;volatile
   146                           
   147                           ;newmain.c: 37: PORTD=0x00;
   148  06B6  0188               	clrf	8	;volatile
   149  06B7                     l508:	
   150                           ;newmain.c: 38: while(1){
   151                           
   152                           
   153                           ;newmain.c: 39: RB2=0;
   154  06B7  1106               	bcf	6,2	;volatile
   155                           
   156                           ;newmain.c: 40: RB1=0;
   157  06B8  1086               	bcf	6,1	;volatile
   158                           
   159                           ;newmain.c: 41: RB0=0;
   160  06B9  1006               	bcf	6,0	;volatile
   161                           
   162                           ;newmain.c: 42: RB3=1;
   163  06BA  1586               	bsf	6,3	;volatile
   164                           
   165                           ;newmain.c: 43: RB4=0;
   166  06BB  1206               	bcf	6,4	;volatile
   167                           
   168                           ;newmain.c: 44: _delay((unsigned long)((300)*(20000000/4000.0)));
   169  06BC  3008               	movlw	8
   170  06BD  00F2               	movwf	??_main+2
   171  06BE  309D               	movlw	157
   172  06BF  00F1               	movwf	??_main+1
   173  06C0  300B               	movlw	11
   174  06C1  00F0               	movwf	??_main
   175  06C2                     u17:	
   176  06C2  0BF0               	decfsz	??_main,f
   177  06C3  2EC2               	goto	u17
   178  06C4  0BF1               	decfsz	??_main+1,f
   179  06C5  2EC2               	goto	u17
   180  06C6  0BF2               	decfsz	??_main+2,f
   181  06C7  2EC2               	goto	u17
   182  06C8  2EC9               	nop2
   183                           
   184                           ;newmain.c: 45: RB2=0;
   185  06C9  1283               	bcf	3,5	;RP0=0, select bank0
   186  06CA  1303               	bcf	3,6	;RP1=0, select bank0
   187  06CB  1106               	bcf	6,2	;volatile
   188                           
   189                           ;newmain.c: 46: RB1=0;
   190  06CC  1086               	bcf	6,1	;volatile
   191                           
   192                           ;newmain.c: 47: RB0=1;
   193  06CD  1406               	bsf	6,0	;volatile
   194                           
   195                           ;newmain.c: 48: RB3=1;
   196  06CE  1586               	bsf	6,3	;volatile
   197                           
   198                           ;newmain.c: 49: RB4=0;
   199  06CF  1206               	bcf	6,4	;volatile
   200                           
   201                           ;newmain.c: 50: _delay((unsigned long)((300)*(20000000/4000.0)));
   202  06D0  3008               	movlw	8
   203  06D1  00F2               	movwf	??_main+2
   204  06D2  309D               	movlw	157
   205  06D3  00F1               	movwf	??_main+1
   206  06D4  300B               	movlw	11
   207  06D5  00F0               	movwf	??_main
   208  06D6                     u27:	
   209  06D6  0BF0               	decfsz	??_main,f
   210  06D7  2ED6               	goto	u27
   211  06D8  0BF1               	decfsz	??_main+1,f
   212  06D9  2ED6               	goto	u27
   213  06DA  0BF2               	decfsz	??_main+2,f
   214  06DB  2ED6               	goto	u27
   215  06DC  2EDD               	nop2
   216                           
   217                           ;newmain.c: 51: RB2=0;
   218  06DD  1283               	bcf	3,5	;RP0=0, select bank0
   219  06DE  1303               	bcf	3,6	;RP1=0, select bank0
   220  06DF  1106               	bcf	6,2	;volatile
   221                           
   222                           ;newmain.c: 52: RB1=1;
   223  06E0  1486               	bsf	6,1	;volatile
   224                           
   225                           ;newmain.c: 53: RB0=0;
   226  06E1  1006               	bcf	6,0	;volatile
   227                           
   228                           ;newmain.c: 54: RB3=1;
   229  06E2  1586               	bsf	6,3	;volatile
   230                           
   231                           ;newmain.c: 55: RB4=0;
   232  06E3  1206               	bcf	6,4	;volatile
   233                           
   234                           ;newmain.c: 56: _delay((unsigned long)((300)*(20000000/4000.0)));
   235  06E4  3008               	movlw	8
   236  06E5  00F2               	movwf	??_main+2
   237  06E6  309D               	movlw	157
   238  06E7  00F1               	movwf	??_main+1
   239  06E8  300B               	movlw	11
   240  06E9  00F0               	movwf	??_main
   241  06EA                     u37:	
   242  06EA  0BF0               	decfsz	??_main,f
   243  06EB  2EEA               	goto	u37
   244  06EC  0BF1               	decfsz	??_main+1,f
   245  06ED  2EEA               	goto	u37
   246  06EE  0BF2               	decfsz	??_main+2,f
   247  06EF  2EEA               	goto	u37
   248  06F0  2EF1               	nop2
   249                           
   250                           ;newmain.c: 57: RB2=0;
   251  06F1  1283               	bcf	3,5	;RP0=0, select bank0
   252  06F2  1303               	bcf	3,6	;RP1=0, select bank0
   253  06F3  1106               	bcf	6,2	;volatile
   254                           
   255                           ;newmain.c: 58: RB1=1;
   256  06F4  1486               	bsf	6,1	;volatile
   257                           
   258                           ;newmain.c: 59: RB0=1;
   259  06F5  1406               	bsf	6,0	;volatile
   260                           
   261                           ;newmain.c: 60: RB3=1;
   262  06F6  1586               	bsf	6,3	;volatile
   263                           
   264                           ;newmain.c: 61: RB4=0;
   265  06F7  1206               	bcf	6,4	;volatile
   266                           
   267                           ;newmain.c: 62: _delay((unsigned long)((300)*(20000000/4000.0)));
   268  06F8  3008               	movlw	8
   269  06F9  00F2               	movwf	??_main+2
   270  06FA  309D               	movlw	157
   271  06FB  00F1               	movwf	??_main+1
   272  06FC  300B               	movlw	11
   273  06FD  00F0               	movwf	??_main
   274  06FE                     u47:	
   275  06FE  0BF0               	decfsz	??_main,f
   276  06FF  2EFE               	goto	u47
   277  0700  0BF1               	decfsz	??_main+1,f
   278  0701  2EFE               	goto	u47
   279  0702  0BF2               	decfsz	??_main+2,f
   280  0703  2EFE               	goto	u47
   281  0704  2F05               	nop2
   282                           
   283                           ;newmain.c: 63: RB2=1;
   284  0705  1283               	bcf	3,5	;RP0=0, select bank0
   285  0706  1303               	bcf	3,6	;RP1=0, select bank0
   286  0707  1506               	bsf	6,2	;volatile
   287                           
   288                           ;newmain.c: 64: RB1=0;
   289  0708  1086               	bcf	6,1	;volatile
   290                           
   291                           ;newmain.c: 65: RB0=0;
   292  0709  1006               	bcf	6,0	;volatile
   293                           
   294                           ;newmain.c: 66: RB3=1;
   295  070A  1586               	bsf	6,3	;volatile
   296                           
   297                           ;newmain.c: 67: RB4=0;
   298  070B  1206               	bcf	6,4	;volatile
   299                           
   300                           ;newmain.c: 68: _delay((unsigned long)((300)*(20000000/4000.0)));
   301  070C  3008               	movlw	8
   302  070D  00F2               	movwf	??_main+2
   303  070E  309D               	movlw	157
   304  070F  00F1               	movwf	??_main+1
   305  0710  300B               	movlw	11
   306  0711  00F0               	movwf	??_main
   307  0712                     u57:	
   308  0712  0BF0               	decfsz	??_main,f
   309  0713  2F12               	goto	u57
   310  0714  0BF1               	decfsz	??_main+1,f
   311  0715  2F12               	goto	u57
   312  0716  0BF2               	decfsz	??_main+2,f
   313  0717  2F12               	goto	u57
   314  0718  2F19               	nop2
   315                           
   316                           ;newmain.c: 69: RB2=1;
   317  0719  1283               	bcf	3,5	;RP0=0, select bank0
   318  071A  1303               	bcf	3,6	;RP1=0, select bank0
   319  071B  1506               	bsf	6,2	;volatile
   320                           
   321                           ;newmain.c: 70: RB1=0;
   322  071C  1086               	bcf	6,1	;volatile
   323                           
   324                           ;newmain.c: 71: RB0=1;
   325  071D  1406               	bsf	6,0	;volatile
   326                           
   327                           ;newmain.c: 72: RB3=1;
   328  071E  1586               	bsf	6,3	;volatile
   329                           
   330                           ;newmain.c: 73: RB4=0;
   331  071F  1206               	bcf	6,4	;volatile
   332                           
   333                           ;newmain.c: 74: _delay((unsigned long)((300)*(20000000/4000.0)));
   334  0720  3008               	movlw	8
   335  0721  00F2               	movwf	??_main+2
   336  0722  309D               	movlw	157
   337  0723  00F1               	movwf	??_main+1
   338  0724  300B               	movlw	11
   339  0725  00F0               	movwf	??_main
   340  0726                     u67:	
   341  0726  0BF0               	decfsz	??_main,f
   342  0727  2F26               	goto	u67
   343  0728  0BF1               	decfsz	??_main+1,f
   344  0729  2F26               	goto	u67
   345  072A  0BF2               	decfsz	??_main+2,f
   346  072B  2F26               	goto	u67
   347  072C  2F2D               	nop2
   348                           
   349                           ;newmain.c: 75: RB2=1;
   350  072D  1283               	bcf	3,5	;RP0=0, select bank0
   351  072E  1303               	bcf	3,6	;RP1=0, select bank0
   352  072F  1506               	bsf	6,2	;volatile
   353                           
   354                           ;newmain.c: 76: RB1=1;
   355  0730  1486               	bsf	6,1	;volatile
   356                           
   357                           ;newmain.c: 77: RB0=0;
   358  0731  1006               	bcf	6,0	;volatile
   359                           
   360                           ;newmain.c: 78: RB3=1;
   361  0732  1586               	bsf	6,3	;volatile
   362                           
   363                           ;newmain.c: 79: RB4=0;
   364  0733  1206               	bcf	6,4	;volatile
   365                           
   366                           ;newmain.c: 80: _delay((unsigned long)((300)*(20000000/4000.0)));
   367  0734  3008               	movlw	8
   368  0735  00F2               	movwf	??_main+2
   369  0736  309D               	movlw	157
   370  0737  00F1               	movwf	??_main+1
   371  0738  300B               	movlw	11
   372  0739  00F0               	movwf	??_main
   373  073A                     u77:	
   374  073A  0BF0               	decfsz	??_main,f
   375  073B  2F3A               	goto	u77
   376  073C  0BF1               	decfsz	??_main+1,f
   377  073D  2F3A               	goto	u77
   378  073E  0BF2               	decfsz	??_main+2,f
   379  073F  2F3A               	goto	u77
   380  0740  2F41               	nop2
   381                           
   382                           ;newmain.c: 81: RB2=1;
   383  0741  1283               	bcf	3,5	;RP0=0, select bank0
   384  0742  1303               	bcf	3,6	;RP1=0, select bank0
   385  0743  1506               	bsf	6,2	;volatile
   386                           
   387                           ;newmain.c: 82: RB1=1;
   388  0744  1486               	bsf	6,1	;volatile
   389                           
   390                           ;newmain.c: 83: RB0=1;
   391  0745  1406               	bsf	6,0	;volatile
   392                           
   393                           ;newmain.c: 84: RB3=1;
   394  0746  1586               	bsf	6,3	;volatile
   395                           
   396                           ;newmain.c: 85: RB4=0;
   397  0747  1206               	bcf	6,4	;volatile
   398                           
   399                           ;newmain.c: 86: _delay((unsigned long)((300)*(20000000/4000.0)));
   400  0748  3008               	movlw	8
   401  0749  00F2               	movwf	??_main+2
   402  074A  309D               	movlw	157
   403  074B  00F1               	movwf	??_main+1
   404  074C  300B               	movlw	11
   405  074D  00F0               	movwf	??_main
   406  074E                     u87:	
   407  074E  0BF0               	decfsz	??_main,f
   408  074F  2F4E               	goto	u87
   409  0750  0BF1               	decfsz	??_main+1,f
   410  0751  2F4E               	goto	u87
   411  0752  0BF2               	decfsz	??_main+2,f
   412  0753  2F4E               	goto	u87
   413  0754  2F55               	nop2
   414                           
   415                           ;newmain.c: 87: RB3=0;
   416  0755  1283               	bcf	3,5	;RP0=0, select bank0
   417  0756  1303               	bcf	3,6	;RP1=0, select bank0
   418  0757  1186               	bcf	6,3	;volatile
   419                           
   420                           ;newmain.c: 88: RB4=0;
   421  0758  1206               	bcf	6,4	;volatile
   422                           
   423                           ;newmain.c: 90: RD5=0;
   424  0759  1288               	bcf	8,5	;volatile
   425                           
   426                           ;newmain.c: 91: RD6=0;
   427  075A  1308               	bcf	8,6	;volatile
   428                           
   429                           ;newmain.c: 92: RD7=0;
   430  075B  1388               	bcf	8,7	;volatile
   431                           
   432                           ;newmain.c: 93: RD4=1;
   433  075C  1608               	bsf	8,4	;volatile
   434                           
   435                           ;newmain.c: 94: RC7=0;
   436  075D  1387               	bcf	7,7	;volatile
   437                           
   438                           ;newmain.c: 95: _delay((unsigned long)((300)*(20000000/4000.0)));
   439  075E  3008               	movlw	8
   440  075F  00F2               	movwf	??_main+2
   441  0760  309D               	movlw	157
   442  0761  00F1               	movwf	??_main+1
   443  0762  300B               	movlw	11
   444  0763  00F0               	movwf	??_main
   445  0764                     u97:	
   446  0764  0BF0               	decfsz	??_main,f
   447  0765  2F64               	goto	u97
   448  0766  0BF1               	decfsz	??_main+1,f
   449  0767  2F64               	goto	u97
   450  0768  0BF2               	decfsz	??_main+2,f
   451  0769  2F64               	goto	u97
   452  076A  2F6B               	nop2
   453                           
   454                           ;newmain.c: 96: RD5=0;
   455  076B  1283               	bcf	3,5	;RP0=0, select bank0
   456  076C  1303               	bcf	3,6	;RP1=0, select bank0
   457  076D  1288               	bcf	8,5	;volatile
   458                           
   459                           ;newmain.c: 97: RD6=0;
   460  076E  1308               	bcf	8,6	;volatile
   461                           
   462                           ;newmain.c: 98: RD7=1;
   463  076F  1788               	bsf	8,7	;volatile
   464                           
   465                           ;newmain.c: 99: RD4=1;
   466  0770  1608               	bsf	8,4	;volatile
   467                           
   468                           ;newmain.c: 100: RC7=0;
   469  0771  1387               	bcf	7,7	;volatile
   470                           
   471                           ;newmain.c: 101: _delay((unsigned long)((300)*(20000000/4000.0)));
   472  0772  3008               	movlw	8
   473  0773  00F2               	movwf	??_main+2
   474  0774  309D               	movlw	157
   475  0775  00F1               	movwf	??_main+1
   476  0776  300B               	movlw	11
   477  0777  00F0               	movwf	??_main
   478  0778                     u107:	
   479  0778  0BF0               	decfsz	??_main,f
   480  0779  2F78               	goto	u107
   481  077A  0BF1               	decfsz	??_main+1,f
   482  077B  2F78               	goto	u107
   483  077C  0BF2               	decfsz	??_main+2,f
   484  077D  2F78               	goto	u107
   485  077E  2F7F               	nop2
   486                           
   487                           ;newmain.c: 102: RD5=0;
   488  077F  1283               	bcf	3,5	;RP0=0, select bank0
   489  0780  1303               	bcf	3,6	;RP1=0, select bank0
   490  0781  1288               	bcf	8,5	;volatile
   491                           
   492                           ;newmain.c: 103: RD6=1;
   493  0782  1708               	bsf	8,6	;volatile
   494                           
   495                           ;newmain.c: 104: RD7=0;
   496  0783  1388               	bcf	8,7	;volatile
   497                           
   498                           ;newmain.c: 105: RD4=1;
   499  0784  1608               	bsf	8,4	;volatile
   500                           
   501                           ;newmain.c: 106: RC7=0;
   502  0785  1387               	bcf	7,7	;volatile
   503                           
   504                           ;newmain.c: 107: _delay((unsigned long)((300)*(20000000/4000.0)));
   505  0786  3008               	movlw	8
   506  0787  00F2               	movwf	??_main+2
   507  0788  309D               	movlw	157
   508  0789  00F1               	movwf	??_main+1
   509  078A  300B               	movlw	11
   510  078B  00F0               	movwf	??_main
   511  078C                     u117:	
   512  078C  0BF0               	decfsz	??_main,f
   513  078D  2F8C               	goto	u117
   514  078E  0BF1               	decfsz	??_main+1,f
   515  078F  2F8C               	goto	u117
   516  0790  0BF2               	decfsz	??_main+2,f
   517  0791  2F8C               	goto	u117
   518  0792  2F93               	nop2
   519                           
   520                           ;newmain.c: 108: RD5=0;
   521  0793  1283               	bcf	3,5	;RP0=0, select bank0
   522  0794  1303               	bcf	3,6	;RP1=0, select bank0
   523  0795  1288               	bcf	8,5	;volatile
   524                           
   525                           ;newmain.c: 109: RD6=1;
   526  0796  1708               	bsf	8,6	;volatile
   527                           
   528                           ;newmain.c: 110: RD7=1;
   529  0797  1788               	bsf	8,7	;volatile
   530                           
   531                           ;newmain.c: 111: RD4=1;
   532  0798  1608               	bsf	8,4	;volatile
   533                           
   534                           ;newmain.c: 112: RC7=0;
   535  0799  1387               	bcf	7,7	;volatile
   536                           
   537                           ;newmain.c: 113: _delay((unsigned long)((300)*(20000000/4000.0)));
   538  079A  3008               	movlw	8
   539  079B  00F2               	movwf	??_main+2
   540  079C  309D               	movlw	157
   541  079D  00F1               	movwf	??_main+1
   542  079E  300B               	movlw	11
   543  079F  00F0               	movwf	??_main
   544  07A0                     u127:	
   545  07A0  0BF0               	decfsz	??_main,f
   546  07A1  2FA0               	goto	u127
   547  07A2  0BF1               	decfsz	??_main+1,f
   548  07A3  2FA0               	goto	u127
   549  07A4  0BF2               	decfsz	??_main+2,f
   550  07A5  2FA0               	goto	u127
   551  07A6  2FA7               	nop2
   552                           
   553                           ;newmain.c: 114: RD5=1;
   554  07A7  1283               	bcf	3,5	;RP0=0, select bank0
   555  07A8  1303               	bcf	3,6	;RP1=0, select bank0
   556  07A9  1688               	bsf	8,5	;volatile
   557                           
   558                           ;newmain.c: 115: RD6=0;
   559  07AA  1308               	bcf	8,6	;volatile
   560                           
   561                           ;newmain.c: 116: RD7=0;
   562  07AB  1388               	bcf	8,7	;volatile
   563                           
   564                           ;newmain.c: 117: RD4=1;
   565  07AC  1608               	bsf	8,4	;volatile
   566                           
   567                           ;newmain.c: 118: RC7=0;
   568  07AD  1387               	bcf	7,7	;volatile
   569                           
   570                           ;newmain.c: 119: _delay((unsigned long)((300)*(20000000/4000.0)));
   571  07AE  3008               	movlw	8
   572  07AF  00F2               	movwf	??_main+2
   573  07B0  309D               	movlw	157
   574  07B1  00F1               	movwf	??_main+1
   575  07B2  300B               	movlw	11
   576  07B3  00F0               	movwf	??_main
   577  07B4                     u137:	
   578  07B4  0BF0               	decfsz	??_main,f
   579  07B5  2FB4               	goto	u137
   580  07B6  0BF1               	decfsz	??_main+1,f
   581  07B7  2FB4               	goto	u137
   582  07B8  0BF2               	decfsz	??_main+2,f
   583  07B9  2FB4               	goto	u137
   584  07BA  2FBB               	nop2
   585                           
   586                           ;newmain.c: 120: RD5=1;
   587  07BB  1283               	bcf	3,5	;RP0=0, select bank0
   588  07BC  1303               	bcf	3,6	;RP1=0, select bank0
   589  07BD  1688               	bsf	8,5	;volatile
   590                           
   591                           ;newmain.c: 121: RD6=0;
   592  07BE  1308               	bcf	8,6	;volatile
   593                           
   594                           ;newmain.c: 122: RD7=1;
   595  07BF  1788               	bsf	8,7	;volatile
   596                           
   597                           ;newmain.c: 123: RD4=1;
   598  07C0  1608               	bsf	8,4	;volatile
   599                           
   600                           ;newmain.c: 124: RC7=0;
   601  07C1  1387               	bcf	7,7	;volatile
   602                           
   603                           ;newmain.c: 125: _delay((unsigned long)((300)*(20000000/4000.0)));
   604  07C2  3008               	movlw	8
   605  07C3  00F2               	movwf	??_main+2
   606  07C4  309D               	movlw	157
   607  07C5  00F1               	movwf	??_main+1
   608  07C6  300B               	movlw	11
   609  07C7  00F0               	movwf	??_main
   610  07C8                     u147:	
   611  07C8  0BF0               	decfsz	??_main,f
   612  07C9  2FC8               	goto	u147
   613  07CA  0BF1               	decfsz	??_main+1,f
   614  07CB  2FC8               	goto	u147
   615  07CC  0BF2               	decfsz	??_main+2,f
   616  07CD  2FC8               	goto	u147
   617  07CE  2FCF               	nop2
   618                           
   619                           ;newmain.c: 126: RD5=1;
   620  07CF  1283               	bcf	3,5	;RP0=0, select bank0
   621  07D0  1303               	bcf	3,6	;RP1=0, select bank0
   622  07D1  1688               	bsf	8,5	;volatile
   623                           
   624                           ;newmain.c: 127: RD6=1;
   625  07D2  1708               	bsf	8,6	;volatile
   626                           
   627                           ;newmain.c: 128: RD7=0;
   628  07D3  1388               	bcf	8,7	;volatile
   629                           
   630                           ;newmain.c: 129: RD4=1;
   631  07D4  1608               	bsf	8,4	;volatile
   632                           
   633                           ;newmain.c: 130: RC7=0;
   634  07D5  1387               	bcf	7,7	;volatile
   635                           
   636                           ;newmain.c: 131: _delay((unsigned long)((300)*(20000000/4000.0)));
   637  07D6  3008               	movlw	8
   638  07D7  00F2               	movwf	??_main+2
   639  07D8  309D               	movlw	157
   640  07D9  00F1               	movwf	??_main+1
   641  07DA  300B               	movlw	11
   642  07DB  00F0               	movwf	??_main
   643  07DC                     u157:	
   644  07DC  0BF0               	decfsz	??_main,f
   645  07DD  2FDC               	goto	u157
   646  07DE  0BF1               	decfsz	??_main+1,f
   647  07DF  2FDC               	goto	u157
   648  07E0  0BF2               	decfsz	??_main+2,f
   649  07E1  2FDC               	goto	u157
   650  07E2  2FE3               	nop2
   651                           
   652                           ;newmain.c: 132: RD5=1;
   653  07E3  1283               	bcf	3,5	;RP0=0, select bank0
   654  07E4  1303               	bcf	3,6	;RP1=0, select bank0
   655  07E5  1688               	bsf	8,5	;volatile
   656                           
   657                           ;newmain.c: 133: RD6=1;
   658  07E6  1708               	bsf	8,6	;volatile
   659                           
   660                           ;newmain.c: 134: RD7=1;
   661  07E7  1788               	bsf	8,7	;volatile
   662                           
   663                           ;newmain.c: 135: RD4=1;
   664  07E8  1608               	bsf	8,4	;volatile
   665                           
   666                           ;newmain.c: 136: RC7=0;
   667  07E9  1387               	bcf	7,7	;volatile
   668                           
   669                           ;newmain.c: 137: _delay((unsigned long)((300)*(20000000/4000.0)));
   670  07EA  3008               	movlw	8
   671  07EB  00F2               	movwf	??_main+2
   672  07EC  309D               	movlw	157
   673  07ED  00F1               	movwf	??_main+1
   674  07EE  300B               	movlw	11
   675  07EF  00F0               	movwf	??_main
   676  07F0                     u167:	
   677  07F0  0BF0               	decfsz	??_main,f
   678  07F1  2FF0               	goto	u167
   679  07F2  0BF1               	decfsz	??_main+1,f
   680  07F3  2FF0               	goto	u167
   681  07F4  0BF2               	decfsz	??_main+2,f
   682  07F5  2FF0               	goto	u167
   683  07F6  2FF7               	nop2
   684                           
   685                           ;newmain.c: 138: RD4=0;
   686  07F7  1283               	bcf	3,5	;RP0=0, select bank0
   687  07F8  1303               	bcf	3,6	;RP1=0, select bank0
   688  07F9  1208               	bcf	8,4	;volatile
   689                           
   690                           ;newmain.c: 139: RC7=0;
   691  07FA  1387               	bcf	7,7	;volatile
   692  07FB  2EB7               	goto	l508
   693  07FC                     __end_of_main:	
   694  007E                     btemp	set	126	;btemp
   695  007E                     wtemp	set	126
   696  007E                     wtemp0	set	126
   697  0080                     wtemp1	set	128
   698  0082                     wtemp2	set	130
   699  0084                     wtemp3	set	132
   700  0086                     wtemp4	set	134
   701  0088                     wtemp5	set	136
   702  007F                     wtemp6	set	127
   703  007E                     ttemp	set	126
   704  007E                     ttemp0	set	126
   705  0081                     ttemp1	set	129
   706  0084                     ttemp2	set	132
   707  0087                     ttemp3	set	135
   708  007F                     ttemp4	set	127
   709  007E                     ltemp	set	126
   710  007E                     ltemp0	set	126
   711  0082                     ltemp1	set	130
   712  0086                     ltemp2	set	134
   713  0080                     ltemp3	set	128
   714                           
   715                           	psect	cinit
   716  07FC                     start_initialization:	
   717  07FC                     __initialization:	
   718  07FC                     end_of_initialization:	
   719                           ;End of C runtime variable initialization code
   720                           
   721  07FC                     __end_of__initialization:	
   722  07FC  0183               	clrf	3
   723  07FD  120A  118A  2EAD   	ljmp	_main	;jump to C main() function
   724                           
   725                           	psect	cstackCOMMON
   726  0070                     __pcstackCOMMON:	
   727  0070                     ?_main:	
   728  0070                     ??_main:	
   729                           ; 0 bytes @ 0x0
   730                           
   731                           
   732                           ; 0 bytes @ 0x0
   733  0070                     	ds	3


Data Sizes:
    Strings     0
    Constant    0
    Data        0
    BSS         0
    Persistent  0
    Stack       0

Auto Spaces:
    Space          Size  Autos    Used
    COMMON           14      3       3
    BANK0            80      0       0
    BANK1            80      0       0
    BANK3            96      0       0
    BANK2            96      0       0

Pointer List with Targets:

    None.

Critical Paths under _main in COMMON

    None.

Critical Paths under _main in BANK0

    None.

Critical Paths under _main in BANK1

    None.

Critical Paths under _main in BANK3

    None.

Critical Paths under _main in BANK2

    None.

Call Graph Tables:

 ---------------------------------------------------------------------------------
 (Depth) Function   	        Calls       Base Space   Used Autos Params    Refs
 ---------------------------------------------------------------------------------
 (0) _main                                                 3     3      0       0
                                              0 COMMON     3     3      0
 ---------------------------------------------------------------------------------
 Estimated maximum stack depth 0
 ---------------------------------------------------------------------------------

 Call Graph Graphs:

 _main (ROOT)

 Address spaces:
Name               Size   Autos  Total    Cost      Usage
BITCOMMON            E      0       0       0        0.0%
EEDATA             100      0       0       0        0.0%
NULL                 0      0       0       0        0.0%
CODE                 0      0       0       0        0.0%
COMMON               E      3       3       1       21.4%
BITSFR0              0      0       0       1        0.0%
SFR0                 0      0       0       1        0.0%
BITSFR1              0      0       0       2        0.0%
SFR1                 0      0       0       2        0.0%
STACK                0      0       0       2        0.0%
ABS                  0      0       0       3        0.0%
BITBANK0            50      0       0       4        0.0%
BITSFR3              0      0       0       4        0.0%
SFR3                 0      0       0       4        0.0%
BANK0               50      0       0       5        0.0%
BITSFR2              0      0       0       5        0.0%
SFR2                 0      0       0       5        0.0%
BITBANK1            50      0       0       6        0.0%
BANK1               50      0       0       7        0.0%
BITBANK3            60      0       0       8        0.0%
BANK3               60      0       0       9        0.0%
BITBANK2            60      0       0      10        0.0%
BANK2               60      0       0      11        0.0%
DATA                 0      0       0      12        0.0%


Microchip Technology PIC Macro Assembler V1.31 build 56723 
Symbol Table                                                                                   Mon Jun 30 21:35:05 2014

            __CFG_CP$OFF 0000                       u17 06C2                       u27 06D6  
                     u37 06EA                       u47 06FE                       u57 0712  
                     u67 0726                       u77 073A                       u87 074E  
                     u97 0764                      l508 06B7                      _RB0 0030  
                    _RB1 0031                      _RB2 0032                      _RB3 0033  
                    _RB4 0034                      _RD4 0044                      _RD5 0045  
                    _RC7 003F                      _RD6 0046                      _RD7 0047  
                    u107 0778                      u117 078C                      u127 07A0  
                    u137 07B4                      u147 07C8                      u157 07DC  
                    u167 07F0             __CFG_CPD$OFF 0000             __CFG_FOSC$HS 0000  
           __CFG_LVP$OFF 0000             __CFG_WRT$OFF 0000                     _main 06AD  
                   btemp 007E                     ltemp 007E                     start 0000  
                   ttemp 007E                     wtemp 007E                    ?_main 0070  
          __CFG_WDTE$OFF 0000           __CFG_DEBUG$OFF 0000                    _PORTB 0006  
                  _PORTC 0007                    _PORTD 0008                    _TRISB 0086  
                  _TRISC 0087                    _TRISD 0088            __CFG_PWRTE$ON 0000  
         __CFG_BOREN$OFF 0000                    ltemp0 007E                    ltemp1 0082  
                  ltemp2 0086                    ltemp3 0080                    ttemp0 007E  
                  ttemp1 0081                    ttemp2 0084                    ttemp3 0087  
                  ttemp4 007F                    status 0003                    wtemp0 007E  
                  wtemp1 0080                    wtemp2 0082                    wtemp3 0084  
                  wtemp4 0086                    wtemp5 0088                    wtemp6 007F  
        __initialization 07FC             __end_of_main 07FC                   ??_main 0070  
__end_of__initialization 07FC           __pcstackCOMMON 0070               __pmaintext 06AD  
   end_of_initialization 07FC                _PORTBbits 0006      start_initialization 07FC  
              ___latbits 0002            __size_of_main 014F  
