

Microchip Technology PIC LITE Macro Assembler V1.31 build 56723 
                                                                                               Mon Jul 14 14:58:58 2014

Microchip Technology Omniscient Code Generator (Lite mode) build 56723
     1                           	processor	16F877
     2                           	opt	pw 120
     3                           	opt	lm
     4                           	psect	text0,local,class=CODE,merge=1,delta=2
     5                           	psect	cinit,global,class=CODE,merge=1,delta=2
     6                           	psect	bssCOMMON,global,class=COMMON,space=1,delta=1
     7                           	psect	cstackCOMMON,global,class=COMMON,space=1,delta=1
     8                           	psect	maintext,global,class=CODE,split=1,delta=2
     9                           	psect	text1,local,class=CODE,merge=1,delta=2
    10                           	psect	text2,local,class=CODE,merge=1,delta=2
    11                           	psect	text3,local,class=CODE,merge=1,delta=2
    12                           	psect	text4,local,class=CODE,merge=1,delta=2
    13                           	psect	text5,local,class=CODE,merge=1,delta=2
    14                           	psect	intentry,global,class=CODE,delta=2
    15                           	dabs	1,0x7E,2
    16  0000                     	;# 
    17  0001                     	;# 
    18  0002                     	;# 
    19  0003                     	;# 
    20  0004                     	;# 
    21  0005                     	;# 
    22  0006                     	;# 
    23  0007                     	;# 
    24  0008                     	;# 
    25  0009                     	;# 
    26  000A                     	;# 
    27  000B                     	;# 
    28  000C                     	;# 
    29  000D                     	;# 
    30  000E                     	;# 
    31  000E                     	;# 
    32  000F                     	;# 
    33  0010                     	;# 
    34  0011                     	;# 
    35  0012                     	;# 
    36  0013                     	;# 
    37  0014                     	;# 
    38  0015                     	;# 
    39  0015                     	;# 
    40  0016                     	;# 
    41  0017                     	;# 
    42  0018                     	;# 
    43  0019                     	;# 
    44  001A                     	;# 
    45  001B                     	;# 
    46  001B                     	;# 
    47  001C                     	;# 
    48  001D                     	;# 
    49  001E                     	;# 
    50  001F                     	;# 
    51  0081                     	;# 
    52  0085                     	;# 
    53  0086                     	;# 
    54  0087                     	;# 
    55  0088                     	;# 
    56  0089                     	;# 
    57  008C                     	;# 
    58  008D                     	;# 
    59  008E                     	;# 
    60  0091                     	;# 
    61  0092                     	;# 
    62  0093                     	;# 
    63  0094                     	;# 
    64  0098                     	;# 
    65  0099                     	;# 
    66  009E                     	;# 
    67  009F                     	;# 
    68  010C                     	;# 
    69  010D                     	;# 
    70  010E                     	;# 
    71  010F                     	;# 
    72  018C                     	;# 
    73  018D                     	;# 
    74  0007                     _PORTC	set	7
    75  0008                     _PORTD	set	8
    76  005F                     _GIE	set	95
    77  005C                     _INTE	set	92
    78  0059                     _INTF	set	89
    79  0086                     _TRISB	set	134
    80  0087                     _TRISC	set	135
    81  0088                     _TRISD	set	136
    82  040E                     _INTEDG	set	1038
    83                           
    84                           	psect	text0
    85  0000                     __ptext0:	
    86                           ; #config settings
    87                           
    88                           
    89                           ;psect for function _count_up
    90  0000                     
    91                           	psect	cinit
    92  0015                     start_initialization:	
    93  0015                     __initialization:	
    94                           
    95                           ; Clear objects allocated to COMMON
    96  0015  01F6               	clrf	__pbssCOMMON& (0+127)
    97  0016  01F7               	clrf	(__pbssCOMMON+1)& (0+127)
    98  0017                     end_of_initialization:	
    99                           ;End of C runtime variable initialization code
   100                           
   101  0017                     __end_of__initialization:	
   102  0017  0183               	clrf	3
   103  0018  120A  118A  2A61   	ljmp	_main	;jump to C main() function
   104                           
   105                           	psect	bssCOMMON
   106  0076                     __pbssCOMMON:	
   107  0076                     _counter:	
   108  0076                     	ds	2
   109                           
   110                           	psect	cstackCOMMON
   111  0070                     __pcstackCOMMON:	
   112  0070                     ?_main:	
   113  0070                     ?_count_up:	
   114                           ; 0 bytes @ 0x0
   115                           
   116  0070                     ??_count_up:	
   117                           ; 0 bytes @ 0x0
   118                           
   119  0070                     ?_dynamic1:	
   120                           ; 0 bytes @ 0x0
   121                           
   122  0070                     ?_dynamic2:	
   123                           ; 2 bytes @ 0x0
   124                           
   125  0070                     ?_dynamic3:	
   126                           ; 2 bytes @ 0x0
   127                           
   128  0070                     ?_dynamic4:	
   129                           ; 2 bytes @ 0x0
   130                           
   131                           
   132                           ; 2 bytes @ 0x0
   133  0070                     	ds	4
   134  0074                     ??_dynamic1:	
   135  0074                     ??_dynamic2:	
   136                           ; 0 bytes @ 0x4
   137                           
   138  0074                     ??_dynamic3:	
   139                           ; 0 bytes @ 0x4
   140                           
   141  0074                     ??_dynamic4:	
   142                           ; 0 bytes @ 0x4
   143                           
   144                           
   145                           ; 0 bytes @ 0x4
   146  0074                     	ds	2
   147  0076                     ??_main:	
   148                           
   149                           	psect	maintext
   150  0261                     __pmaintext:	
   151                           ; 0 bytes @ 0x6
   152 ;;
   153 ;;Main: autosize = 0, tempsize = 0, incstack = 0, save=0
   154 ;;
   155 ;; *************** function _main *****************
   156 ;; Defined at:
   157 ;;		line 38 in file "dotmatrix8.c"
   158 ;; Parameters:    Size  Location     Type
   159 ;;		None
   160 ;; Auto vars:     Size  Location     Type
   161 ;;		None
   162 ;; Return value:  Size  Location     Type
   163 ;;		None               void
   164 ;; Registers used:
   165 ;;		wreg, fsr0l, fsr0h, status,2, status,0, pclath, cstack
   166 ;; Tracked objects:
   167 ;;		On entry : 17F/0
   168 ;;		On exit  : 0/0
   169 ;;		Unchanged: 0/0
   170 ;; Data sizes:     COMMON   BANK0   BANK1   BANK3   BANK2
   171 ;;      Params:         0       0       0       0       0
   172 ;;      Locals:         0       0       0       0       0
   173 ;;      Temps:          0       0       0       0       0
   174 ;;      Totals:         0       0       0       0       0
   175 ;;Total ram usage:        0 bytes
   176 ;; Hardware stack levels required when called:    2
   177 ;; This function calls:
   178 ;;		_dynamic1
   179 ;;		_dynamic2
   180 ;;		_dynamic3
   181 ;;		_dynamic4
   182 ;; This function is called by:
   183 ;;		Startup code after reset
   184 ;; This function uses a non-reentrant model
   185 ;;
   186                           
   187                           
   188                           ;psect for function _main
   189  0261                     _main:	
   190                           
   191                           ;dotmatrix8.c: 40: TRISB = 0b00000001;
   192                           
   193                           ;incstack = 0
   194                           ; Regs used in _main: [wreg-fsr0h+status,2+status,0+pclath+cstack]
   195  0261  3001               	movlw	1
   196  0262  1683               	bsf	3,5	;RP0=1, select bank1
   197  0263  1303               	bcf	3,6	;RP1=0, select bank1
   198  0264  0086               	movwf	6	;volatile
   199                           
   200                           ;dotmatrix8.c: 41: TRISC = 0x00;
   201  0265  0187               	clrf	7	;volatile
   202                           
   203                           ;dotmatrix8.c: 42: TRISD = 0x00;
   204  0266  0188               	clrf	8	;volatile
   205                           
   206                           ;dotmatrix8.c: 45: PORTC = 0x00;
   207  0267  1283               	bcf	3,5	;RP0=0, select bank0
   208  0268  1303               	bcf	3,6	;RP1=0, select bank0
   209  0269  0187               	clrf	7	;volatile
   210                           
   211                           ;dotmatrix8.c: 46: PORTD = 0x00;
   212  026A  0188               	clrf	8	;volatile
   213                           
   214                           ;dotmatrix8.c: 47: INTEDG = 1;
   215  026B  1683               	bsf	3,5	;RP0=1, select bank1
   216  026C  1303               	bcf	3,6	;RP1=0, select bank1
   217  026D  1701               	bsf	1,6	;volatile
   218                           
   219                           ;dotmatrix8.c: 48: INTF = 0;
   220  026E  108B               	bcf	11,1	;volatile
   221                           
   222                           ;dotmatrix8.c: 49: INTE = 1;
   223  026F  160B               	bsf	11,4	;volatile
   224                           
   225                           ;dotmatrix8.c: 50: GIE = 1;
   226  0270  178B               	bsf	11,7	;volatile
   227  0271                     l672:	
   228                           ;dotmatrix8.c: 52: while(1){
   229                           
   230                           
   231                           ;dotmatrix8.c: 53: dynamic1();
   232  0271  120A  118A  21D0   	fcall	_dynamic1
      +       120A  118A         
   233                           
   234                           ;dotmatrix8.c: 54: PORTC=0x00;
   235  0276  1283               	bcf	3,5	;RP0=0, select bank0
   236  0277  1303               	bcf	3,6	;RP1=0, select bank0
   237  0278  0187               	clrf	7	;volatile
   238                           
   239                           ;dotmatrix8.c: 55: dynamic2();
   240  0279  120A  118A  213F   	fcall	_dynamic2
      +       120A  118A         
   241                           
   242                           ;dotmatrix8.c: 56: PORTC=0x00;
   243  027E  1283               	bcf	3,5	;RP0=0, select bank0
   244  027F  1303               	bcf	3,6	;RP1=0, select bank0
   245  0280  0187               	clrf	7	;volatile
   246                           
   247                           ;dotmatrix8.c: 57: dynamic3();
   248  0281  120A  118A  20AE   	fcall	_dynamic3
      +       120A  118A         
   249                           
   250                           ;dotmatrix8.c: 58: PORTD=0x00;
   251  0286  1283               	bcf	3,5	;RP0=0, select bank0
   252  0287  1303               	bcf	3,6	;RP1=0, select bank0
   253  0288  0188               	clrf	8	;volatile
   254                           
   255                           ;dotmatrix8.c: 59: dynamic4();
   256  0289  120A  118A  201B   	fcall	_dynamic4
      +       120A  118A         
   257                           
   258                           ;dotmatrix8.c: 60: PORTD=0x00;
   259  028E  1283               	bcf	3,5	;RP0=0, select bank0
   260  028F  1303               	bcf	3,6	;RP1=0, select bank0
   261  0290  0188               	clrf	8	;volatile
   262  0291  2A71               	goto	l672
   263  0292                     __end_of_main:	
   264                           
   265                           	psect	text1
   266  001B                     __ptext1:	
   267 ;; *************** function _dynamic4 *****************
   268 ;; Defined at:
   269 ;;		line 151 in file "dotmatrix8.c"
   270 ;; Parameters:    Size  Location     Type
   271 ;;		None
   272 ;; Auto vars:     Size  Location     Type
   273 ;;		None
   274 ;; Return value:  Size  Location     Type
   275 ;;                  2   26[COMMON] int 
   276 ;; Registers used:
   277 ;;		wreg, fsr0l, fsr0h, status,2, status,0
   278 ;; Tracked objects:
   279 ;;		On entry : 0/0
   280 ;;		On exit  : 0/0
   281 ;;		Unchanged: 0/0
   282 ;; Data sizes:     COMMON   BANK0   BANK1   BANK3   BANK2
   283 ;;      Params:         0       0       0       0       0
   284 ;;      Locals:         0       0       0       0       0
   285 ;;      Temps:          2       0       0       0       0
   286 ;;      Totals:         2       0       0       0       0
   287 ;;Total ram usage:        2 bytes
   288 ;; Hardware stack levels used:    1
   289 ;; Hardware stack levels required when called:    1
   290 ;; This function calls:
   291 ;;		Nothing
   292 ;; This function is called by:
   293 ;;		_main
   294 ;; This function uses a non-reentrant model
   295 ;;
   296                           
   297                           
   298                           ;psect for function _dynamic4
   299  001B                     _dynamic4:	
   300                           
   301                           ;dotmatrix8.c: 152: switch(counter){
   302                           
   303                           ;incstack = 0
   304                           ; Regs used in _dynamic4: [wreg-fsr0h+status,2+status,0]
   305  001B  288E               	goto	l648
   306  001C                     l628:	
   307                           ;dotmatrix8.c: 153: case 25:PORTD=0b00010000;
   308                           
   309  001C  3010               	movlw	16
   310  001D  1283               	bcf	3,5	;RP0=0, select bank0
   311  001E  1303               	bcf	3,6	;RP1=0, select bank0
   312  001F  0088               	movwf	8	;volatile
   313                           
   314                           ;dotmatrix8.c: 154: _delay((unsigned long)((800)*(20000000/4000000.0)));
   315  0020  3006               	movlw	6
   316  0021  00F5               	movwf	??_dynamic4+1
   317  0022  3030               	movlw	48
   318  0023  00F4               	movwf	??_dynamic4
   319  0024                     u17:	
   320  0024  0BF4               	decfsz	??_dynamic4,f
   321  0025  2824               	goto	u17
   322  0026  0BF5               	decfsz	??_dynamic4+1,f
   323  0027  2824               	goto	u17
   324  0028  0000               	nop
   325                           
   326                           ;dotmatrix8.c: 155: break;
   327  0029  0008               	return
   328  002A                     l630:	
   329                           ;dotmatrix8.c: 156: case 26:PORTD=0b00110000;
   330                           
   331  002A  3030               	movlw	48
   332  002B  1283               	bcf	3,5	;RP0=0, select bank0
   333  002C  1303               	bcf	3,6	;RP1=0, select bank0
   334  002D  0088               	movwf	8	;volatile
   335                           
   336                           ;dotmatrix8.c: 157: _delay((unsigned long)((800)*(20000000/4000000.0)));
   337  002E  3006               	movlw	6
   338  002F  00F5               	movwf	??_dynamic4+1
   339  0030  3030               	movlw	48
   340  0031  00F4               	movwf	??_dynamic4
   341  0032                     u27:	
   342  0032  0BF4               	decfsz	??_dynamic4,f
   343  0033  2832               	goto	u27
   344  0034  0BF5               	decfsz	??_dynamic4+1,f
   345  0035  2832               	goto	u27
   346  0036  0000               	nop
   347                           
   348                           ;dotmatrix8.c: 158: break;
   349  0037  0008               	return
   350  0038                     l632:	
   351                           ;dotmatrix8.c: 159: case 27:PORTD=0b01010000;
   352                           
   353  0038  3050               	movlw	80
   354  0039  1283               	bcf	3,5	;RP0=0, select bank0
   355  003A  1303               	bcf	3,6	;RP1=0, select bank0
   356  003B  0088               	movwf	8	;volatile
   357                           
   358                           ;dotmatrix8.c: 160: _delay((unsigned long)((800)*(20000000/4000000.0)));
   359  003C  3006               	movlw	6
   360  003D  00F5               	movwf	??_dynamic4+1
   361  003E  3030               	movlw	48
   362  003F  00F4               	movwf	??_dynamic4
   363  0040                     u37:	
   364  0040  0BF4               	decfsz	??_dynamic4,f
   365  0041  2840               	goto	u37
   366  0042  0BF5               	decfsz	??_dynamic4+1,f
   367  0043  2840               	goto	u37
   368  0044  0000               	nop
   369                           
   370                           ;dotmatrix8.c: 161: break;
   371  0045  0008               	return
   372  0046                     l634:	
   373                           ;dotmatrix8.c: 162: case 28:PORTD=0b01110000;
   374                           
   375  0046  3070               	movlw	112
   376  0047  1283               	bcf	3,5	;RP0=0, select bank0
   377  0048  1303               	bcf	3,6	;RP1=0, select bank0
   378  0049  0088               	movwf	8	;volatile
   379                           
   380                           ;dotmatrix8.c: 163: _delay((unsigned long)((800)*(20000000/4000000.0)));
   381  004A  3006               	movlw	6
   382  004B  00F5               	movwf	??_dynamic4+1
   383  004C  3030               	movlw	48
   384  004D  00F4               	movwf	??_dynamic4
   385  004E                     u47:	
   386  004E  0BF4               	decfsz	??_dynamic4,f
   387  004F  284E               	goto	u47
   388  0050  0BF5               	decfsz	??_dynamic4+1,f
   389  0051  284E               	goto	u47
   390  0052  0000               	nop
   391                           
   392                           ;dotmatrix8.c: 164: break;
   393  0053  0008               	return
   394  0054                     l636:	
   395                           ;dotmatrix8.c: 165: case 29:PORTD=0b10010000;
   396                           
   397  0054  3090               	movlw	144
   398  0055  1283               	bcf	3,5	;RP0=0, select bank0
   399  0056  1303               	bcf	3,6	;RP1=0, select bank0
   400  0057  0088               	movwf	8	;volatile
   401                           
   402                           ;dotmatrix8.c: 166: _delay((unsigned long)((800)*(20000000/4000000.0)));
   403  0058  3006               	movlw	6
   404  0059  00F5               	movwf	??_dynamic4+1
   405  005A  3030               	movlw	48
   406  005B  00F4               	movwf	??_dynamic4
   407  005C                     u57:	
   408  005C  0BF4               	decfsz	??_dynamic4,f
   409  005D  285C               	goto	u57
   410  005E  0BF5               	decfsz	??_dynamic4+1,f
   411  005F  285C               	goto	u57
   412  0060  0000               	nop
   413                           
   414                           ;dotmatrix8.c: 167: break;
   415  0061  0008               	return
   416  0062                     l638:	
   417                           ;dotmatrix8.c: 168: case 30:PORTD=0b10110000;
   418                           
   419  0062  30B0               	movlw	176
   420  0063  1283               	bcf	3,5	;RP0=0, select bank0
   421  0064  1303               	bcf	3,6	;RP1=0, select bank0
   422  0065  0088               	movwf	8	;volatile
   423                           
   424                           ;dotmatrix8.c: 169: _delay((unsigned long)((800)*(20000000/4000000.0)));
   425  0066  3006               	movlw	6
   426  0067  00F5               	movwf	??_dynamic4+1
   427  0068  3030               	movlw	48
   428  0069  00F4               	movwf	??_dynamic4
   429  006A                     u67:	
   430  006A  0BF4               	decfsz	??_dynamic4,f
   431  006B  286A               	goto	u67
   432  006C  0BF5               	decfsz	??_dynamic4+1,f
   433  006D  286A               	goto	u67
   434  006E  0000               	nop
   435                           
   436                           ;dotmatrix8.c: 170: break;
   437  006F  0008               	return
   438  0070                     l640:	
   439                           ;dotmatrix8.c: 171: case 31:PORTD=0b11010000;
   440                           
   441  0070  30D0               	movlw	208
   442  0071  1283               	bcf	3,5	;RP0=0, select bank0
   443  0072  1303               	bcf	3,6	;RP1=0, select bank0
   444  0073  0088               	movwf	8	;volatile
   445                           
   446                           ;dotmatrix8.c: 172: _delay((unsigned long)((800)*(20000000/4000000.0)));
   447  0074  3006               	movlw	6
   448  0075  00F5               	movwf	??_dynamic4+1
   449  0076  3030               	movlw	48
   450  0077  00F4               	movwf	??_dynamic4
   451  0078                     u77:	
   452  0078  0BF4               	decfsz	??_dynamic4,f
   453  0079  2878               	goto	u77
   454  007A  0BF5               	decfsz	??_dynamic4+1,f
   455  007B  2878               	goto	u77
   456  007C  0000               	nop
   457                           
   458                           ;dotmatrix8.c: 173: break;
   459  007D  0008               	return
   460  007E                     l642:	
   461                           ;dotmatrix8.c: 174: case 32:PORTD=0b11110000;
   462                           
   463  007E  30F0               	movlw	240
   464  007F  1283               	bcf	3,5	;RP0=0, select bank0
   465  0080  1303               	bcf	3,6	;RP1=0, select bank0
   466  0081  0088               	movwf	8	;volatile
   467                           
   468                           ;dotmatrix8.c: 175: _delay((unsigned long)((800)*(20000000/4000000.0)));
   469  0082  3006               	movlw	6
   470  0083  00F5               	movwf	??_dynamic4+1
   471  0084  3030               	movlw	48
   472  0085  00F4               	movwf	??_dynamic4
   473  0086                     u87:	
   474  0086  0BF4               	decfsz	??_dynamic4,f
   475  0087  2886               	goto	u87
   476  0088  0BF5               	decfsz	??_dynamic4+1,f
   477  0089  2886               	goto	u87
   478  008A  0000               	nop
   479                           
   480                           ;dotmatrix8.c: 176: counter=0;
   481  008B  01F6               	clrf	_counter
   482  008C  01F7               	clrf	_counter+1
   483                           
   484                           ;dotmatrix8.c: 178: }
   485                           
   486                           ;dotmatrix8.c: 177: break;
   487  008D  0008               	return
   488  008E                     l648:	
   489                           
   490                           ; Switch on 2 bytes has been partitioned into a top level switch of size 1, and 1 sub-sw
      +                          itches
   491                           ; Switch size 1, requested type "space"
   492                           ; Number of cases is 1, Range of values is 0 to 0
   493                           ; switch strategies available:
   494                           ; Name         Instructions Cycles
   495                           ; simple_byte            4     3 (average)
   496                           ; direct_byte           11     8 (fixed)
   497                           ; jumptable            260     6 (fixed)
   498                           ;	Chosen strategy is simple_byte
   499  008E  0877               	movf	_counter+1,w
   500  008F  3A00               	xorlw	0	; case 0
   501  0090  1903               	skipnz
   502  0091  2893               	goto	l772
   503  0092  28AD               	goto	l91
   504  0093                     l772:	
   505                           
   506                           ; Switch size 1, requested type "space"
   507                           ; Number of cases is 8, Range of values is 25 to 32
   508                           ; switch strategies available:
   509                           ; Name         Instructions Cycles
   510                           ; simple_byte           25    13 (average)
   511                           ; direct_byte           35    11 (fixed)
   512                           ; jumptable            263     9 (fixed)
   513                           ;	Chosen strategy is simple_byte
   514  0093  0876               	movf	_counter,w
   515  0094  3A19               	xorlw	25	; case 25
   516  0095  1903               	skipnz
   517  0096  281C               	goto	l628
   518  0097  3A03               	xorlw	3	; case 26
   519  0098  1903               	skipnz
   520  0099  282A               	goto	l630
   521  009A  3A01               	xorlw	1	; case 27
   522  009B  1903               	skipnz
   523  009C  2838               	goto	l632
   524  009D  3A07               	xorlw	7	; case 28
   525  009E  1903               	skipnz
   526  009F  2846               	goto	l634
   527  00A0  3A01               	xorlw	1	; case 29
   528  00A1  1903               	skipnz
   529  00A2  2854               	goto	l636
   530  00A3  3A03               	xorlw	3	; case 30
   531  00A4  1903               	skipnz
   532  00A5  2862               	goto	l638
   533  00A6  3A01               	xorlw	1	; case 31
   534  00A7  1903               	skipnz
   535  00A8  2870               	goto	l640
   536  00A9  3A3F               	xorlw	63	; case 32
   537  00AA  1903               	skipnz
   538  00AB  287E               	goto	l642
   539  00AC  28AD               	goto	l91
   540  00AD                     l91:	
   541  00AD  0008               	return
   542  00AE                     __end_of_dynamic4:	
   543                           
   544                           	psect	text2
   545  00AE                     __ptext2:	
   546 ;; *************** function _dynamic3 *****************
   547 ;; Defined at:
   548 ;;		line 123 in file "dotmatrix8.c"
   549 ;; Parameters:    Size  Location     Type
   550 ;;		None
   551 ;; Auto vars:     Size  Location     Type
   552 ;;		None
   553 ;; Return value:  Size  Location     Type
   554 ;;                  2   24[COMMON] int 
   555 ;; Registers used:
   556 ;;		wreg, fsr0l, fsr0h, status,2, status,0
   557 ;; Tracked objects:
   558 ;;		On entry : 0/0
   559 ;;		On exit  : 0/0
   560 ;;		Unchanged: 0/0
   561 ;; Data sizes:     COMMON   BANK0   BANK1   BANK3   BANK2
   562 ;;      Params:         0       0       0       0       0
   563 ;;      Locals:         0       0       0       0       0
   564 ;;      Temps:          2       0       0       0       0
   565 ;;      Totals:         2       0       0       0       0
   566 ;;Total ram usage:        2 bytes
   567 ;; Hardware stack levels used:    1
   568 ;; Hardware stack levels required when called:    1
   569 ;; This function calls:
   570 ;;		Nothing
   571 ;; This function is called by:
   572 ;;		_main
   573 ;; This function uses a non-reentrant model
   574 ;;
   575                           
   576                           
   577                           ;psect for function _dynamic3
   578  00AE                     _dynamic3:	
   579                           
   580                           ;dotmatrix8.c: 124: switch(counter){
   581                           
   582                           ;incstack = 0
   583                           ; Regs used in _dynamic3: [wreg-fsr0h+status,2+status,0]
   584  00AE  291F               	goto	l620
   585  00AF                     l602:	
   586                           ;dotmatrix8.c: 125: case 17:PORTD=0b00000001;
   587                           
   588  00AF  3001               	movlw	1
   589  00B0  1283               	bcf	3,5	;RP0=0, select bank0
   590  00B1  1303               	bcf	3,6	;RP1=0, select bank0
   591  00B2  0088               	movwf	8	;volatile
   592                           
   593                           ;dotmatrix8.c: 126: _delay((unsigned long)((800)*(20000000/4000000.0)));
   594  00B3  3006               	movlw	6
   595  00B4  00F5               	movwf	??_dynamic3+1
   596  00B5  3030               	movlw	48
   597  00B6  00F4               	movwf	??_dynamic3
   598  00B7                     u97:	
   599  00B7  0BF4               	decfsz	??_dynamic3,f
   600  00B8  28B7               	goto	u97
   601  00B9  0BF5               	decfsz	??_dynamic3+1,f
   602  00BA  28B7               	goto	u97
   603  00BB  0000               	nop
   604                           
   605                           ;dotmatrix8.c: 127: break;
   606  00BC  0008               	return
   607  00BD                     l604:	
   608                           ;dotmatrix8.c: 128: case 18:PORTD=0b00000011;
   609                           
   610  00BD  3003               	movlw	3
   611  00BE  1283               	bcf	3,5	;RP0=0, select bank0
   612  00BF  1303               	bcf	3,6	;RP1=0, select bank0
   613  00C0  0088               	movwf	8	;volatile
   614                           
   615                           ;dotmatrix8.c: 129: _delay((unsigned long)((800)*(20000000/4000000.0)));
   616  00C1  3006               	movlw	6
   617  00C2  00F5               	movwf	??_dynamic3+1
   618  00C3  3030               	movlw	48
   619  00C4  00F4               	movwf	??_dynamic3
   620  00C5                     u107:	
   621  00C5  0BF4               	decfsz	??_dynamic3,f
   622  00C6  28C5               	goto	u107
   623  00C7  0BF5               	decfsz	??_dynamic3+1,f
   624  00C8  28C5               	goto	u107
   625  00C9  0000               	nop
   626                           
   627                           ;dotmatrix8.c: 130: break;
   628  00CA  0008               	return
   629  00CB                     l606:	
   630                           ;dotmatrix8.c: 131: case 19:PORTD=0b00000101;
   631                           
   632  00CB  3005               	movlw	5
   633  00CC  1283               	bcf	3,5	;RP0=0, select bank0
   634  00CD  1303               	bcf	3,6	;RP1=0, select bank0
   635  00CE  0088               	movwf	8	;volatile
   636                           
   637                           ;dotmatrix8.c: 132: _delay((unsigned long)((800)*(20000000/4000000.0)));
   638  00CF  3006               	movlw	6
   639  00D0  00F5               	movwf	??_dynamic3+1
   640  00D1  3030               	movlw	48
   641  00D2  00F4               	movwf	??_dynamic3
   642  00D3                     u117:	
   643  00D3  0BF4               	decfsz	??_dynamic3,f
   644  00D4  28D3               	goto	u117
   645  00D5  0BF5               	decfsz	??_dynamic3+1,f
   646  00D6  28D3               	goto	u117
   647  00D7  0000               	nop
   648                           
   649                           ;dotmatrix8.c: 133: break;
   650  00D8  0008               	return
   651  00D9                     l608:	
   652                           ;dotmatrix8.c: 134: case 20:PORTD=0b00000111;
   653                           
   654  00D9  3007               	movlw	7
   655  00DA  1283               	bcf	3,5	;RP0=0, select bank0
   656  00DB  1303               	bcf	3,6	;RP1=0, select bank0
   657  00DC  0088               	movwf	8	;volatile
   658                           
   659                           ;dotmatrix8.c: 135: _delay((unsigned long)((800)*(20000000/4000000.0)));
   660  00DD  3006               	movlw	6
   661  00DE  00F5               	movwf	??_dynamic3+1
   662  00DF  3030               	movlw	48
   663  00E0  00F4               	movwf	??_dynamic3
   664  00E1                     u127:	
   665  00E1  0BF4               	decfsz	??_dynamic3,f
   666  00E2  28E1               	goto	u127
   667  00E3  0BF5               	decfsz	??_dynamic3+1,f
   668  00E4  28E1               	goto	u127
   669  00E5  0000               	nop
   670                           
   671                           ;dotmatrix8.c: 136: break;
   672  00E6  0008               	return
   673  00E7                     l610:	
   674                           ;dotmatrix8.c: 137: case 21:PORTD=0b00001001;
   675                           
   676  00E7  3009               	movlw	9
   677  00E8  1283               	bcf	3,5	;RP0=0, select bank0
   678  00E9  1303               	bcf	3,6	;RP1=0, select bank0
   679  00EA  0088               	movwf	8	;volatile
   680                           
   681                           ;dotmatrix8.c: 138: _delay((unsigned long)((800)*(20000000/4000000.0)));
   682  00EB  3006               	movlw	6
   683  00EC  00F5               	movwf	??_dynamic3+1
   684  00ED  3030               	movlw	48
   685  00EE  00F4               	movwf	??_dynamic3
   686  00EF                     u137:	
   687  00EF  0BF4               	decfsz	??_dynamic3,f
   688  00F0  28EF               	goto	u137
   689  00F1  0BF5               	decfsz	??_dynamic3+1,f
   690  00F2  28EF               	goto	u137
   691  00F3  0000               	nop
   692                           
   693                           ;dotmatrix8.c: 139: break;
   694  00F4  0008               	return
   695  00F5                     l612:	
   696                           ;dotmatrix8.c: 140: case 22:PORTD=0b00001011;
   697                           
   698  00F5  300B               	movlw	11
   699  00F6  1283               	bcf	3,5	;RP0=0, select bank0
   700  00F7  1303               	bcf	3,6	;RP1=0, select bank0
   701  00F8  0088               	movwf	8	;volatile
   702                           
   703                           ;dotmatrix8.c: 141: _delay((unsigned long)((800)*(20000000/4000000.0)));
   704  00F9  3006               	movlw	6
   705  00FA  00F5               	movwf	??_dynamic3+1
   706  00FB  3030               	movlw	48
   707  00FC  00F4               	movwf	??_dynamic3
   708  00FD                     u147:	
   709  00FD  0BF4               	decfsz	??_dynamic3,f
   710  00FE  28FD               	goto	u147
   711  00FF  0BF5               	decfsz	??_dynamic3+1,f
   712  0100  28FD               	goto	u147
   713  0101  0000               	nop
   714                           
   715                           ;dotmatrix8.c: 142: break;
   716  0102  0008               	return
   717  0103                     l614:	
   718                           ;dotmatrix8.c: 143: case 23:PORTD=0b00001101;
   719                           
   720  0103  300D               	movlw	13
   721  0104  1283               	bcf	3,5	;RP0=0, select bank0
   722  0105  1303               	bcf	3,6	;RP1=0, select bank0
   723  0106  0088               	movwf	8	;volatile
   724                           
   725                           ;dotmatrix8.c: 144: _delay((unsigned long)((800)*(20000000/4000000.0)));
   726  0107  3006               	movlw	6
   727  0108  00F5               	movwf	??_dynamic3+1
   728  0109  3030               	movlw	48
   729  010A  00F4               	movwf	??_dynamic3
   730  010B                     u157:	
   731  010B  0BF4               	decfsz	??_dynamic3,f
   732  010C  290B               	goto	u157
   733  010D  0BF5               	decfsz	??_dynamic3+1,f
   734  010E  290B               	goto	u157
   735  010F  0000               	nop
   736                           
   737                           ;dotmatrix8.c: 145: break;
   738  0110  0008               	return
   739  0111                     l616:	
   740                           ;dotmatrix8.c: 146: case 24:PORTD=0b00001111;
   741                           
   742  0111  300F               	movlw	15
   743  0112  1283               	bcf	3,5	;RP0=0, select bank0
   744  0113  1303               	bcf	3,6	;RP1=0, select bank0
   745  0114  0088               	movwf	8	;volatile
   746                           
   747                           ;dotmatrix8.c: 147: _delay((unsigned long)((800)*(20000000/4000000.0)));
   748  0115  3006               	movlw	6
   749  0116  00F5               	movwf	??_dynamic3+1
   750  0117  3030               	movlw	48
   751  0118  00F4               	movwf	??_dynamic3
   752  0119                     u167:	
   753  0119  0BF4               	decfsz	??_dynamic3,f
   754  011A  2919               	goto	u167
   755  011B  0BF5               	decfsz	??_dynamic3+1,f
   756  011C  2919               	goto	u167
   757  011D  0000               	nop
   758                           
   759                           ;dotmatrix8.c: 149: }
   760                           
   761                           ;dotmatrix8.c: 148: break;
   762  011E  0008               	return
   763  011F                     l620:	
   764                           
   765                           ; Switch on 2 bytes has been partitioned into a top level switch of size 1, and 1 sub-sw
      +                          itches
   766                           ; Switch size 1, requested type "space"
   767                           ; Number of cases is 1, Range of values is 0 to 0
   768                           ; switch strategies available:
   769                           ; Name         Instructions Cycles
   770                           ; simple_byte            4     3 (average)
   771                           ; direct_byte           11     8 (fixed)
   772                           ; jumptable            260     6 (fixed)
   773                           ;	Chosen strategy is simple_byte
   774  011F  0877               	movf	_counter+1,w
   775  0120  3A00               	xorlw	0	; case 0
   776  0121  1903               	skipnz
   777  0122  2924               	goto	l774
   778  0123  293E               	goto	l78
   779  0124                     l774:	
   780                           
   781                           ; Switch size 1, requested type "space"
   782                           ; Number of cases is 8, Range of values is 17 to 24
   783                           ; switch strategies available:
   784                           ; Name         Instructions Cycles
   785                           ; simple_byte           25    13 (average)
   786                           ; direct_byte           35    11 (fixed)
   787                           ; jumptable            263     9 (fixed)
   788                           ;	Chosen strategy is simple_byte
   789  0124  0876               	movf	_counter,w
   790  0125  3A11               	xorlw	17	; case 17
   791  0126  1903               	skipnz
   792  0127  28AF               	goto	l602
   793  0128  3A03               	xorlw	3	; case 18
   794  0129  1903               	skipnz
   795  012A  28BD               	goto	l604
   796  012B  3A01               	xorlw	1	; case 19
   797  012C  1903               	skipnz
   798  012D  28CB               	goto	l606
   799  012E  3A07               	xorlw	7	; case 20
   800  012F  1903               	skipnz
   801  0130  28D9               	goto	l608
   802  0131  3A01               	xorlw	1	; case 21
   803  0132  1903               	skipnz
   804  0133  28E7               	goto	l610
   805  0134  3A03               	xorlw	3	; case 22
   806  0135  1903               	skipnz
   807  0136  28F5               	goto	l612
   808  0137  3A01               	xorlw	1	; case 23
   809  0138  1903               	skipnz
   810  0139  2903               	goto	l614
   811  013A  3A0F               	xorlw	15	; case 24
   812  013B  1903               	skipnz
   813  013C  2911               	goto	l616
   814  013D  293E               	goto	l78
   815  013E                     l78:	
   816  013E  0008               	return
   817  013F                     __end_of_dynamic3:	
   818                           
   819                           	psect	text3
   820  013F                     __ptext3:	
   821 ;; *************** function _dynamic2 *****************
   822 ;; Defined at:
   823 ;;		line 95 in file "dotmatrix8.c"
   824 ;; Parameters:    Size  Location     Type
   825 ;;		None
   826 ;; Auto vars:     Size  Location     Type
   827 ;;		None
   828 ;; Return value:  Size  Location     Type
   829 ;;                  2   22[COMMON] int 
   830 ;; Registers used:
   831 ;;		wreg, fsr0l, fsr0h, status,2, status,0
   832 ;; Tracked objects:
   833 ;;		On entry : 0/0
   834 ;;		On exit  : 0/0
   835 ;;		Unchanged: 0/0
   836 ;; Data sizes:     COMMON   BANK0   BANK1   BANK3   BANK2
   837 ;;      Params:         0       0       0       0       0
   838 ;;      Locals:         0       0       0       0       0
   839 ;;      Temps:          2       0       0       0       0
   840 ;;      Totals:         2       0       0       0       0
   841 ;;Total ram usage:        2 bytes
   842 ;; Hardware stack levels used:    1
   843 ;; Hardware stack levels required when called:    1
   844 ;; This function calls:
   845 ;;		Nothing
   846 ;; This function is called by:
   847 ;;		_main
   848 ;; This function uses a non-reentrant model
   849 ;;
   850                           
   851                           
   852                           ;psect for function _dynamic2
   853  013F                     _dynamic2:	
   854                           
   855                           ;dotmatrix8.c: 96: switch(counter){
   856                           
   857                           ;incstack = 0
   858                           ; Regs used in _dynamic2: [wreg-fsr0h+status,2+status,0]
   859  013F  29B0               	goto	l594
   860  0140                     l576:	
   861                           ;dotmatrix8.c: 97: case 9: PORTC=0b00010000;
   862                           
   863  0140  3010               	movlw	16
   864  0141  1283               	bcf	3,5	;RP0=0, select bank0
   865  0142  1303               	bcf	3,6	;RP1=0, select bank0
   866  0143  0087               	movwf	7	;volatile
   867                           
   868                           ;dotmatrix8.c: 98: _delay((unsigned long)((800)*(20000000/4000000.0)));
   869  0144  3006               	movlw	6
   870  0145  00F5               	movwf	??_dynamic2+1
   871  0146  3030               	movlw	48
   872  0147  00F4               	movwf	??_dynamic2
   873  0148                     u177:	
   874  0148  0BF4               	decfsz	??_dynamic2,f
   875  0149  2948               	goto	u177
   876  014A  0BF5               	decfsz	??_dynamic2+1,f
   877  014B  2948               	goto	u177
   878  014C  0000               	nop
   879                           
   880                           ;dotmatrix8.c: 99: break;
   881  014D  0008               	return
   882  014E                     l578:	
   883                           ;dotmatrix8.c: 100: case 10:PORTC=0b00110000;
   884                           
   885  014E  3030               	movlw	48
   886  014F  1283               	bcf	3,5	;RP0=0, select bank0
   887  0150  1303               	bcf	3,6	;RP1=0, select bank0
   888  0151  0087               	movwf	7	;volatile
   889                           
   890                           ;dotmatrix8.c: 101: _delay((unsigned long)((800)*(20000000/4000000.0)));
   891  0152  3006               	movlw	6
   892  0153  00F5               	movwf	??_dynamic2+1
   893  0154  3030               	movlw	48
   894  0155  00F4               	movwf	??_dynamic2
   895  0156                     u187:	
   896  0156  0BF4               	decfsz	??_dynamic2,f
   897  0157  2956               	goto	u187
   898  0158  0BF5               	decfsz	??_dynamic2+1,f
   899  0159  2956               	goto	u187
   900  015A  0000               	nop
   901                           
   902                           ;dotmatrix8.c: 102: break;
   903  015B  0008               	return
   904  015C                     l580:	
   905                           ;dotmatrix8.c: 103: case 11:PORTC=0b01010000;
   906                           
   907  015C  3050               	movlw	80
   908  015D  1283               	bcf	3,5	;RP0=0, select bank0
   909  015E  1303               	bcf	3,6	;RP1=0, select bank0
   910  015F  0087               	movwf	7	;volatile
   911                           
   912                           ;dotmatrix8.c: 104: _delay((unsigned long)((800)*(20000000/4000000.0)));
   913  0160  3006               	movlw	6
   914  0161  00F5               	movwf	??_dynamic2+1
   915  0162  3030               	movlw	48
   916  0163  00F4               	movwf	??_dynamic2
   917  0164                     u197:	
   918  0164  0BF4               	decfsz	??_dynamic2,f
   919  0165  2964               	goto	u197
   920  0166  0BF5               	decfsz	??_dynamic2+1,f
   921  0167  2964               	goto	u197
   922  0168  0000               	nop
   923                           
   924                           ;dotmatrix8.c: 105: break;
   925  0169  0008               	return
   926  016A                     l582:	
   927                           ;dotmatrix8.c: 106: case 12:PORTC=0b01110000;
   928                           
   929  016A  3070               	movlw	112
   930  016B  1283               	bcf	3,5	;RP0=0, select bank0
   931  016C  1303               	bcf	3,6	;RP1=0, select bank0
   932  016D  0087               	movwf	7	;volatile
   933                           
   934                           ;dotmatrix8.c: 107: _delay((unsigned long)((800)*(20000000/4000000.0)));
   935  016E  3006               	movlw	6
   936  016F  00F5               	movwf	??_dynamic2+1
   937  0170  3030               	movlw	48
   938  0171  00F4               	movwf	??_dynamic2
   939  0172                     u207:	
   940  0172  0BF4               	decfsz	??_dynamic2,f
   941  0173  2972               	goto	u207
   942  0174  0BF5               	decfsz	??_dynamic2+1,f
   943  0175  2972               	goto	u207
   944  0176  0000               	nop
   945                           
   946                           ;dotmatrix8.c: 108: break;
   947  0177  0008               	return
   948  0178                     l584:	
   949                           ;dotmatrix8.c: 109: case 13:PORTC=0b10010000;
   950                           
   951  0178  3090               	movlw	144
   952  0179  1283               	bcf	3,5	;RP0=0, select bank0
   953  017A  1303               	bcf	3,6	;RP1=0, select bank0
   954  017B  0087               	movwf	7	;volatile
   955                           
   956                           ;dotmatrix8.c: 110: _delay((unsigned long)((800)*(20000000/4000000.0)));
   957  017C  3006               	movlw	6
   958  017D  00F5               	movwf	??_dynamic2+1
   959  017E  3030               	movlw	48
   960  017F  00F4               	movwf	??_dynamic2
   961  0180                     u217:	
   962  0180  0BF4               	decfsz	??_dynamic2,f
   963  0181  2980               	goto	u217
   964  0182  0BF5               	decfsz	??_dynamic2+1,f
   965  0183  2980               	goto	u217
   966  0184  0000               	nop
   967                           
   968                           ;dotmatrix8.c: 111: break;
   969  0185  0008               	return
   970  0186                     l586:	
   971                           ;dotmatrix8.c: 112: case 14:PORTC=0b10110000;
   972                           
   973  0186  30B0               	movlw	176
   974  0187  1283               	bcf	3,5	;RP0=0, select bank0
   975  0188  1303               	bcf	3,6	;RP1=0, select bank0
   976  0189  0087               	movwf	7	;volatile
   977                           
   978                           ;dotmatrix8.c: 113: _delay((unsigned long)((800)*(20000000/4000000.0)));
   979  018A  3006               	movlw	6
   980  018B  00F5               	movwf	??_dynamic2+1
   981  018C  3030               	movlw	48
   982  018D  00F4               	movwf	??_dynamic2
   983  018E                     u227:	
   984  018E  0BF4               	decfsz	??_dynamic2,f
   985  018F  298E               	goto	u227
   986  0190  0BF5               	decfsz	??_dynamic2+1,f
   987  0191  298E               	goto	u227
   988  0192  0000               	nop
   989                           
   990                           ;dotmatrix8.c: 114: break;
   991  0193  0008               	return
   992  0194                     l588:	
   993                           ;dotmatrix8.c: 115: case 15:PORTC=0b11010000;
   994                           
   995  0194  30D0               	movlw	208
   996  0195  1283               	bcf	3,5	;RP0=0, select bank0
   997  0196  1303               	bcf	3,6	;RP1=0, select bank0
   998  0197  0087               	movwf	7	;volatile
   999                           
  1000                           ;dotmatrix8.c: 116: _delay((unsigned long)((800)*(20000000/4000000.0)));
  1001  0198  3006               	movlw	6
  1002  0199  00F5               	movwf	??_dynamic2+1
  1003  019A  3030               	movlw	48
  1004  019B  00F4               	movwf	??_dynamic2
  1005  019C                     u237:	
  1006  019C  0BF4               	decfsz	??_dynamic2,f
  1007  019D  299C               	goto	u237
  1008  019E  0BF5               	decfsz	??_dynamic2+1,f
  1009  019F  299C               	goto	u237
  1010  01A0  0000               	nop
  1011                           
  1012                           ;dotmatrix8.c: 117: break;
  1013  01A1  0008               	return
  1014  01A2                     l590:	
  1015                           ;dotmatrix8.c: 118: case 16:PORTC=0b11110000;
  1016                           
  1017  01A2  30F0               	movlw	240
  1018  01A3  1283               	bcf	3,5	;RP0=0, select bank0
  1019  01A4  1303               	bcf	3,6	;RP1=0, select bank0
  1020  01A5  0087               	movwf	7	;volatile
  1021                           
  1022                           ;dotmatrix8.c: 119: _delay((unsigned long)((800)*(20000000/4000000.0)));
  1023  01A6  3006               	movlw	6
  1024  01A7  00F5               	movwf	??_dynamic2+1
  1025  01A8  3030               	movlw	48
  1026  01A9  00F4               	movwf	??_dynamic2
  1027  01AA                     u247:	
  1028  01AA  0BF4               	decfsz	??_dynamic2,f
  1029  01AB  29AA               	goto	u247
  1030  01AC  0BF5               	decfsz	??_dynamic2+1,f
  1031  01AD  29AA               	goto	u247
  1032  01AE  0000               	nop
  1033                           
  1034                           ;dotmatrix8.c: 121: }
  1035                           
  1036                           ;dotmatrix8.c: 120: break;
  1037  01AF  0008               	return
  1038  01B0                     l594:	
  1039                           
  1040                           ; Switch on 2 bytes has been partitioned into a top level switch of size 1, and 1 sub-sw
      +                          itches
  1041                           ; Switch size 1, requested type "space"
  1042                           ; Number of cases is 1, Range of values is 0 to 0
  1043                           ; switch strategies available:
  1044                           ; Name         Instructions Cycles
  1045                           ; simple_byte            4     3 (average)
  1046                           ; direct_byte           11     8 (fixed)
  1047                           ; jumptable            260     6 (fixed)
  1048                           ;	Chosen strategy is simple_byte
  1049  01B0  0877               	movf	_counter+1,w
  1050  01B1  3A00               	xorlw	0	; case 0
  1051  01B2  1903               	skipnz
  1052  01B3  29B5               	goto	l776
  1053  01B4  29CF               	goto	l65
  1054  01B5                     l776:	
  1055                           
  1056                           ; Switch size 1, requested type "space"
  1057                           ; Number of cases is 8, Range of values is 9 to 16
  1058                           ; switch strategies available:
  1059                           ; Name         Instructions Cycles
  1060                           ; simple_byte           25    13 (average)
  1061                           ; direct_byte           35    11 (fixed)
  1062                           ; jumptable            263     9 (fixed)
  1063                           ;	Chosen strategy is simple_byte
  1064  01B5  0876               	movf	_counter,w
  1065  01B6  3A09               	xorlw	9	; case 9
  1066  01B7  1903               	skipnz
  1067  01B8  2940               	goto	l576
  1068  01B9  3A03               	xorlw	3	; case 10
  1069  01BA  1903               	skipnz
  1070  01BB  294E               	goto	l578
  1071  01BC  3A01               	xorlw	1	; case 11
  1072  01BD  1903               	skipnz
  1073  01BE  295C               	goto	l580
  1074  01BF  3A07               	xorlw	7	; case 12
  1075  01C0  1903               	skipnz
  1076  01C1  296A               	goto	l582
  1077  01C2  3A01               	xorlw	1	; case 13
  1078  01C3  1903               	skipnz
  1079  01C4  2978               	goto	l584
  1080  01C5  3A03               	xorlw	3	; case 14
  1081  01C6  1903               	skipnz
  1082  01C7  2986               	goto	l586
  1083  01C8  3A01               	xorlw	1	; case 15
  1084  01C9  1903               	skipnz
  1085  01CA  2994               	goto	l588
  1086  01CB  3A1F               	xorlw	31	; case 16
  1087  01CC  1903               	skipnz
  1088  01CD  29A2               	goto	l590
  1089  01CE  29CF               	goto	l65
  1090  01CF                     l65:	
  1091  01CF  0008               	return
  1092  01D0                     __end_of_dynamic2:	
  1093                           
  1094                           	psect	text4
  1095  01D0                     __ptext4:	
  1096 ;; *************** function _dynamic1 *****************
  1097 ;; Defined at:
  1098 ;;		line 67 in file "dotmatrix8.c"
  1099 ;; Parameters:    Size  Location     Type
  1100 ;;		None
  1101 ;; Auto vars:     Size  Location     Type
  1102 ;;		None
  1103 ;; Return value:  Size  Location     Type
  1104 ;;                  2   20[COMMON] int 
  1105 ;; Registers used:
  1106 ;;		wreg, fsr0l, fsr0h, status,2, status,0
  1107 ;; Tracked objects:
  1108 ;;		On entry : 0/0
  1109 ;;		On exit  : 0/0
  1110 ;;		Unchanged: 0/0
  1111 ;; Data sizes:     COMMON   BANK0   BANK1   BANK3   BANK2
  1112 ;;      Params:         0       0       0       0       0
  1113 ;;      Locals:         0       0       0       0       0
  1114 ;;      Temps:          2       0       0       0       0
  1115 ;;      Totals:         2       0       0       0       0
  1116 ;;Total ram usage:        2 bytes
  1117 ;; Hardware stack levels used:    1
  1118 ;; Hardware stack levels required when called:    1
  1119 ;; This function calls:
  1120 ;;		Nothing
  1121 ;; This function is called by:
  1122 ;;		_main
  1123 ;; This function uses a non-reentrant model
  1124 ;;
  1125                           
  1126                           
  1127                           ;psect for function _dynamic1
  1128  01D0                     _dynamic1:	
  1129                           
  1130                           ;dotmatrix8.c: 68: switch(counter){
  1131                           
  1132                           ;incstack = 0
  1133                           ; Regs used in _dynamic1: [wreg-fsr0h+status,2+status,0]
  1134  01D0  2A41               	goto	l568
  1135  01D1                     l550:	
  1136                           ;dotmatrix8.c: 69: case 1:PORTC=0b00000001;
  1137                           
  1138  01D1  3001               	movlw	1
  1139  01D2  1283               	bcf	3,5	;RP0=0, select bank0
  1140  01D3  1303               	bcf	3,6	;RP1=0, select bank0
  1141  01D4  0087               	movwf	7	;volatile
  1142                           
  1143                           ;dotmatrix8.c: 70: _delay((unsigned long)((800)*(20000000/4000000.0)));
  1144  01D5  3006               	movlw	6
  1145  01D6  00F5               	movwf	??_dynamic1+1
  1146  01D7  3030               	movlw	48
  1147  01D8  00F4               	movwf	??_dynamic1
  1148  01D9                     u257:	
  1149  01D9  0BF4               	decfsz	??_dynamic1,f
  1150  01DA  29D9               	goto	u257
  1151  01DB  0BF5               	decfsz	??_dynamic1+1,f
  1152  01DC  29D9               	goto	u257
  1153  01DD  0000               	nop
  1154                           
  1155                           ;dotmatrix8.c: 71: break;
  1156  01DE  0008               	return
  1157  01DF                     l552:	
  1158                           ;dotmatrix8.c: 72: case 2:PORTC=0b00000011;
  1159                           
  1160  01DF  3003               	movlw	3
  1161  01E0  1283               	bcf	3,5	;RP0=0, select bank0
  1162  01E1  1303               	bcf	3,6	;RP1=0, select bank0
  1163  01E2  0087               	movwf	7	;volatile
  1164                           
  1165                           ;dotmatrix8.c: 73: _delay((unsigned long)((800)*(20000000/4000000.0)));
  1166  01E3  3006               	movlw	6
  1167  01E4  00F5               	movwf	??_dynamic1+1
  1168  01E5  3030               	movlw	48
  1169  01E6  00F4               	movwf	??_dynamic1
  1170  01E7                     u267:	
  1171  01E7  0BF4               	decfsz	??_dynamic1,f
  1172  01E8  29E7               	goto	u267
  1173  01E9  0BF5               	decfsz	??_dynamic1+1,f
  1174  01EA  29E7               	goto	u267
  1175  01EB  0000               	nop
  1176                           
  1177                           ;dotmatrix8.c: 74: break;
  1178  01EC  0008               	return
  1179  01ED                     l554:	
  1180                           ;dotmatrix8.c: 75: case 3:PORTC=0b00000101;
  1181                           
  1182  01ED  3005               	movlw	5
  1183  01EE  1283               	bcf	3,5	;RP0=0, select bank0
  1184  01EF  1303               	bcf	3,6	;RP1=0, select bank0
  1185  01F0  0087               	movwf	7	;volatile
  1186                           
  1187                           ;dotmatrix8.c: 76: _delay((unsigned long)((800)*(20000000/4000000.0)));
  1188  01F1  3006               	movlw	6
  1189  01F2  00F5               	movwf	??_dynamic1+1
  1190  01F3  3030               	movlw	48
  1191  01F4  00F4               	movwf	??_dynamic1
  1192  01F5                     u277:	
  1193  01F5  0BF4               	decfsz	??_dynamic1,f
  1194  01F6  29F5               	goto	u277
  1195  01F7  0BF5               	decfsz	??_dynamic1+1,f
  1196  01F8  29F5               	goto	u277
  1197  01F9  0000               	nop
  1198                           
  1199                           ;dotmatrix8.c: 77: break;
  1200  01FA  0008               	return
  1201  01FB                     l556:	
  1202                           ;dotmatrix8.c: 78: case 4:PORTC=0b00000111;
  1203                           
  1204  01FB  3007               	movlw	7
  1205  01FC  1283               	bcf	3,5	;RP0=0, select bank0
  1206  01FD  1303               	bcf	3,6	;RP1=0, select bank0
  1207  01FE  0087               	movwf	7	;volatile
  1208                           
  1209                           ;dotmatrix8.c: 79: _delay((unsigned long)((800)*(20000000/4000000.0)));
  1210  01FF  3006               	movlw	6
  1211  0200  00F5               	movwf	??_dynamic1+1
  1212  0201  3030               	movlw	48
  1213  0202  00F4               	movwf	??_dynamic1
  1214  0203                     u287:	
  1215  0203  0BF4               	decfsz	??_dynamic1,f
  1216  0204  2A03               	goto	u287
  1217  0205  0BF5               	decfsz	??_dynamic1+1,f
  1218  0206  2A03               	goto	u287
  1219  0207  0000               	nop
  1220                           
  1221                           ;dotmatrix8.c: 80: break;
  1222  0208  0008               	return
  1223  0209                     l558:	
  1224                           ;dotmatrix8.c: 81: case 5:PORTC=0b00001001;
  1225                           
  1226  0209  3009               	movlw	9
  1227  020A  1283               	bcf	3,5	;RP0=0, select bank0
  1228  020B  1303               	bcf	3,6	;RP1=0, select bank0
  1229  020C  0087               	movwf	7	;volatile
  1230                           
  1231                           ;dotmatrix8.c: 82: _delay((unsigned long)((800)*(20000000/4000000.0)));
  1232  020D  3006               	movlw	6
  1233  020E  00F5               	movwf	??_dynamic1+1
  1234  020F  3030               	movlw	48
  1235  0210  00F4               	movwf	??_dynamic1
  1236  0211                     u297:	
  1237  0211  0BF4               	decfsz	??_dynamic1,f
  1238  0212  2A11               	goto	u297
  1239  0213  0BF5               	decfsz	??_dynamic1+1,f
  1240  0214  2A11               	goto	u297
  1241  0215  0000               	nop
  1242                           
  1243                           ;dotmatrix8.c: 83: break;
  1244  0216  0008               	return
  1245  0217                     l560:	
  1246                           ;dotmatrix8.c: 84: case 6:PORTC=0b00001011;
  1247                           
  1248  0217  300B               	movlw	11
  1249  0218  1283               	bcf	3,5	;RP0=0, select bank0
  1250  0219  1303               	bcf	3,6	;RP1=0, select bank0
  1251  021A  0087               	movwf	7	;volatile
  1252                           
  1253                           ;dotmatrix8.c: 85: _delay((unsigned long)((800)*(20000000/4000000.0)));
  1254  021B  3006               	movlw	6
  1255  021C  00F5               	movwf	??_dynamic1+1
  1256  021D  3030               	movlw	48
  1257  021E  00F4               	movwf	??_dynamic1
  1258  021F                     u307:	
  1259  021F  0BF4               	decfsz	??_dynamic1,f
  1260  0220  2A1F               	goto	u307
  1261  0221  0BF5               	decfsz	??_dynamic1+1,f
  1262  0222  2A1F               	goto	u307
  1263  0223  0000               	nop
  1264                           
  1265                           ;dotmatrix8.c: 86: break;
  1266  0224  0008               	return
  1267  0225                     l562:	
  1268                           ;dotmatrix8.c: 87: case 7:PORTC=0b00001101;
  1269                           
  1270  0225  300D               	movlw	13
  1271  0226  1283               	bcf	3,5	;RP0=0, select bank0
  1272  0227  1303               	bcf	3,6	;RP1=0, select bank0
  1273  0228  0087               	movwf	7	;volatile
  1274                           
  1275                           ;dotmatrix8.c: 88: _delay((unsigned long)((800)*(20000000/4000000.0)));
  1276  0229  3006               	movlw	6
  1277  022A  00F5               	movwf	??_dynamic1+1
  1278  022B  3030               	movlw	48
  1279  022C  00F4               	movwf	??_dynamic1
  1280  022D                     u317:	
  1281  022D  0BF4               	decfsz	??_dynamic1,f
  1282  022E  2A2D               	goto	u317
  1283  022F  0BF5               	decfsz	??_dynamic1+1,f
  1284  0230  2A2D               	goto	u317
  1285  0231  0000               	nop
  1286                           
  1287                           ;dotmatrix8.c: 89: break;
  1288  0232  0008               	return
  1289  0233                     l564:	
  1290                           ;dotmatrix8.c: 90: case 8:PORTC=0b00001111;
  1291                           
  1292  0233  300F               	movlw	15
  1293  0234  1283               	bcf	3,5	;RP0=0, select bank0
  1294  0235  1303               	bcf	3,6	;RP1=0, select bank0
  1295  0236  0087               	movwf	7	;volatile
  1296                           
  1297                           ;dotmatrix8.c: 91: _delay((unsigned long)((800)*(20000000/4000000.0)));
  1298  0237  3006               	movlw	6
  1299  0238  00F5               	movwf	??_dynamic1+1
  1300  0239  3030               	movlw	48
  1301  023A  00F4               	movwf	??_dynamic1
  1302  023B                     u327:	
  1303  023B  0BF4               	decfsz	??_dynamic1,f
  1304  023C  2A3B               	goto	u327
  1305  023D  0BF5               	decfsz	??_dynamic1+1,f
  1306  023E  2A3B               	goto	u327
  1307  023F  0000               	nop
  1308                           
  1309                           ;dotmatrix8.c: 93: }
  1310                           
  1311                           ;dotmatrix8.c: 92: break;
  1312  0240  0008               	return
  1313  0241                     l568:	
  1314                           
  1315                           ; Switch on 2 bytes has been partitioned into a top level switch of size 1, and 1 sub-sw
      +                          itches
  1316                           ; Switch size 1, requested type "space"
  1317                           ; Number of cases is 1, Range of values is 0 to 0
  1318                           ; switch strategies available:
  1319                           ; Name         Instructions Cycles
  1320                           ; simple_byte            4     3 (average)
  1321                           ; direct_byte           11     8 (fixed)
  1322                           ; jumptable            260     6 (fixed)
  1323                           ;	Chosen strategy is simple_byte
  1324  0241  0877               	movf	_counter+1,w
  1325  0242  3A00               	xorlw	0	; case 0
  1326  0243  1903               	skipnz
  1327  0244  2A46               	goto	l778
  1328  0245  2A60               	goto	l52
  1329  0246                     l778:	
  1330                           
  1331                           ; Switch size 1, requested type "space"
  1332                           ; Number of cases is 8, Range of values is 1 to 8
  1333                           ; switch strategies available:
  1334                           ; Name         Instructions Cycles
  1335                           ; simple_byte           25    13 (average)
  1336                           ; direct_byte           35    11 (fixed)
  1337                           ; jumptable            263     9 (fixed)
  1338                           ;	Chosen strategy is simple_byte
  1339  0246  0876               	movf	_counter,w
  1340  0247  3A01               	xorlw	1	; case 1
  1341  0248  1903               	skipnz
  1342  0249  29D1               	goto	l550
  1343  024A  3A03               	xorlw	3	; case 2
  1344  024B  1903               	skipnz
  1345  024C  29DF               	goto	l552
  1346  024D  3A01               	xorlw	1	; case 3
  1347  024E  1903               	skipnz
  1348  024F  29ED               	goto	l554
  1349  0250  3A07               	xorlw	7	; case 4
  1350  0251  1903               	skipnz
  1351  0252  29FB               	goto	l556
  1352  0253  3A01               	xorlw	1	; case 5
  1353  0254  1903               	skipnz
  1354  0255  2A09               	goto	l558
  1355  0256  3A03               	xorlw	3	; case 6
  1356  0257  1903               	skipnz
  1357  0258  2A17               	goto	l560
  1358  0259  3A01               	xorlw	1	; case 7
  1359  025A  1903               	skipnz
  1360  025B  2A25               	goto	l562
  1361  025C  3A0F               	xorlw	15	; case 8
  1362  025D  1903               	skipnz
  1363  025E  2A33               	goto	l564
  1364  025F  2A60               	goto	l52
  1365  0260                     l52:	
  1366  0260  0008               	return
  1367  0261                     __end_of_dynamic1:	
  1368                           
  1369                           	psect	text5
  1370  0292                     __ptext5:	
  1371 ;; *************** function _count_up *****************
  1372 ;; Defined at:
  1373 ;;		line 63 in file "dotmatrix8.c"
  1374 ;; Parameters:    Size  Location     Type
  1375 ;;		None
  1376 ;; Auto vars:     Size  Location     Type
  1377 ;;		None
  1378 ;; Return value:  Size  Location     Type
  1379 ;;		None               void
  1380 ;; Registers used:
  1381 ;;		wreg
  1382 ;; Tracked objects:
  1383 ;;		On entry : 0/0
  1384 ;;		On exit  : 0/0
  1385 ;;		Unchanged: 0/0
  1386 ;; Data sizes:     COMMON   BANK0   BANK1   BANK3   BANK2
  1387 ;;      Params:         0       0       0       0       0
  1388 ;;      Locals:         0       0       0       0       0
  1389 ;;      Temps:          4       0       0       0       0
  1390 ;;      Totals:         4       0       0       0       0
  1391 ;;Total ram usage:        4 bytes
  1392 ;; Hardware stack levels used:    1
  1393 ;; This function calls:
  1394 ;;		Nothing
  1395 ;; This function is called by:
  1396 ;;		Interrupt level 1
  1397 ;; This function uses a non-reentrant model
  1398 ;;
  1399                           
  1400                           
  1401                           ;psect for function _count_up
  1402  0292                     _count_up:	
  1403                           
  1404                           ;dotmatrix8.c: 64: counter++;
  1405  0292  3001               	movlw	1
  1406  0293  07F6               	addwf	_counter,f
  1407  0294  1803               	skipnc
  1408  0295  0AF7               	incf	_counter+1,f
  1409  0296  3000               	movlw	0
  1410  0297  07F7               	addwf	_counter+1,f
  1411                           
  1412                           ;dotmatrix8.c: 65: INTF=0;
  1413  0298  108B               	bcf	11,1	;volatile
  1414  0299  0873               	movf	??_count_up+3,w
  1415  029A  00FF               	movwf	127
  1416  029B  0872               	movf	??_count_up+2,w
  1417  029C  008A               	movwf	10
  1418  029D  0871               	movf	??_count_up+1,w
  1419  029E  0084               	movwf	4
  1420  029F  0E70               	swapf	??_count_up^(0+-128),w
  1421  02A0  0083               	movwf	3
  1422  02A1  0EFE               	swapf	126,f
  1423  02A2  0E7E               	swapf	126,w
  1424  02A3  0009               	retfie
  1425  02A4                     __end_of_count_up:	
  1426  007E                     btemp	set	126	;btemp
  1427  007E                     wtemp	set	126
  1428  007E                     wtemp0	set	126
  1429  0080                     wtemp1	set	128
  1430  0082                     wtemp2	set	130
  1431  0084                     wtemp3	set	132
  1432  0086                     wtemp4	set	134
  1433  0088                     wtemp5	set	136
  1434  007F                     wtemp6	set	127
  1435  007E                     ttemp	set	126
  1436  007E                     ttemp0	set	126
  1437  0081                     ttemp1	set	129
  1438  0084                     ttemp2	set	132
  1439  0087                     ttemp3	set	135
  1440  007F                     ttemp4	set	127
  1441  007E                     ltemp	set	126
  1442  007E                     ltemp0	set	126
  1443  0082                     ltemp1	set	130
  1444  0086                     ltemp2	set	134
  1445  0080                     ltemp3	set	128
  1446                           
  1447                           	psect	intentry
  1448  0004                     __pintentry:	
  1449                           ;incstack = 0
  1450                           ; Regs used in _count_up: [wreg]
  1451                           
  1452  0004                     interrupt_function:	
  1453  007E                     saved_w	set	btemp
  1454  0004  00FE               	movwf	btemp
  1455  0005  0E03               	swapf	3,w
  1456  0006  00F0               	movwf	??_count_up
  1457  0007  0804               	movf	4,w
  1458  0008  00F1               	movwf	??_count_up+1
  1459  0009  080A               	movf	10,w
  1460  000A  00F2               	movwf	??_count_up+2
  1461  000B  1283               	bcf	3,5	;RP0=0, select bank0
  1462  000C  1303               	bcf	3,6	;RP1=0, select bank0
  1463  000D  087F               	movf	btemp+1,w
  1464  000E  00F3               	movwf	??_count_up+3
  1465  000F  120A  118A  2A92   	ljmp	_count_up


Data Sizes:
    Strings     0
    Constant    0
    Data        0
    BSS         2
    Persistent  0
    Stack       0

Auto Spaces:
    Space          Size  Autos    Used
    COMMON           14      6       8
    BANK0            80      0       0
    BANK1            80      0       0
    BANK3            96      0       0
    BANK2            96      0       0

Pointer List with Targets:

    None.

Critical Paths under _main in COMMON

    _main->_dynamic1
    _main->_dynamic2
    _main->_dynamic3
    _main->_dynamic4

Critical Paths under _count_up in COMMON

    None.

Critical Paths under _main in BANK0

    None.

Critical Paths under _count_up in BANK0

    None.

Critical Paths under _main in BANK1

    None.

Critical Paths under _count_up in BANK1

    None.

Critical Paths under _main in BANK3

    None.

Critical Paths under _count_up in BANK3

    None.

Critical Paths under _main in BANK2

    None.

Critical Paths under _count_up in BANK2

    None.

Call Graph Tables:

 ---------------------------------------------------------------------------------
 (Depth) Function   	        Calls       Base Space   Used Autos Params    Refs
 ---------------------------------------------------------------------------------
 (0) _main                                                 0     0      0       0
                           _dynamic1
                           _dynamic2
                           _dynamic3
                           _dynamic4
 ---------------------------------------------------------------------------------
 (1) _dynamic4                                             2     2      0       0
                                              4 COMMON     2     2      0
 ---------------------------------------------------------------------------------
 (1) _dynamic3                                             2     2      0       0
                                              4 COMMON     2     2      0
 ---------------------------------------------------------------------------------
 (1) _dynamic2                                             2     2      0       0
                                              4 COMMON     2     2      0
 ---------------------------------------------------------------------------------
 (1) _dynamic1                                             2     2      0       0
                                              4 COMMON     2     2      0
 ---------------------------------------------------------------------------------
 Estimated maximum stack depth 1
 ---------------------------------------------------------------------------------
 (Depth) Function   	        Calls       Base Space   Used Autos Params    Refs
 ---------------------------------------------------------------------------------
 (2) _count_up                                             4     4      0       0
                                              0 COMMON     4     4      0
 ---------------------------------------------------------------------------------
 Estimated maximum stack depth 2
 ---------------------------------------------------------------------------------

 Call Graph Graphs:

 _main (ROOT)
   _dynamic1
   _dynamic2
   _dynamic3
   _dynamic4

 _count_up (ROOT)

 Address spaces:
Name               Size   Autos  Total    Cost      Usage
BITCOMMON            E      0       0       0        0.0%
EEDATA             100      0       0       0        0.0%
NULL                 0      0       0       0        0.0%
CODE                 0      0       0       0        0.0%
COMMON               E      6       8       1       57.1%
BITSFR0              0      0       0       1        0.0%
SFR0                 0      0       0       1        0.0%
BITSFR1              0      0       0       2        0.0%
SFR1                 0      0       0       2        0.0%
STACK                0      0       0       2        0.0%
ABS                  0      0       8       3        0.0%
BITBANK0            50      0       0       4        0.0%
BITSFR3              0      0       0       4        0.0%
SFR3                 0      0       0       4        0.0%
BANK0               50      0       0       5        0.0%
BITSFR2              0      0       0       5        0.0%
SFR2                 0      0       0       5        0.0%
BITBANK1            50      0       0       6        0.0%
BANK1               50      0       0       7        0.0%
BITBANK3            60      0       0       8        0.0%
BANK3               60      0       0       9        0.0%
BITBANK2            60      0       0      10        0.0%
BANK2               60      0       0      11        0.0%
DATA                 0      0       8      12        0.0%


Microchip Technology PIC Macro Assembler V1.31 build 56723 
Symbol Table                                                                                   Mon Jul 14 14:58:58 2014

            __CFG_CP$OFF 0000                       l52 0260                       l65 01CF  
                     l91 00AD                       l78 013E                       u17 0024  
                     u27 0032                       u37 0040                       u47 004E  
                     u57 005C                       u67 006A                       u77 0078  
                     u87 0086                       u97 00B7                      l610 00E7  
                    l602 00AF                      l612 00F5                      l604 00BD  
                    l620 011F                      l550 01D1                      l614 0103  
                    l606 00CB                      l630 002A                      l560 0217  
                    l552 01DF                      l616 0111                      l608 00D9  
                    l640 0070                      l632 0038                      l562 0225  
                    l554 01ED                      l642 007E                      l634 0046  
                    l564 0233                      l556 01FB                      l580 015C  
                    l636 0054                      l628 001C                      l558 0209  
                    l590 01A2                      l582 016A                      l638 0062  
                    l568 0241                      l584 0178                      l576 0140  
                    l648 008E                      l672 0271                      l586 0186  
                    l578 014E                      l594 01B0                      l588 0194  
                    l772 0093                      l774 0124                      l776 01B5  
                    l778 0246                      _GIE 005F                      u107 00C5  
                    u117 00D3                      u207 0172                      u127 00E1  
                    u217 0180                      u137 00EF                      u307 021F  
                    u227 018E                      u147 00FD                      u317 022D  
                    u237 019C                      u157 010B                      u327 023B  
                    u247 01AA                      u167 0119                      u257 01D9  
                    u177 0148             __CFG_CPD$OFF 0000                      u267 01E7  
                    u187 0156                      u277 01F5                      u197 0164  
                    u287 0203                      u297 0211                      fsr0 0004  
           __CFG_FOSC$HS 0000             __CFG_LVP$OFF 0000                     _INTE 005C  
                   _INTF 0059             __CFG_WRT$OFF 0000                     _main 0261  
                   btemp 007E                     ltemp 007E                     start 0012  
                   ttemp 007E                     wtemp 007E                    ?_main 0070  
          __CFG_WDTE$OFF 0000           __CFG_DEBUG$OFF 0000                    _PORTC 0007  
                  _PORTD 0008                    _TRISB 0086                    _TRISC 0087  
                  _TRISD 0088            __CFG_PWRTE$ON 0000           __CFG_BOREN$OFF 0000  
                  pclath 000A                    ltemp0 007E                    ltemp1 0082  
                  ltemp2 0086                    ltemp3 0080                    ttemp0 007E  
                  ttemp1 0081                    ttemp2 0084                    ttemp3 0087  
                  ttemp4 007F                    status 0003                    wtemp0 007E  
                  wtemp1 0080                    wtemp2 0082                    wtemp3 0084  
                  wtemp4 0086                    wtemp5 0088                    wtemp6 007F  
        __initialization 0015             __end_of_main 0292                   ??_main 0076  
                 _INTEDG 040E         __end_of_count_up 02A4         __end_of_dynamic1 0261  
       __end_of_dynamic2 01D0         __end_of_dynamic3 013F         __end_of_dynamic4 00AE  
                 saved_w 007E  __end_of__initialization 0017           __pcstackCOMMON 0070  
             __pmaintext 0261               __pintentry 0004                ?_count_up 0070  
              ?_dynamic1 0070                ?_dynamic2 0070                ?_dynamic3 0070  
              ?_dynamic4 0070                  __ptext0 0000                  __ptext1 001B  
                __ptext2 00AE                  __ptext3 013F                  __ptext4 01D0  
                __ptext5 0292                  _counter 0076     end_of_initialization 0017  
             ??_count_up 0070               ??_dynamic1 0074               ??_dynamic2 0074  
             ??_dynamic3 0074               ??_dynamic4 0074      start_initialization 0015  
            __pbssCOMMON 0076                ___latbits 0002        __size_of_count_up 0012  
      __size_of_dynamic1 0091        __size_of_dynamic2 0091        __size_of_dynamic3 0091  
      __size_of_dynamic4 0093        interrupt_function 0004                 _count_up 0292  
               _dynamic1 01D0                 _dynamic2 013F                 _dynamic3 00AE  
               _dynamic4 001B            __size_of_main 0031                 intlevel1 0000  
