

Microchip Technology PIC LITE Macro Assembler V1.31 build 56723 
                                                                                               Thu Jun 26 20:11:13 2014

Microchip Technology Omniscient Code Generator (Lite mode) build 56723
     1                           	processor	16F877A
     2                           	opt	pw 120
     3                           	opt	lm
     4                           	psect	maintext,global,class=CODE,split=1,delta=2
     5                           	psect	cinit,global,class=CODE,merge=1,delta=2
     6                           	psect	cstackCOMMON,global,class=COMMON,space=1,delta=1
     7                           	dabs	1,0x7E,2
     8  0000                     	;# 
     9  0001                     	;# 
    10  0002                     	;# 
    11  0003                     	;# 
    12  0004                     	;# 
    13  0005                     	;# 
    14  0006                     	;# 
    15  0007                     	;# 
    16  0008                     	;# 
    17  0009                     	;# 
    18  000A                     	;# 
    19  000B                     	;# 
    20  000C                     	;# 
    21  000D                     	;# 
    22  000E                     	;# 
    23  000E                     	;# 
    24  000F                     	;# 
    25  0010                     	;# 
    26  0011                     	;# 
    27  0012                     	;# 
    28  0013                     	;# 
    29  0014                     	;# 
    30  0015                     	;# 
    31  0015                     	;# 
    32  0016                     	;# 
    33  0017                     	;# 
    34  0018                     	;# 
    35  0019                     	;# 
    36  001A                     	;# 
    37  001B                     	;# 
    38  001B                     	;# 
    39  001C                     	;# 
    40  001D                     	;# 
    41  001E                     	;# 
    42  001F                     	;# 
    43  0081                     	;# 
    44  0085                     	;# 
    45  0086                     	;# 
    46  0087                     	;# 
    47  0088                     	;# 
    48  0089                     	;# 
    49  008C                     	;# 
    50  008D                     	;# 
    51  008E                     	;# 
    52  0091                     	;# 
    53  0092                     	;# 
    54  0093                     	;# 
    55  0094                     	;# 
    56  0098                     	;# 
    57  0099                     	;# 
    58  009C                     	;# 
    59  009D                     	;# 
    60  009E                     	;# 
    61  009F                     	;# 
    62  010C                     	;# 
    63  010D                     	;# 
    64  010E                     	;# 
    65  010F                     	;# 
    66  018C                     	;# 
    67  018D                     	;# 
    68  0028                     _RA0	set	40
    69  0029                     _RA1	set	41
    70  002A                     _RA2	set	42
    71  002B                     _RA3	set	43
    72  002C                     _RA4	set	44
    73  0085                     _TRISA	set	133
    74  0086                     _TRISB	set	134
    75  0087                     _TRISC	set	135
    76  0088                     _TRISD	set	136
    77  0089                     _TRISE	set	137
    78                           
    79                           	psect	maintext
    80  07EE                     __pmaintext:	
    81                           ; #config settings
    82                           
    83                           
    84                           ; 0 bytes @ 0x0
    85 ;;
    86 ;;Main: autosize = 0, tempsize = 0, incstack = 0, save=0
    87 ;;
    88 ;; *************** function _main *****************
    89 ;; Defined at:
    90 ;;		line 15 in file "dotmatrix.c"
    91 ;; Parameters:    Size  Location     Type
    92 ;;		None
    93 ;; Auto vars:     Size  Location     Type
    94 ;;		None
    95 ;; Return value:  Size  Location     Type
    96 ;;		None               void
    97 ;; Registers used:
    98 ;;		status,2
    99 ;; Tracked objects:
   100 ;;		On entry : 17F/0
   101 ;;		On exit  : 0/0
   102 ;;		Unchanged: 0/0
   103 ;; Data sizes:     COMMON   BANK0   BANK1   BANK3   BANK2
   104 ;;      Params:         0       0       0       0       0
   105 ;;      Locals:         0       0       0       0       0
   106 ;;      Temps:          0       0       0       0       0
   107 ;;      Totals:         0       0       0       0       0
   108 ;;Total ram usage:        0 bytes
   109 ;; This function calls:
   110 ;;		Nothing
   111 ;; This function is called by:
   112 ;;		Startup code after reset
   113 ;; This function uses a non-reentrant model
   114 ;;
   115  07EE                     _main:	
   116                           
   117                           ;dotmatrix.c: 17: TRISA = 0x00;
   118                           
   119                           ;incstack = 0
   120                           ; Regs used in _main: [status,2]
   121  07EE  1683               	bsf	3,5	;RP0=1, select bank1
   122  07EF  1303               	bcf	3,6	;RP1=0, select bank1
   123  07F0  0185               	clrf	5	;volatile
   124                           
   125                           ;dotmatrix.c: 18: TRISB = 0x00;
   126  07F1  0186               	clrf	6	;volatile
   127                           
   128                           ;dotmatrix.c: 19: TRISC = 0x00;
   129  07F2  0187               	clrf	7	;volatile
   130                           
   131                           ;dotmatrix.c: 20: TRISD = 0x00;
   132  07F3  0188               	clrf	8	;volatile
   133                           
   134                           ;dotmatrix.c: 21: TRISE = 0x00;
   135  07F4  0189               	clrf	9	;volatile
   136  07F5                     l485:	
   137                           ;dotmatrix.c: 22: while(1){
   138                           
   139                           
   140                           ;dotmatrix.c: 23: RA0=1;
   141  07F5  1283               	bcf	3,5	;RP0=0, select bank0
   142  07F6  1405               	bsf	5,0	;volatile
   143                           
   144                           ;dotmatrix.c: 24: RA1=0;
   145  07F7  1085               	bcf	5,1	;volatile
   146                           
   147                           ;dotmatrix.c: 25: RA2=1;
   148  07F8  1505               	bsf	5,2	;volatile
   149                           
   150                           ;dotmatrix.c: 26: RA3=0;
   151  07F9  1185               	bcf	5,3	;volatile
   152                           
   153                           ;dotmatrix.c: 27: RA4=0;
   154  07FA  1205               	bcf	5,4	;volatile
   155  07FB  2FF5               	goto	l485
   156  07FC                     __end_of_main:	
   157  007E                     btemp	set	126	;btemp
   158  007E                     wtemp	set	126
   159  007E                     wtemp0	set	126
   160  0080                     wtemp1	set	128
   161  0082                     wtemp2	set	130
   162  0084                     wtemp3	set	132
   163  0086                     wtemp4	set	134
   164  0088                     wtemp5	set	136
   165  007F                     wtemp6	set	127
   166  007E                     ttemp	set	126
   167  007E                     ttemp0	set	126
   168  0081                     ttemp1	set	129
   169  0084                     ttemp2	set	132
   170  0087                     ttemp3	set	135
   171  007F                     ttemp4	set	127
   172  007E                     ltemp	set	126
   173  007E                     ltemp0	set	126
   174  0082                     ltemp1	set	130
   175  0086                     ltemp2	set	134
   176  0080                     ltemp3	set	128
   177                           
   178                           	psect	cinit
   179  07FC                     start_initialization:	
   180                           ;psect for function _main
   181                           
   182  07FC                     __initialization:	
   183  07FC                     end_of_initialization:	
   184                           ;End of C runtime variable initialization code
   185                           
   186  07FC                     __end_of__initialization:	
   187  07FC  0183               	clrf	3
   188  07FD  120A  118A  2FEE   	ljmp	_main	;jump to C main() function
   189                           
   190                           	psect	cstackCOMMON
   191  0000                     __pcstackCOMMON:	
   192  0000                     ?_main:	
   193  0000                     ??_main:	
   194                           ; 0 bytes @ 0x0
   195                           


Data Sizes:
    Strings     0
    Constant    0
    Data        0
    BSS         0
    Persistent  0
    Stack       0

Auto Spaces:
    Space          Size  Autos    Used
    COMMON           14      0       0
    BANK0            80      0       0
    BANK1            80      0       0
    BANK3            96      0       0
    BANK2            96      0       0

Pointer List with Targets:

    None.

Critical Paths under _main in COMMON

    None.

Critical Paths under _main in BANK0

    None.

Critical Paths under _main in BANK1

    None.

Critical Paths under _main in BANK3

    None.

Critical Paths under _main in BANK2

    None.

Call Graph Tables:

 ---------------------------------------------------------------------------------
 (Depth) Function   	        Calls       Base Space   Used Autos Params    Refs
 ---------------------------------------------------------------------------------
 (0) _main                                                 0     0      0       0
 ---------------------------------------------------------------------------------
 Estimated maximum stack depth 0
 ---------------------------------------------------------------------------------

 Call Graph Graphs:

 _main (ROOT)

 Address spaces:
Name               Size   Autos  Total    Cost      Usage
BITCOMMON            E      0       0       0        0.0%
EEDATA             100      0       0       0        0.0%
NULL                 0      0       0       0        0.0%
CODE                 0      0       0       0        0.0%
COMMON               E      0       0       1        0.0%
BITSFR0              0      0       0       1        0.0%
SFR0                 0      0       0       1        0.0%
BITSFR1              0      0       0       2        0.0%
SFR1                 0      0       0       2        0.0%
STACK                0      0       0       2        0.0%
ABS                  0      0       0       3        0.0%
BITBANK0            50      0       0       4        0.0%
BITSFR3              0      0       0       4        0.0%
SFR3                 0      0       0       4        0.0%
BANK0               50      0       0       5        0.0%
BITSFR2              0      0       0       5        0.0%
SFR2                 0      0       0       5        0.0%
BITBANK1            50      0       0       6        0.0%
BANK1               50      0       0       7        0.0%
BITBANK3            60      0       0       8        0.0%
BANK3               60      0       0       9        0.0%
BITBANK2            60      0       0      10        0.0%
BANK2               60      0       0      11        0.0%
DATA                 0      0       0      12        0.0%


Microchip Technology PIC Macro Assembler V1.31 build 56723 
Symbol Table                                                                                   Thu Jun 26 20:11:13 2014

                    l485 07F5                      _RA0 0028                      _RA1 0029  
                    _RA2 002A                      _RA3 002B                      _RA4 002C  
                   _main 07EE                     btemp 007E                     ltemp 007E  
                   start 0000                     ttemp 007E                     wtemp 007E  
                  ?_main 0000                    _TRISA 0085                    _TRISB 0086  
                  _TRISC 0087                    _TRISD 0088                    _TRISE 0089  
                  ltemp0 007E                    ltemp1 0082                    ltemp2 0086  
                  ltemp3 0080                    ttemp0 007E                    ttemp1 0081  
                  ttemp2 0084                    ttemp3 0087                    ttemp4 007F  
                  status 0003                    wtemp0 007E                    wtemp1 0080  
                  wtemp2 0082                    wtemp3 0084                    wtemp4 0086  
                  wtemp5 0088                    wtemp6 007F          __initialization 07FC  
           __end_of_main 07FC                   ??_main 0000  __end_of__initialization 07FC  
         __pcstackCOMMON 0000               __pmaintext 07EE     end_of_initialization 07FC  
    start_initialization 07FC                ___latbits 0002            __size_of_main 000E  
