

Microchip Technology PIC LITE Macro Assembler V1.31 build 56723 
                                                                                               Sat Sep 13 17:14:29 2014

Microchip Technology Omniscient Code Generator (Lite mode) build 56723
     1                           	processor	16F873
     2                           	opt	pw 120
     3                           	opt	lm
     4                           	psect	idataBANK0,global,class=CODE,delta=2
     5                           	psect	cinit,global,class=CODE,merge=1,delta=2
     6                           	psect	dataBANK0,global,class=BANK0,space=1,delta=1
     7                           	psect	inittext,global,class=CODE,delta=2
     8                           	psect	cstackCOMMON,global,class=COMMON,space=1,delta=1
     9                           	psect	cstackBANK0,global,class=BANK0,space=1,delta=1
    10                           	psect	maintext,global,class=CODE,split=1,delta=2
    11                           	psect	text1,local,class=CODE,merge=1,delta=2
    12                           	dabs	1,0x7E,2
    13  0000                     	;# 
    14  0001                     	;# 
    15  0002                     	;# 
    16  0003                     	;# 
    17  0004                     	;# 
    18  0005                     	;# 
    19  0006                     	;# 
    20  0007                     	;# 
    21  000A                     	;# 
    22  000B                     	;# 
    23  000C                     	;# 
    24  000D                     	;# 
    25  000E                     	;# 
    26  000E                     	;# 
    27  000F                     	;# 
    28  0010                     	;# 
    29  0011                     	;# 
    30  0012                     	;# 
    31  0013                     	;# 
    32  0014                     	;# 
    33  0015                     	;# 
    34  0015                     	;# 
    35  0016                     	;# 
    36  0017                     	;# 
    37  0018                     	;# 
    38  0019                     	;# 
    39  001A                     	;# 
    40  001B                     	;# 
    41  001B                     	;# 
    42  001C                     	;# 
    43  001D                     	;# 
    44  001E                     	;# 
    45  001F                     	;# 
    46  0081                     	;# 
    47  0085                     	;# 
    48  0086                     	;# 
    49  0087                     	;# 
    50  008C                     	;# 
    51  008D                     	;# 
    52  008E                     	;# 
    53  0091                     	;# 
    54  0092                     	;# 
    55  0093                     	;# 
    56  0094                     	;# 
    57  0098                     	;# 
    58  0099                     	;# 
    59  009E                     	;# 
    60  009F                     	;# 
    61  010C                     	;# 
    62  010D                     	;# 
    63  010E                     	;# 
    64  010F                     	;# 
    65  018C                     	;# 
    66  018D                     	;# 
    67                           
    68                           	psect	idataBANK0
    69  0797                     __pidataBANK0:	
    70                           
    71                           ;initializer for _w_chara
    72  0797  3400               	retlw	0
    73  0798  3400               	retlw	0
    74  0799  3440               	retlw	64
    75  079A  3400               	retlw	0
    76  079B  34C0               	retlw	192
    77  079C  3460               	retlw	96
    78  079D  34C0               	retlw	192
    79  079E  3439               	retlw	57
    80  079F  34C0               	retlw	192
    81  07A0  343F               	retlw	63
    82  07A1  34E0               	retlw	224
    83  07A2  341F               	retlw	31
    84  07A3  34F8               	retlw	248
    85  07A4  340F               	retlw	15
    86  07A5  34FE               	retlw	254
    87  07A6  3407               	retlw	7
    88  07A7  34F8               	retlw	248
    89  07A8  340F               	retlw	15
    90  07A9  34E0               	retlw	224
    91  07AA  341F               	retlw	31
    92  07AB  34C0               	retlw	192
    93  07AC  343F               	retlw	63
    94  07AD  34C0               	retlw	192
    95  07AE  3439               	retlw	57
    96  07AF  34C0               	retlw	192
    97  07B0  3460               	retlw	96
    98  07B1  3440               	retlw	64
    99  07B2  3400               	retlw	0
   100  07B3  3400               	retlw	0
   101  07B4  3400               	retlw	0
   102  07B5  3400               	retlw	0
   103  07B6  3400               	retlw	0
   104  0005                     _PORTA	set	5
   105  0006                     _PORTB	set	6
   106  0007                     _PORTC	set	7
   107  0085                     _TRISA	set	133
   108  0086                     _TRISB	set	134
   109  0087                     _TRISC	set	135
   110                           
   111                           ; #config settings
   112  0000                     
   113                           	psect	cinit
   114  07F2                     start_initialization:	
   115  07F2                     __initialization:	
   116                           
   117                           ; Initialize objects allocated to BANK0
   118  07F2  1383               	bcf	3,7	;select IRP bank0
   119  07F3  3040               	movlw	low (__pdataBANK0+32)
   120  07F4  00FD               	movwf	btemp+-1
   121  07F5  3007               	movlw	high __pidataBANK0
   122  07F6  00FE               	movwf	btemp
   123  07F7  3097               	movlw	low __pidataBANK0
   124  07F8  00FF               	movwf	btemp+1
   125  07F9  3020               	movlw	low __pdataBANK0
   126  07FA  0084               	movwf	4
   127  07FB  118A  278B         	fcall	init_ram0
   128  07FD                     end_of_initialization:	
   129                           ;End of C runtime variable initialization code
   130                           
   131  07FD                     __end_of__initialization:	
   132  07FD  0183               	clrf	3
   133  07FE  118A  2F78         	ljmp	_main	;jump to C main() function
   134                           
   135                           	psect	dataBANK0
   136  0020                     __pdataBANK0:	
   137  0020                     _w_chara:	
   138  0020                     	ds	32
   139                           
   140                           	psect	inittext
   141  0787                     init_fetch0:	
   142                           ;	Called with low address in FSR and high address in W
   143                           
   144  0787  087E               	movf	126,w
   145  0788  008A               	movwf	10
   146  0789  087F               	movf	127,w
   147  078A  0082               	movwf	2
   148  078B                     init_ram0:	
   149                           ;Called with:
   150                           ;	high address of idata address in btemp 
   151                           ;	low address of idata address in btemp+1 
   152                           ;	low address of data in FSR
   153                           ;	high address + 1 of data in btemp-1
   154                           
   155  078B  2787  118A         	fcall	init_fetch0
   156  078D  0080               	movwf	0
   157  078E  0A84               	incf	4,f
   158  078F  0804               	movf	4,w
   159  0790  067D               	xorwf	125,w
   160  0791  1903               	btfsc	3,2
   161  0792  3400               	retlw	0
   162  0793  0AFF               	incf	127,f
   163  0794  1903               	btfsc	3,2
   164  0795  0AFE               	incf	126,f
   165  0796  2F8B               	goto	init_ram0
   166                           
   167                           	psect	cstackCOMMON
   168  0000                     __pcstackCOMMON:	
   169  0000                     ??_main:	
   170                           
   171                           	psect	cstackBANK0
   172  0040                     __pcstackBANK0:	
   173                           ; 0 bytes @ 0x0
   174                           
   175  0040                     ?_word2:	
   176  0040                     ??_word2:	
   177                           ; 0 bytes @ 0x0
   178                           
   179  0040                     ?_main:	
   180                           ; 0 bytes @ 0x0
   181                           
   182                           
   183                           ; 0 bytes @ 0x0
   184  0040                     	ds	4
   185  0044                     word2@a:	
   186                           
   187                           ; 1 bytes @ 0x4
   188  0044                     	ds	1
   189  0045                     word2@i:	
   190                           
   191                           ; 2 bytes @ 0x5
   192  0045                     	ds	2
   193                           
   194                           	psect	maintext
   195  0778                     __pmaintext:	
   196 ;;
   197 ;;Main: autosize = 0, tempsize = 0, incstack = 0, save=0
   198 ;;
   199 ;; *************** function _main *****************
   200 ;; Defined at:
   201 ;;		line 31 in file "dotmatrix_pat2.c"
   202 ;; Parameters:    Size  Location     Type
   203 ;;		None
   204 ;; Auto vars:     Size  Location     Type
   205 ;;		None
   206 ;; Return value:  Size  Location     Type
   207 ;;		None               void
   208 ;; Registers used:
   209 ;;		wreg, fsr0l, fsr0h, status,2, status,0, btemp+1, pclath, cstack
   210 ;; Tracked objects:
   211 ;;		On entry : 17F/0
   212 ;;		On exit  : 0/0
   213 ;;		Unchanged: 0/0
   214 ;; Data sizes:     COMMON   BANK0   BANK1
   215 ;;      Params:         0       0       0
   216 ;;      Locals:         0       0       0
   217 ;;      Temps:          0       0       0
   218 ;;      Totals:         0       0       0
   219 ;;Total ram usage:        0 bytes
   220 ;; Hardware stack levels required when called:    1
   221 ;; This function calls:
   222 ;;		_word2
   223 ;; This function is called by:
   224 ;;		Startup code after reset
   225 ;; This function uses a non-reentrant model
   226 ;;
   227                           
   228                           
   229                           ;psect for function _main
   230  0778                     _main:	
   231                           
   232                           ;dotmatrix_pat2.c: 33: TRISA = 0x00;
   233                           
   234                           ;incstack = 0
   235                           ; Regs used in _main: [wreg-fsr0h+status,2+status,0+btemp+1+pclath+cstack]
   236  0778  1683               	bsf	3,5	;RP0=1, select bank1
   237  0779  1303               	bcf	3,6	;RP1=0, select bank1
   238  077A  0185               	clrf	5	;volatile
   239                           
   240                           ;dotmatrix_pat2.c: 34: TRISB = 0x00;
   241  077B  0186               	clrf	6	;volatile
   242                           
   243                           ;dotmatrix_pat2.c: 35: TRISC = 0x00;
   244  077C  0187               	clrf	7	;volatile
   245                           
   246                           ;dotmatrix_pat2.c: 37: PORTA = 0x00;
   247  077D  1283               	bcf	3,5	;RP0=0, select bank0
   248  077E  1303               	bcf	3,6	;RP1=0, select bank0
   249  077F  0185               	clrf	5	;volatile
   250                           
   251                           ;dotmatrix_pat2.c: 38: PORTB = 0x00;
   252  0780  0186               	clrf	6	;volatile
   253                           
   254                           ;dotmatrix_pat2.c: 39: PORTC = 0x00;
   255  0781  0187               	clrf	7	;volatile
   256                           
   257                           ;dotmatrix_pat2.c: 41: word2(w_chara);
   258  0782  3020               	movlw	_w_chara& (0+255)
   259  0783  118A  27B7         	fcall	_word2
   260  0785  118A  2800         	ljmp	start
   261  0787                     __end_of_main:	
   262                           
   263                           	psect	text1
   264  07B7                     __ptext1:	
   265 ;; *************** function _word2 *****************
   266 ;; Defined at:
   267 ;;		line 49 in file "dotmatrix_pat2.c"
   268 ;; Parameters:    Size  Location     Type
   269 ;;  a               1    wreg     PTR unsigned int 
   270 ;;		 -> w_chara(32), 
   271 ;; Auto vars:     Size  Location     Type
   272 ;;  a               1    4[BANK0 ] PTR unsigned int 
   273 ;;		 -> w_chara(32), 
   274 ;;  i               2    5[BANK0 ] int 
   275 ;; Return value:  Size  Location     Type
   276 ;;		None               void
   277 ;; Registers used:
   278 ;;		wreg, fsr0l, fsr0h, status,2, status,0, btemp+1
   279 ;; Tracked objects:
   280 ;;		On entry : 0/0
   281 ;;		On exit  : 0/0
   282 ;;		Unchanged: 0/0
   283 ;; Data sizes:     COMMON   BANK0   BANK1
   284 ;;      Params:         0       0       0
   285 ;;      Locals:         0       3       0
   286 ;;      Temps:          0       4       0
   287 ;;      Totals:         0       7       0
   288 ;;Total ram usage:        7 bytes
   289 ;; Hardware stack levels used:    1
   290 ;; This function calls:
   291 ;;		Nothing
   292 ;; This function is called by:
   293 ;;		_main
   294 ;; This function uses a non-reentrant model
   295 ;;
   296                           
   297                           
   298                           ;psect for function _word2
   299  07B7                     _word2:	
   300                           
   301                           ;incstack = 0
   302                           ; Regs used in _word2: [wreg-fsr0h+status,2+status,0+btemp+1]
   303                           ;word2@a stored from wreg
   304  07B7  1283               	bcf	3,5	;RP0=0, select bank0
   305  07B8  1303               	bcf	3,6	;RP1=0, select bank0
   306  07B9  00C4               	movwf	word2@a
   307                           
   308                           ;dotmatrix_pat2.c: 50: for(int i=0;i<16;i++){
   309  07BA  01C5               	clrf	word2@i
   310  07BB  01C6               	clrf	word2@i+1
   311  07BC                     L1:	
   312  07BC  0846               	movf	word2@i+1,w
   313  07BD  3A80               	xorlw	128
   314  07BE  00FF               	movwf	127
   315  07BF  3080               	movlw	128
   316  07C0  027F               	subwf	127,w
   317  07C1  1D03               	skipz
   318  07C2  2FC5               	goto	u55
   319  07C3  3010               	movlw	16
   320  07C4  0245               	subwf	word2@i,w
   321  07C5                     u55:	
   322  07C5  1803               	btfsc	3,0
   323  07C6  0008               	return
   324                           
   325                           ;dotmatrix_pat2.c: 51: PORTB=a[i] >> 8;
   326  07C7  1283               	bcf	3,5	;RP0=0, select bank0
   327  07C8  1303               	bcf	3,6	;RP1=0, select bank0
   328  07C9  0845               	movf	word2@i,w
   329  07CA  00C0               	movwf	??_word2
   330  07CB  0740               	addwf	??_word2,w
   331  07CC  0744               	addwf	word2@a,w
   332  07CD  00C1               	movwf	??_word2+1
   333  07CE  0841               	movf	??_word2+1,w
   334  07CF  0084               	movwf	4
   335  07D0  1383               	bcf	3,7	;select IRP bank0
   336  07D1  0800               	movf	0,w
   337  07D2  00C2               	movwf	??_word2+2
   338  07D3  0A84               	incf	4,f
   339  07D4  0800               	movf	0,w
   340  07D5  00C3               	movwf	??_word2+3
   341  07D6  0843               	movf	??_word2+3,w
   342  07D7  0086               	movwf	6	;volatile
   343                           
   344                           ;dotmatrix_pat2.c: 52: PORTC=a[i] & 0xff;
   345  07D8  0845               	movf	word2@i,w
   346  07D9  00C0               	movwf	??_word2
   347  07DA  0740               	addwf	??_word2,w
   348  07DB  0744               	addwf	word2@a,w
   349  07DC  00C1               	movwf	??_word2+1
   350  07DD  0841               	movf	??_word2+1,w
   351  07DE  0084               	movwf	4
   352  07DF  0800               	movf	0,w
   353  07E0  0087               	movwf	7	;volatile
   354                           
   355                           ;dotmatrix_pat2.c: 53: _delay((unsigned long)((1)*(20000000/4000.0)));
   356  07E1  3007               	movlw	7
   357  07E2  00C1               	movwf	??_word2+1
   358  07E3  307D               	movlw	125
   359  07E4  00C0               	movwf	??_word2
   360  07E5                     u77:	
   361  07E5  0BC0               	decfsz	??_word2,f
   362  07E6  2FE5               	goto	u77
   363  07E7  0BC1               	decfsz	??_word2+1,f
   364  07E8  2FE5               	goto	u77
   365  07E9  3001               	movlw	1
   366  07EA  1283               	bcf	3,5	;RP0=0, select bank0
   367  07EB  1303               	bcf	3,6	;RP1=0, select bank0
   368  07EC  07C5               	addwf	word2@i,f
   369  07ED  1803               	skipnc
   370  07EE  0AC6               	incf	word2@i+1,f
   371  07EF  3000               	movlw	0
   372  07F0  07C6               	addwf	word2@i+1,f
   373  07F1  2FBC               	goto	L1
   374  07F2                     __end_of_word2:	
   375  007E                     btemp	set	126	;btemp
   376  007E                     wtemp	set	126
   377  007E                     wtemp0	set	126
   378  0080                     wtemp1	set	128
   379  0082                     wtemp2	set	130
   380  0084                     wtemp3	set	132
   381  0086                     wtemp4	set	134
   382  0088                     wtemp5	set	136
   383  007F                     wtemp6	set	127
   384  007E                     ttemp	set	126
   385  007E                     ttemp0	set	126
   386  0081                     ttemp1	set	129
   387  0084                     ttemp2	set	132
   388  0087                     ttemp3	set	135
   389  007F                     ttemp4	set	127
   390  007E                     ltemp	set	126
   391  007E                     ltemp0	set	126
   392  0082                     ltemp1	set	130
   393  0086                     ltemp2	set	134
   394  0080                     ltemp3	set	128


Data Sizes:
    Strings     0
    Constant    0
    Data        32
    BSS         0
    Persistent  0
    Stack       0

Auto Spaces:
    Space          Size  Autos    Used
    COMMON            0      0       0
    BANK0            94      7      39
    BANK1            94      0       0

Pointer List with Targets:

    word2@a	PTR unsigned int  size(1) Largest target is 32
		 -> w_chara(BANK0[32]), 


Critical Paths under _main in COMMON

    None.

Critical Paths under _main in BANK0

    _main->_word2

Critical Paths under _main in BANK1

    None.

Call Graph Tables:

 ---------------------------------------------------------------------------------
 (Depth) Function   	        Calls       Base Space   Used Autos Params    Refs
 ---------------------------------------------------------------------------------
 (0) _main                                                 0     0      0     161
                              _word2
 ---------------------------------------------------------------------------------
 (1) _word2                                                7     7      0     161
                                              0 BANK0      7     7      0
 ---------------------------------------------------------------------------------
 Estimated maximum stack depth 1
 ---------------------------------------------------------------------------------

 Call Graph Graphs:

 _main (ROOT)
   _word2

 Address spaces:
Name               Size   Autos  Total    Cost      Usage
SFR3                 0      0       0       4        0.0%
BITSFR3              0      0       0       4        0.0%
SFR2                 0      0       0       5        0.0%
BITSFR2              0      0       0       5        0.0%
BANK1               5E      0       0       6        0.0%
BITBANK1            5E      0       0       5        0.0%
SFR1                 0      0       0       2        0.0%
BITSFR1              0      0       0       2        0.0%
BANK0               5E      7      27       4       41.5%
BITBANK0            5E      0       0       3        0.0%
SFR0                 0      0       0       1        0.0%
BITSFR0              0      0       0       1        0.0%
COMMON               0      0       0       1        0.0%
BITCOMMON            0      0       0       0        0.0%
CODE                 0      0       0       0        0.0%
DATA                 0      0      27       8        0.0%
ABS                  0      0      27       7        0.0%
NULL                 0      0       0       0        0.0%
STACK                0      0       0       2        0.0%
EEDATA              80      0       0       0        0.0%


Microchip Technology PIC Macro Assembler V1.31 build 56723 
Symbol Table                                                                                   Sat Sep 13 17:14:29 2014

                      pc 0002              __CFG_CP$OFF 0000                       u55 07C5  
                     u77 07E5                       fsr 0004             __CFG_CPD$OFF 0000  
                    fsr0 0004                      indf 0000             __CFG_FOSC$HS 0000  
           __CFG_LVP$OFF 0000             __CFG_WRT$OFF 0000                     _main 0778  
                   btemp 007E                     ltemp 007E                     start 0000  
                   ttemp 007E                     wtemp 007E                    ?_main 0040  
          __CFG_WDTE$OFF 0000           __CFG_DEBUG$OFF 0000                    _PORTA 0005  
                  _PORTB 0006                    _PORTC 0007                    _TRISA 0085  
                  _TRISB 0086                    _TRISC 0087            __CFG_PWRTE$ON 0000  
                  _word2 07B7           __CFG_BOREN$OFF 0000                    pclath 000A  
                  ltemp0 007E                    ltemp1 0082                    ltemp2 0086  
                  ltemp3 0080                    ttemp0 007E                    ttemp1 0081  
                  ttemp2 0084                    ttemp3 0087                    ttemp4 007F  
                  status 0003                    wtemp0 007E                    wtemp1 0080  
                  wtemp2 0082                    wtemp3 0084                    wtemp4 0086  
                  wtemp5 0088                    wtemp6 007F          __initialization 07F2  
           __end_of_main 0787                   ??_main 0000                   ?_word2 0040  
                 word2@a 0044                   word2@i 0045  __end_of__initialization 07FD  
         __pcstackCOMMON 0000             __pidataBANK0 0797            __end_of_word2 07F2  
                ??_word2 0040               __pmaintext 0778                  __ptext1 07B7  
                _w_chara 0020     end_of_initialization 07FD      start_initialization 07F2  
             init_fetch0 0787              __pdataBANK0 0020                ___latbits 0001  
          __pcstackBANK0 0040           __size_of_word2 003B            __size_of_main 000F  
               init_ram0 078B  
