

Microchip Technology PIC LITE Macro Assembler V1.31 build 56723 
                                                                                               Sat Sep 13 17:14:32 2014

Microchip Technology Omniscient Code Generator (Lite mode) build 56723
     1                           	processor	16F877
     2                           	opt	pw 120
     3                           	opt	lm
     4                           	psect	text0,local,class=CODE,merge=1,delta=2
     5                           	psect	cinit,global,class=CODE,merge=1,delta=2
     6                           	psect	bssCOMMON,global,class=COMMON,space=1,delta=1
     7                           	psect	cstackCOMMON,global,class=COMMON,space=1,delta=1
     8                           	psect	maintext,global,class=CODE,split=1,delta=2
     9                           	psect	text1,local,class=CODE,merge=1,delta=2
    10                           	dabs	1,0x7E,2
    11  0000                     	;# 
    12  0001                     	;# 
    13  0002                     	;# 
    14  0003                     	;# 
    15  0004                     	;# 
    16  0005                     	;# 
    17  0006                     	;# 
    18  0007                     	;# 
    19  0008                     	;# 
    20  0009                     	;# 
    21  000A                     	;# 
    22  000B                     	;# 
    23  000C                     	;# 
    24  000D                     	;# 
    25  000E                     	;# 
    26  000E                     	;# 
    27  000F                     	;# 
    28  0010                     	;# 
    29  0011                     	;# 
    30  0012                     	;# 
    31  0013                     	;# 
    32  0014                     	;# 
    33  0015                     	;# 
    34  0015                     	;# 
    35  0016                     	;# 
    36  0017                     	;# 
    37  0018                     	;# 
    38  0019                     	;# 
    39  001A                     	;# 
    40  001B                     	;# 
    41  001B                     	;# 
    42  001C                     	;# 
    43  001D                     	;# 
    44  001E                     	;# 
    45  001F                     	;# 
    46  0081                     	;# 
    47  0085                     	;# 
    48  0086                     	;# 
    49  0087                     	;# 
    50  0088                     	;# 
    51  0089                     	;# 
    52  008C                     	;# 
    53  008D                     	;# 
    54  008E                     	;# 
    55  0091                     	;# 
    56  0092                     	;# 
    57  0093                     	;# 
    58  0094                     	;# 
    59  0098                     	;# 
    60  0099                     	;# 
    61  009E                     	;# 
    62  009F                     	;# 
    63  010C                     	;# 
    64  010D                     	;# 
    65  010E                     	;# 
    66  010F                     	;# 
    67  018C                     	;# 
    68  018D                     	;# 
    69  0006                     _PORTB	set	6
    70  0086                     _TRISB	set	134
    71                           
    72                           	psect	text0
    73  0000                     __ptext0:	
    74                           ; #config settings
    75                           
    76                           
    77                           ;psect for function _dynamic
    78  0000                     
    79                           	psect	cinit
    80  07FA                     start_initialization:	
    81  07FA                     __initialization:	
    82                           
    83                           ; Clear objects allocated to COMMON
    84  07FA  01F0               	clrf	__pbssCOMMON& (0+127)
    85  07FB  01F1               	clrf	(__pbssCOMMON+1)& (0+127)
    86  07FC                     end_of_initialization:	
    87                           ;End of C runtime variable initialization code
    88                           
    89  07FC                     __end_of__initialization:	
    90  07FC  0183               	clrf	3
    91  07FD  120A  118A  2F29   	ljmp	_main	;jump to C main() function
    92                           
    93                           	psect	bssCOMMON
    94  0070                     __pbssCOMMON:	
    95  0070                     _counter:	
    96  0070                     	ds	2
    97                           
    98                           	psect	cstackCOMMON
    99  0072                     __pcstackCOMMON:	
   100  0072                     ??_dynamic:	
   101  0072                     ?_main:	
   102                           ; 0 bytes @ 0x0
   103                           
   104  0072                     ?_dynamic:	
   105                           ; 0 bytes @ 0x0
   106                           
   107                           
   108                           ; 2 bytes @ 0x0
   109  0072                     	ds	2
   110  0074                     ??_main:	
   111                           
   112                           	psect	maintext
   113  0729                     __pmaintext:	
   114                           ; 0 bytes @ 0x2
   115 ;;
   116 ;;Main: autosize = 0, tempsize = 0, incstack = 0, save=0
   117 ;;
   118 ;; *************** function _main *****************
   119 ;; Defined at:
   120 ;;		line 35 in file "dotmatrix_decorder.c"
   121 ;; Parameters:    Size  Location     Type
   122 ;;		None
   123 ;; Auto vars:     Size  Location     Type
   124 ;;		None
   125 ;; Return value:  Size  Location     Type
   126 ;;		None               void
   127 ;; Registers used:
   128 ;;		wreg, status,2, status,0, pclath, cstack
   129 ;; Tracked objects:
   130 ;;		On entry : 17F/0
   131 ;;		On exit  : 0/0
   132 ;;		Unchanged: 0/0
   133 ;; Data sizes:     COMMON   BANK0   BANK1   BANK3   BANK2
   134 ;;      Params:         0       0       0       0       0
   135 ;;      Locals:         0       0       0       0       0
   136 ;;      Temps:          0       0       0       0       0
   137 ;;      Totals:         0       0       0       0       0
   138 ;;Total ram usage:        0 bytes
   139 ;; Hardware stack levels required when called:    1
   140 ;; This function calls:
   141 ;;		_dynamic
   142 ;; This function is called by:
   143 ;;		Startup code after reset
   144 ;; This function uses a non-reentrant model
   145 ;;
   146                           
   147                           
   148                           ;psect for function _main
   149  0729                     _main:	
   150                           
   151                           ;dotmatrix_decorder.c: 37: TRISB = 0x00;
   152                           
   153                           ;incstack = 0
   154                           ; Regs used in _main: [wreg+status,2+status,0+pclath+cstack]
   155  0729  1683               	bsf	3,5	;RP0=1, select bank1
   156  072A  1303               	bcf	3,6	;RP1=0, select bank1
   157  072B  0186               	clrf	6	;volatile
   158                           
   159                           ;dotmatrix_decorder.c: 38: PORTB = 0x00;
   160  072C  1283               	bcf	3,5	;RP0=0, select bank0
   161  072D  1303               	bcf	3,6	;RP1=0, select bank0
   162  072E  0186               	clrf	6	;volatile
   163  072F                     l516:	
   164                           ;dotmatrix_decorder.c: 40: while(1){
   165                           
   166                           
   167                           ;dotmatrix_decorder.c: 41: dynamic();
   168  072F  120A  118A  2735   	fcall	_dynamic
      +       120A  118A         
   169  0734  2F2F               	goto	l516
   170  0735                     __end_of_main:	
   171                           
   172                           	psect	text1
   173  0735                     __ptext1:	
   174 ;; *************** function _dynamic *****************
   175 ;; Defined at:
   176 ;;		line 44 in file "dotmatrix_decorder.c"
   177 ;; Parameters:    Size  Location     Type
   178 ;;		None
   179 ;; Auto vars:     Size  Location     Type
   180 ;;		None
   181 ;; Return value:  Size  Location     Type
   182 ;;                  2    6[COMMON] int 
   183 ;; Registers used:
   184 ;;		wreg, status,2
   185 ;; Tracked objects:
   186 ;;		On entry : 0/0
   187 ;;		On exit  : 0/0
   188 ;;		Unchanged: 0/0
   189 ;; Data sizes:     COMMON   BANK0   BANK1   BANK3   BANK2
   190 ;;      Params:         0       0       0       0       0
   191 ;;      Locals:         0       0       0       0       0
   192 ;;      Temps:          2       0       0       0       0
   193 ;;      Totals:         2       0       0       0       0
   194 ;;Total ram usage:        2 bytes
   195 ;; Hardware stack levels used:    1
   196 ;; This function calls:
   197 ;;		Nothing
   198 ;; This function is called by:
   199 ;;		_main
   200 ;; This function uses a non-reentrant model
   201 ;;
   202                           
   203                           
   204                           ;psect for function _dynamic
   205  0735                     _dynamic:	
   206                           
   207                           ;dotmatrix_decorder.c: 45: PORTB = 0b10000000;
   208                           
   209                           ;incstack = 0
   210                           ; Regs used in _dynamic: [wreg+status,2]
   211  0735  3080               	movlw	128
   212  0736  1283               	bcf	3,5	;RP0=0, select bank0
   213  0737  1303               	bcf	3,6	;RP1=0, select bank0
   214  0738  0086               	movwf	6	;volatile
   215                           
   216                           ;dotmatrix_decorder.c: 46: _delay((unsigned long)((1)*(20000000/4000.0)));
   217  0739  3007               	movlw	7
   218  073A  00F3               	movwf	??_dynamic+1
   219  073B  307D               	movlw	125
   220  073C  00F2               	movwf	??_dynamic
   221  073D                     u17:	
   222  073D  0BF2               	decfsz	??_dynamic,f
   223  073E  2F3D               	goto	u17
   224  073F  0BF3               	decfsz	??_dynamic+1,f
   225  0740  2F3D               	goto	u17
   226                           
   227                           ;dotmatrix_decorder.c: 47: PORTB = 0b10010000;
   228  0741  3090               	movlw	144
   229  0742  1283               	bcf	3,5	;RP0=0, select bank0
   230  0743  1303               	bcf	3,6	;RP1=0, select bank0
   231  0744  0086               	movwf	6	;volatile
   232                           
   233                           ;dotmatrix_decorder.c: 48: _delay((unsigned long)((1)*(20000000/4000.0)));
   234  0745  3007               	movlw	7
   235  0746  00F3               	movwf	??_dynamic+1
   236  0747  307D               	movlw	125
   237  0748  00F2               	movwf	??_dynamic
   238  0749                     u27:	
   239  0749  0BF2               	decfsz	??_dynamic,f
   240  074A  2F49               	goto	u27
   241  074B  0BF3               	decfsz	??_dynamic+1,f
   242  074C  2F49               	goto	u27
   243                           
   244                           ;dotmatrix_decorder.c: 49: PORTB = 0b10100000;
   245  074D  30A0               	movlw	160
   246  074E  1283               	bcf	3,5	;RP0=0, select bank0
   247  074F  1303               	bcf	3,6	;RP1=0, select bank0
   248  0750  0086               	movwf	6	;volatile
   249                           
   250                           ;dotmatrix_decorder.c: 50: _delay((unsigned long)((1)*(20000000/4000.0)));
   251  0751  3007               	movlw	7
   252  0752  00F3               	movwf	??_dynamic+1
   253  0753  307D               	movlw	125
   254  0754  00F2               	movwf	??_dynamic
   255  0755                     u37:	
   256  0755  0BF2               	decfsz	??_dynamic,f
   257  0756  2F55               	goto	u37
   258  0757  0BF3               	decfsz	??_dynamic+1,f
   259  0758  2F55               	goto	u37
   260                           
   261                           ;dotmatrix_decorder.c: 51: PORTB = 0b10110000;
   262  0759  30B0               	movlw	176
   263  075A  1283               	bcf	3,5	;RP0=0, select bank0
   264  075B  1303               	bcf	3,6	;RP1=0, select bank0
   265  075C  0086               	movwf	6	;volatile
   266                           
   267                           ;dotmatrix_decorder.c: 52: _delay((unsigned long)((1)*(20000000/4000.0)));
   268  075D  3007               	movlw	7
   269  075E  00F3               	movwf	??_dynamic+1
   270  075F  307D               	movlw	125
   271  0760  00F2               	movwf	??_dynamic
   272  0761                     u47:	
   273  0761  0BF2               	decfsz	??_dynamic,f
   274  0762  2F61               	goto	u47
   275  0763  0BF3               	decfsz	??_dynamic+1,f
   276  0764  2F61               	goto	u47
   277                           
   278                           ;dotmatrix_decorder.c: 53: PORTB = 0b11000000;
   279  0765  30C0               	movlw	192
   280  0766  1283               	bcf	3,5	;RP0=0, select bank0
   281  0767  1303               	bcf	3,6	;RP1=0, select bank0
   282  0768  0086               	movwf	6	;volatile
   283                           
   284                           ;dotmatrix_decorder.c: 54: _delay((unsigned long)((1)*(20000000/4000.0)));
   285  0769  3007               	movlw	7
   286  076A  00F3               	movwf	??_dynamic+1
   287  076B  307D               	movlw	125
   288  076C  00F2               	movwf	??_dynamic
   289  076D                     u57:	
   290  076D  0BF2               	decfsz	??_dynamic,f
   291  076E  2F6D               	goto	u57
   292  076F  0BF3               	decfsz	??_dynamic+1,f
   293  0770  2F6D               	goto	u57
   294                           
   295                           ;dotmatrix_decorder.c: 55: PORTB = 0b11010000;
   296  0771  30D0               	movlw	208
   297  0772  1283               	bcf	3,5	;RP0=0, select bank0
   298  0773  1303               	bcf	3,6	;RP1=0, select bank0
   299  0774  0086               	movwf	6	;volatile
   300                           
   301                           ;dotmatrix_decorder.c: 56: _delay((unsigned long)((1)*(20000000/4000.0)));
   302  0775  3007               	movlw	7
   303  0776  00F3               	movwf	??_dynamic+1
   304  0777  307D               	movlw	125
   305  0778  00F2               	movwf	??_dynamic
   306  0779                     u67:	
   307  0779  0BF2               	decfsz	??_dynamic,f
   308  077A  2F79               	goto	u67
   309  077B  0BF3               	decfsz	??_dynamic+1,f
   310  077C  2F79               	goto	u67
   311                           
   312                           ;dotmatrix_decorder.c: 57: PORTB = 0b11100000;
   313  077D  30E0               	movlw	224
   314  077E  1283               	bcf	3,5	;RP0=0, select bank0
   315  077F  1303               	bcf	3,6	;RP1=0, select bank0
   316  0780  0086               	movwf	6	;volatile
   317                           
   318                           ;dotmatrix_decorder.c: 58: _delay((unsigned long)((1)*(20000000/4000.0)));
   319  0781  3007               	movlw	7
   320  0782  00F3               	movwf	??_dynamic+1
   321  0783  307D               	movlw	125
   322  0784  00F2               	movwf	??_dynamic
   323  0785                     u77:	
   324  0785  0BF2               	decfsz	??_dynamic,f
   325  0786  2F85               	goto	u77
   326  0787  0BF3               	decfsz	??_dynamic+1,f
   327  0788  2F85               	goto	u77
   328                           
   329                           ;dotmatrix_decorder.c: 59: PORTB = 0b11110000;
   330  0789  30F0               	movlw	240
   331  078A  1283               	bcf	3,5	;RP0=0, select bank0
   332  078B  1303               	bcf	3,6	;RP1=0, select bank0
   333  078C  0086               	movwf	6	;volatile
   334                           
   335                           ;dotmatrix_decorder.c: 60: _delay((unsigned long)((1)*(20000000/4000.0)));
   336  078D  3007               	movlw	7
   337  078E  00F3               	movwf	??_dynamic+1
   338  078F  307D               	movlw	125
   339  0790  00F2               	movwf	??_dynamic
   340  0791                     u87:	
   341  0791  0BF2               	decfsz	??_dynamic,f
   342  0792  2F91               	goto	u87
   343  0793  0BF3               	decfsz	??_dynamic+1,f
   344  0794  2F91               	goto	u87
   345                           
   346                           ;dotmatrix_decorder.c: 61: PORTB=0x00;
   347  0795  1283               	bcf	3,5	;RP0=0, select bank0
   348  0796  1303               	bcf	3,6	;RP1=0, select bank0
   349  0797  0186               	clrf	6	;volatile
   350                           
   351                           ;dotmatrix_decorder.c: 63: PORTB = 0b00001000;
   352  0798  3008               	movlw	8
   353  0799  0086               	movwf	6	;volatile
   354                           
   355                           ;dotmatrix_decorder.c: 64: _delay((unsigned long)((1)*(20000000/4000.0)));
   356  079A  3007               	movlw	7
   357  079B  00F3               	movwf	??_dynamic+1
   358  079C  307D               	movlw	125
   359  079D  00F2               	movwf	??_dynamic
   360  079E                     u97:	
   361  079E  0BF2               	decfsz	??_dynamic,f
   362  079F  2F9E               	goto	u97
   363  07A0  0BF3               	decfsz	??_dynamic+1,f
   364  07A1  2F9E               	goto	u97
   365                           
   366                           ;dotmatrix_decorder.c: 65: PORTB = 0b00001001;
   367  07A2  3009               	movlw	9
   368  07A3  1283               	bcf	3,5	;RP0=0, select bank0
   369  07A4  1303               	bcf	3,6	;RP1=0, select bank0
   370  07A5  0086               	movwf	6	;volatile
   371                           
   372                           ;dotmatrix_decorder.c: 66: _delay((unsigned long)((1)*(20000000/4000.0)));
   373  07A6  3007               	movlw	7
   374  07A7  00F3               	movwf	??_dynamic+1
   375  07A8  307D               	movlw	125
   376  07A9  00F2               	movwf	??_dynamic
   377  07AA                     u107:	
   378  07AA  0BF2               	decfsz	??_dynamic,f
   379  07AB  2FAA               	goto	u107
   380  07AC  0BF3               	decfsz	??_dynamic+1,f
   381  07AD  2FAA               	goto	u107
   382                           
   383                           ;dotmatrix_decorder.c: 67: PORTB = 0b00001010;
   384  07AE  300A               	movlw	10
   385  07AF  1283               	bcf	3,5	;RP0=0, select bank0
   386  07B0  1303               	bcf	3,6	;RP1=0, select bank0
   387  07B1  0086               	movwf	6	;volatile
   388                           
   389                           ;dotmatrix_decorder.c: 68: _delay((unsigned long)((1)*(20000000/4000.0)));
   390  07B2  3007               	movlw	7
   391  07B3  00F3               	movwf	??_dynamic+1
   392  07B4  307D               	movlw	125
   393  07B5  00F2               	movwf	??_dynamic
   394  07B6                     u117:	
   395  07B6  0BF2               	decfsz	??_dynamic,f
   396  07B7  2FB6               	goto	u117
   397  07B8  0BF3               	decfsz	??_dynamic+1,f
   398  07B9  2FB6               	goto	u117
   399                           
   400                           ;dotmatrix_decorder.c: 69: PORTB = 0b00001011;
   401  07BA  300B               	movlw	11
   402  07BB  1283               	bcf	3,5	;RP0=0, select bank0
   403  07BC  1303               	bcf	3,6	;RP1=0, select bank0
   404  07BD  0086               	movwf	6	;volatile
   405                           
   406                           ;dotmatrix_decorder.c: 70: _delay((unsigned long)((1)*(20000000/4000.0)));
   407  07BE  3007               	movlw	7
   408  07BF  00F3               	movwf	??_dynamic+1
   409  07C0  307D               	movlw	125
   410  07C1  00F2               	movwf	??_dynamic
   411  07C2                     u127:	
   412  07C2  0BF2               	decfsz	??_dynamic,f
   413  07C3  2FC2               	goto	u127
   414  07C4  0BF3               	decfsz	??_dynamic+1,f
   415  07C5  2FC2               	goto	u127
   416                           
   417                           ;dotmatrix_decorder.c: 71: PORTB = 0b00001100;
   418  07C6  300C               	movlw	12
   419  07C7  1283               	bcf	3,5	;RP0=0, select bank0
   420  07C8  1303               	bcf	3,6	;RP1=0, select bank0
   421  07C9  0086               	movwf	6	;volatile
   422                           
   423                           ;dotmatrix_decorder.c: 72: _delay((unsigned long)((1)*(20000000/4000.0)));
   424  07CA  3007               	movlw	7
   425  07CB  00F3               	movwf	??_dynamic+1
   426  07CC  307D               	movlw	125
   427  07CD  00F2               	movwf	??_dynamic
   428  07CE                     u137:	
   429  07CE  0BF2               	decfsz	??_dynamic,f
   430  07CF  2FCE               	goto	u137
   431  07D0  0BF3               	decfsz	??_dynamic+1,f
   432  07D1  2FCE               	goto	u137
   433                           
   434                           ;dotmatrix_decorder.c: 73: PORTB = 0b00001101;
   435  07D2  300D               	movlw	13
   436  07D3  1283               	bcf	3,5	;RP0=0, select bank0
   437  07D4  1303               	bcf	3,6	;RP1=0, select bank0
   438  07D5  0086               	movwf	6	;volatile
   439                           
   440                           ;dotmatrix_decorder.c: 74: _delay((unsigned long)((1)*(20000000/4000.0)));
   441  07D6  3007               	movlw	7
   442  07D7  00F3               	movwf	??_dynamic+1
   443  07D8  307D               	movlw	125
   444  07D9  00F2               	movwf	??_dynamic
   445  07DA                     u147:	
   446  07DA  0BF2               	decfsz	??_dynamic,f
   447  07DB  2FDA               	goto	u147
   448  07DC  0BF3               	decfsz	??_dynamic+1,f
   449  07DD  2FDA               	goto	u147
   450                           
   451                           ;dotmatrix_decorder.c: 75: PORTB = 0b00001110;
   452  07DE  300E               	movlw	14
   453  07DF  1283               	bcf	3,5	;RP0=0, select bank0
   454  07E0  1303               	bcf	3,6	;RP1=0, select bank0
   455  07E1  0086               	movwf	6	;volatile
   456                           
   457                           ;dotmatrix_decorder.c: 76: _delay((unsigned long)((1)*(20000000/4000.0)));
   458  07E2  3007               	movlw	7
   459  07E3  00F3               	movwf	??_dynamic+1
   460  07E4  307D               	movlw	125
   461  07E5  00F2               	movwf	??_dynamic
   462  07E6                     u157:	
   463  07E6  0BF2               	decfsz	??_dynamic,f
   464  07E7  2FE6               	goto	u157
   465  07E8  0BF3               	decfsz	??_dynamic+1,f
   466  07E9  2FE6               	goto	u157
   467                           
   468                           ;dotmatrix_decorder.c: 77: PORTB = 0b00001111;
   469  07EA  300F               	movlw	15
   470  07EB  1283               	bcf	3,5	;RP0=0, select bank0
   471  07EC  1303               	bcf	3,6	;RP1=0, select bank0
   472  07ED  0086               	movwf	6	;volatile
   473                           
   474                           ;dotmatrix_decorder.c: 78: _delay((unsigned long)((1)*(20000000/4000.0)));
   475  07EE  3007               	movlw	7
   476  07EF  00F3               	movwf	??_dynamic+1
   477  07F0  307D               	movlw	125
   478  07F1  00F2               	movwf	??_dynamic
   479  07F2                     u167:	
   480  07F2  0BF2               	decfsz	??_dynamic,f
   481  07F3  2FF2               	goto	u167
   482  07F4  0BF3               	decfsz	??_dynamic+1,f
   483  07F5  2FF2               	goto	u167
   484                           
   485                           ;dotmatrix_decorder.c: 79: PORTB=0x00;
   486  07F6  1283               	bcf	3,5	;RP0=0, select bank0
   487  07F7  1303               	bcf	3,6	;RP1=0, select bank0
   488  07F8  0186               	clrf	6	;volatile
   489  07F9  0008               	return
   490  07FA                     __end_of_dynamic:	
   491  007E                     btemp	set	126	;btemp
   492  007E                     wtemp	set	126
   493  007E                     wtemp0	set	126
   494  0080                     wtemp1	set	128
   495  0082                     wtemp2	set	130
   496  0084                     wtemp3	set	132
   497  0086                     wtemp4	set	134
   498  0088                     wtemp5	set	136
   499  007F                     wtemp6	set	127
   500  007E                     ttemp	set	126
   501  007E                     ttemp0	set	126
   502  0081                     ttemp1	set	129
   503  0084                     ttemp2	set	132
   504  0087                     ttemp3	set	135
   505  007F                     ttemp4	set	127
   506  007E                     ltemp	set	126
   507  007E                     ltemp0	set	126
   508  0082                     ltemp1	set	130
   509  0086                     ltemp2	set	134
   510  0080                     ltemp3	set	128


Data Sizes:
    Strings     0
    Constant    0
    Data        0
    BSS         2
    Persistent  0
    Stack       0

Auto Spaces:
    Space          Size  Autos    Used
    COMMON           14      2       4
    BANK0            80      0       0
    BANK1            80      0       0
    BANK3            96      0       0
    BANK2            96      0       0

Pointer List with Targets:

    None.

Critical Paths under _main in COMMON

    _main->_dynamic

Critical Paths under _main in BANK0

    None.

Critical Paths under _main in BANK1

    None.

Critical Paths under _main in BANK3

    None.

Critical Paths under _main in BANK2

    None.

Call Graph Tables:

 ---------------------------------------------------------------------------------
 (Depth) Function   	        Calls       Base Space   Used Autos Params    Refs
 ---------------------------------------------------------------------------------
 (0) _main                                                 0     0      0       0
                            _dynamic
 ---------------------------------------------------------------------------------
 (1) _dynamic                                              2     2      0       0
                                              0 COMMON     2     2      0
 ---------------------------------------------------------------------------------
 Estimated maximum stack depth 1
 ---------------------------------------------------------------------------------

 Call Graph Graphs:

 _main (ROOT)
   _dynamic

 Address spaces:
Name               Size   Autos  Total    Cost      Usage
BITCOMMON            E      0       0       0        0.0%
EEDATA             100      0       0       0        0.0%
NULL                 0      0       0       0        0.0%
CODE                 0      0       0       0        0.0%
COMMON               E      2       4       1       28.6%
BITSFR0              0      0       0       1        0.0%
SFR0                 0      0       0       1        0.0%
BITSFR1              0      0       0       2        0.0%
SFR1                 0      0       0       2        0.0%
STACK                0      0       0       2        0.0%
ABS                  0      0       4       3        0.0%
BITBANK0            50      0       0       4        0.0%
BITSFR3              0      0       0       4        0.0%
SFR3                 0      0       0       4        0.0%
BANK0               50      0       0       5        0.0%
BITSFR2              0      0       0       5        0.0%
SFR2                 0      0       0       5        0.0%
BITBANK1            50      0       0       6        0.0%
BANK1               50      0       0       7        0.0%
BITBANK3            60      0       0       8        0.0%
BANK3               60      0       0       9        0.0%
BITBANK2            60      0       0      10        0.0%
BANK2               60      0       0      11        0.0%
DATA                 0      0       4      12        0.0%


Microchip Technology PIC Macro Assembler V1.31 build 56723 
Symbol Table                                                                                   Sat Sep 13 17:14:32 2014

            __CFG_CP$OFF 0000                       u17 073D                       u27 0749  
                     u37 0755                       u47 0761                       u57 076D  
                     u67 0779                       u77 0785                       u87 0791  
                     u97 079E                      l516 072F                      u107 07AA  
                    u117 07B6                      u127 07C2                      u137 07CE  
                    u147 07DA                      u157 07E6                      u167 07F2  
           __CFG_CPD$OFF 0000             __CFG_FOSC$HS 0000             __CFG_LVP$OFF 0000  
           __CFG_WRT$OFF 0000                     _main 0729                     btemp 007E  
                   ltemp 007E                     start 0000                     ttemp 007E  
                   wtemp 007E                    ?_main 0072            __CFG_WDTE$OFF 0000  
         __CFG_DEBUG$OFF 0000                    _PORTB 0006                    _TRISB 0086  
          __CFG_PWRTE$ON 0000          __end_of_dynamic 07FA           __CFG_BOREN$OFF 0000  
                  ltemp0 007E                    ltemp1 0082                    ltemp2 0086  
                  ltemp3 0080                    ttemp0 007E                    ttemp1 0081  
                  ttemp2 0084                    ttemp3 0087                    ttemp4 007F  
                  status 0003                    wtemp0 007E                    wtemp1 0080  
                  wtemp2 0082                    wtemp3 0084                    wtemp4 0086  
                  wtemp5 0088                    wtemp6 007F          __initialization 07FA  
           __end_of_main 0735                   ??_main 0074                ??_dynamic 0072  
__end_of__initialization 07FC           __pcstackCOMMON 0072               __pmaintext 0729  
                __ptext0 0000                  __ptext1 0735                  _counter 0070  
                _dynamic 0735     end_of_initialization 07FC      start_initialization 07FA  
            __pbssCOMMON 0070                ___latbits 0002                 ?_dynamic 0072  
       __size_of_dynamic 00C5            __size_of_main 000C  
