

Microchip Technology PIC LITE Macro Assembler V1.31 build 56723 
                                                                                               Sat Jul 12 18:10:07 2014

Microchip Technology Omniscient Code Generator (Lite mode) build 56723
     1                           	processor	16F877A
     2                           	opt	pw 120
     3                           	opt	lm
     4                           	psect	text0,local,class=CODE,merge=1,delta=2
     5                           	psect	cinit,global,class=CODE,merge=1,delta=2
     6                           	psect	bssCOMMON,global,class=COMMON,space=1,delta=1
     7                           	psect	cstackCOMMON,global,class=COMMON,space=1,delta=1
     8                           	psect	maintext,global,class=CODE,split=1,delta=2
     9                           	psect	text1,local,class=CODE,merge=1,delta=2
    10                           	psect	text2,local,class=CODE,merge=1,delta=2
    11                           	psect	text3,local,class=CODE,merge=1,delta=2
    12                           	psect	text4,local,class=CODE,merge=1,delta=2
    13                           	psect	text5,local,class=CODE,merge=1,delta=2
    14                           	psect	intentry,global,class=CODE,delta=2
    15                           	dabs	1,0x7E,2
    16  0000                     	;# 
    17  0001                     	;# 
    18  0002                     	;# 
    19  0003                     	;# 
    20  0004                     	;# 
    21  0005                     	;# 
    22  0006                     	;# 
    23  0007                     	;# 
    24  0008                     	;# 
    25  0009                     	;# 
    26  000A                     	;# 
    27  000B                     	;# 
    28  000C                     	;# 
    29  000D                     	;# 
    30  000E                     	;# 
    31  000E                     	;# 
    32  000F                     	;# 
    33  0010                     	;# 
    34  0011                     	;# 
    35  0012                     	;# 
    36  0013                     	;# 
    37  0014                     	;# 
    38  0015                     	;# 
    39  0015                     	;# 
    40  0016                     	;# 
    41  0017                     	;# 
    42  0018                     	;# 
    43  0019                     	;# 
    44  001A                     	;# 
    45  001B                     	;# 
    46  001B                     	;# 
    47  001C                     	;# 
    48  001D                     	;# 
    49  001E                     	;# 
    50  001F                     	;# 
    51  0081                     	;# 
    52  0085                     	;# 
    53  0086                     	;# 
    54  0087                     	;# 
    55  0088                     	;# 
    56  0089                     	;# 
    57  008C                     	;# 
    58  008D                     	;# 
    59  008E                     	;# 
    60  0091                     	;# 
    61  0092                     	;# 
    62  0093                     	;# 
    63  0094                     	;# 
    64  0098                     	;# 
    65  0099                     	;# 
    66  009C                     	;# 
    67  009D                     	;# 
    68  009E                     	;# 
    69  009F                     	;# 
    70  010C                     	;# 
    71  010D                     	;# 
    72  010E                     	;# 
    73  010F                     	;# 
    74  018C                     	;# 
    75  018D                     	;# 
    76  0007                     _PORTC	set	7
    77  0008                     _PORTD	set	8
    78  005F                     _GIE	set	95
    79  005C                     _INTE	set	92
    80  0059                     _INTF	set	89
    81  0086                     _TRISB	set	134
    82  0087                     _TRISC	set	135
    83  0088                     _TRISD	set	136
    84  040E                     _INTEDG	set	1038
    85                           
    86                           	psect	text0
    87  0000                     __ptext0:	
    88                           ; #config settings
    89                           
    90                           
    91                           ;psect for function _count_up
    92  0000                     
    93                           	psect	cinit
    94  0015                     start_initialization:	
    95  0015                     __initialization:	
    96                           
    97                           ; Clear objects allocated to COMMON
    98  0015  01F6               	clrf	__pbssCOMMON& (0+127)
    99  0016  01F7               	clrf	(__pbssCOMMON+1)& (0+127)
   100  0017                     end_of_initialization:	
   101                           ;End of C runtime variable initialization code
   102                           
   103  0017                     __end_of__initialization:	
   104  0017  0183               	clrf	3
   105  0018  120A  118A  2A61   	ljmp	_main	;jump to C main() function
   106                           
   107                           	psect	bssCOMMON
   108  0076                     __pbssCOMMON:	
   109  0076                     _counter:	
   110  0076                     	ds	2
   111                           
   112                           	psect	cstackCOMMON
   113  0070                     __pcstackCOMMON:	
   114  0070                     ?_main:	
   115  0070                     ?_count_up:	
   116                           ; 0 bytes @ 0x0
   117                           
   118  0070                     ??_count_up:	
   119                           ; 0 bytes @ 0x0
   120                           
   121  0070                     ?_dynamic1:	
   122                           ; 0 bytes @ 0x0
   123                           
   124  0070                     ?_dynamic2:	
   125                           ; 2 bytes @ 0x0
   126                           
   127  0070                     ?_dynamic3:	
   128                           ; 2 bytes @ 0x0
   129                           
   130  0070                     ?_dynamic4:	
   131                           ; 2 bytes @ 0x0
   132                           
   133                           
   134                           ; 2 bytes @ 0x0
   135  0070                     	ds	4
   136  0074                     ??_dynamic1:	
   137  0074                     ??_dynamic2:	
   138                           ; 0 bytes @ 0x4
   139                           
   140  0074                     ??_dynamic3:	
   141                           ; 0 bytes @ 0x4
   142                           
   143  0074                     ??_dynamic4:	
   144                           ; 0 bytes @ 0x4
   145                           
   146                           
   147                           ; 0 bytes @ 0x4
   148  0074                     	ds	2
   149  0076                     ??_main:	
   150                           
   151                           	psect	maintext
   152  0261                     __pmaintext:	
   153                           ; 0 bytes @ 0x6
   154 ;;
   155 ;;Main: autosize = 0, tempsize = 0, incstack = 0, save=0
   156 ;;
   157 ;; *************** function _main *****************
   158 ;; Defined at:
   159 ;;		line 37 in file "dotmatrix7.c"
   160 ;; Parameters:    Size  Location     Type
   161 ;;		None
   162 ;; Auto vars:     Size  Location     Type
   163 ;;		None
   164 ;; Return value:  Size  Location     Type
   165 ;;		None               void
   166 ;; Registers used:
   167 ;;		wreg, fsr0l, fsr0h, status,2, status,0, pclath, cstack
   168 ;; Tracked objects:
   169 ;;		On entry : 17F/0
   170 ;;		On exit  : 0/0
   171 ;;		Unchanged: 0/0
   172 ;; Data sizes:     COMMON   BANK0   BANK1   BANK3   BANK2
   173 ;;      Params:         0       0       0       0       0
   174 ;;      Locals:         0       0       0       0       0
   175 ;;      Temps:          0       0       0       0       0
   176 ;;      Totals:         0       0       0       0       0
   177 ;;Total ram usage:        0 bytes
   178 ;; Hardware stack levels required when called:    2
   179 ;; This function calls:
   180 ;;		_dynamic1
   181 ;;		_dynamic2
   182 ;;		_dynamic3
   183 ;;		_dynamic4
   184 ;; This function is called by:
   185 ;;		Startup code after reset
   186 ;; This function uses a non-reentrant model
   187 ;;
   188                           
   189                           
   190                           ;psect for function _main
   191  0261                     _main:	
   192                           
   193                           ;dotmatrix7.c: 39: TRISB = 0b00000001;
   194                           
   195                           ;incstack = 0
   196                           ; Regs used in _main: [wreg-fsr0h+status,2+status,0+pclath+cstack]
   197  0261  3001               	movlw	1
   198  0262  1683               	bsf	3,5	;RP0=1, select bank1
   199  0263  1303               	bcf	3,6	;RP1=0, select bank1
   200  0264  0086               	movwf	6	;volatile
   201                           
   202                           ;dotmatrix7.c: 40: TRISC = 0x00;
   203  0265  0187               	clrf	7	;volatile
   204                           
   205                           ;dotmatrix7.c: 41: TRISD = 0x00;
   206  0266  0188               	clrf	8	;volatile
   207                           
   208                           ;dotmatrix7.c: 44: PORTC = 0x00;
   209  0267  1283               	bcf	3,5	;RP0=0, select bank0
   210  0268  1303               	bcf	3,6	;RP1=0, select bank0
   211  0269  0187               	clrf	7	;volatile
   212                           
   213                           ;dotmatrix7.c: 45: PORTD = 0x00;
   214  026A  0188               	clrf	8	;volatile
   215                           
   216                           ;dotmatrix7.c: 46: INTEDG = 1;
   217  026B  1683               	bsf	3,5	;RP0=1, select bank1
   218  026C  1303               	bcf	3,6	;RP1=0, select bank1
   219  026D  1701               	bsf	1,6	;volatile
   220                           
   221                           ;dotmatrix7.c: 47: INTF = 0;
   222  026E  108B               	bcf	11,1	;volatile
   223                           
   224                           ;dotmatrix7.c: 48: INTE = 1;
   225  026F  160B               	bsf	11,4	;volatile
   226                           
   227                           ;dotmatrix7.c: 49: GIE = 1;
   228  0270  178B               	bsf	11,7	;volatile
   229  0271                     l672:	
   230                           ;dotmatrix7.c: 50: while(1){
   231                           
   232                           
   233                           ;dotmatrix7.c: 51: dynamic1();
   234  0271  120A  118A  21D0   	fcall	_dynamic1
      +       120A  118A         
   235                           
   236                           ;dotmatrix7.c: 52: PORTC=0x00;
   237  0276  1283               	bcf	3,5	;RP0=0, select bank0
   238  0277  1303               	bcf	3,6	;RP1=0, select bank0
   239  0278  0187               	clrf	7	;volatile
   240                           
   241                           ;dotmatrix7.c: 53: dynamic2();
   242  0279  120A  118A  213F   	fcall	_dynamic2
      +       120A  118A         
   243                           
   244                           ;dotmatrix7.c: 54: PORTC=0x00;
   245  027E  1283               	bcf	3,5	;RP0=0, select bank0
   246  027F  1303               	bcf	3,6	;RP1=0, select bank0
   247  0280  0187               	clrf	7	;volatile
   248                           
   249                           ;dotmatrix7.c: 55: dynamic3();
   250  0281  120A  118A  20AE   	fcall	_dynamic3
      +       120A  118A         
   251                           
   252                           ;dotmatrix7.c: 56: PORTD=0x00;
   253  0286  1283               	bcf	3,5	;RP0=0, select bank0
   254  0287  1303               	bcf	3,6	;RP1=0, select bank0
   255  0288  0188               	clrf	8	;volatile
   256                           
   257                           ;dotmatrix7.c: 57: dynamic4();
   258  0289  120A  118A  201B   	fcall	_dynamic4
      +       120A  118A         
   259                           
   260                           ;dotmatrix7.c: 58: PORTD=0x00;
   261  028E  1283               	bcf	3,5	;RP0=0, select bank0
   262  028F  1303               	bcf	3,6	;RP1=0, select bank0
   263  0290  0188               	clrf	8	;volatile
   264  0291  2A71               	goto	l672
   265  0292                     __end_of_main:	
   266                           
   267                           	psect	text1
   268  001B                     __ptext1:	
   269 ;; *************** function _dynamic4 *****************
   270 ;; Defined at:
   271 ;;		line 149 in file "dotmatrix7.c"
   272 ;; Parameters:    Size  Location     Type
   273 ;;		None
   274 ;; Auto vars:     Size  Location     Type
   275 ;;		None
   276 ;; Return value:  Size  Location     Type
   277 ;;                  2   26[COMMON] int 
   278 ;; Registers used:
   279 ;;		wreg, fsr0l, fsr0h, status,2, status,0
   280 ;; Tracked objects:
   281 ;;		On entry : 0/0
   282 ;;		On exit  : 0/0
   283 ;;		Unchanged: 0/0
   284 ;; Data sizes:     COMMON   BANK0   BANK1   BANK3   BANK2
   285 ;;      Params:         0       0       0       0       0
   286 ;;      Locals:         0       0       0       0       0
   287 ;;      Temps:          2       0       0       0       0
   288 ;;      Totals:         2       0       0       0       0
   289 ;;Total ram usage:        2 bytes
   290 ;; Hardware stack levels used:    1
   291 ;; Hardware stack levels required when called:    1
   292 ;; This function calls:
   293 ;;		Nothing
   294 ;; This function is called by:
   295 ;;		_main
   296 ;; This function uses a non-reentrant model
   297 ;;
   298                           
   299                           
   300                           ;psect for function _dynamic4
   301  001B                     _dynamic4:	
   302                           
   303                           ;dotmatrix7.c: 150: switch(counter){
   304                           
   305                           ;incstack = 0
   306                           ; Regs used in _dynamic4: [wreg-fsr0h+status,2+status,0]
   307  001B  288E               	goto	l648
   308  001C                     l628:	
   309                           ;dotmatrix7.c: 151: case 25:PORTD=0b00010000;
   310                           
   311  001C  3010               	movlw	16
   312  001D  1283               	bcf	3,5	;RP0=0, select bank0
   313  001E  1303               	bcf	3,6	;RP1=0, select bank0
   314  001F  0088               	movwf	8	;volatile
   315                           
   316                           ;dotmatrix7.c: 152: _delay((unsigned long)((800)*(20000000/4000000.0)));
   317  0020  3006               	movlw	6
   318  0021  00F5               	movwf	??_dynamic4+1
   319  0022  3030               	movlw	48
   320  0023  00F4               	movwf	??_dynamic4
   321  0024                     u17:	
   322  0024  0BF4               	decfsz	??_dynamic4,f
   323  0025  2824               	goto	u17
   324  0026  0BF5               	decfsz	??_dynamic4+1,f
   325  0027  2824               	goto	u17
   326  0028  0000               	nop
   327                           
   328                           ;dotmatrix7.c: 153: break;
   329  0029  0008               	return
   330  002A                     l630:	
   331                           ;dotmatrix7.c: 154: case 26:PORTD=0b00110000;
   332                           
   333  002A  3030               	movlw	48
   334  002B  1283               	bcf	3,5	;RP0=0, select bank0
   335  002C  1303               	bcf	3,6	;RP1=0, select bank0
   336  002D  0088               	movwf	8	;volatile
   337                           
   338                           ;dotmatrix7.c: 155: _delay((unsigned long)((800)*(20000000/4000000.0)));
   339  002E  3006               	movlw	6
   340  002F  00F5               	movwf	??_dynamic4+1
   341  0030  3030               	movlw	48
   342  0031  00F4               	movwf	??_dynamic4
   343  0032                     u27:	
   344  0032  0BF4               	decfsz	??_dynamic4,f
   345  0033  2832               	goto	u27
   346  0034  0BF5               	decfsz	??_dynamic4+1,f
   347  0035  2832               	goto	u27
   348  0036  0000               	nop
   349                           
   350                           ;dotmatrix7.c: 156: break;
   351  0037  0008               	return
   352  0038                     l632:	
   353                           ;dotmatrix7.c: 157: case 27:PORTD=0b01010000;
   354                           
   355  0038  3050               	movlw	80
   356  0039  1283               	bcf	3,5	;RP0=0, select bank0
   357  003A  1303               	bcf	3,6	;RP1=0, select bank0
   358  003B  0088               	movwf	8	;volatile
   359                           
   360                           ;dotmatrix7.c: 158: _delay((unsigned long)((800)*(20000000/4000000.0)));
   361  003C  3006               	movlw	6
   362  003D  00F5               	movwf	??_dynamic4+1
   363  003E  3030               	movlw	48
   364  003F  00F4               	movwf	??_dynamic4
   365  0040                     u37:	
   366  0040  0BF4               	decfsz	??_dynamic4,f
   367  0041  2840               	goto	u37
   368  0042  0BF5               	decfsz	??_dynamic4+1,f
   369  0043  2840               	goto	u37
   370  0044  0000               	nop
   371                           
   372                           ;dotmatrix7.c: 159: break;
   373  0045  0008               	return
   374  0046                     l634:	
   375                           ;dotmatrix7.c: 160: case 28:PORTD=0b01110000;
   376                           
   377  0046  3070               	movlw	112
   378  0047  1283               	bcf	3,5	;RP0=0, select bank0
   379  0048  1303               	bcf	3,6	;RP1=0, select bank0
   380  0049  0088               	movwf	8	;volatile
   381                           
   382                           ;dotmatrix7.c: 161: _delay((unsigned long)((800)*(20000000/4000000.0)));
   383  004A  3006               	movlw	6
   384  004B  00F5               	movwf	??_dynamic4+1
   385  004C  3030               	movlw	48
   386  004D  00F4               	movwf	??_dynamic4
   387  004E                     u47:	
   388  004E  0BF4               	decfsz	??_dynamic4,f
   389  004F  284E               	goto	u47
   390  0050  0BF5               	decfsz	??_dynamic4+1,f
   391  0051  284E               	goto	u47
   392  0052  0000               	nop
   393                           
   394                           ;dotmatrix7.c: 162: break;
   395  0053  0008               	return
   396  0054                     l636:	
   397                           ;dotmatrix7.c: 163: case 29:PORTD=0b10010000;
   398                           
   399  0054  3090               	movlw	144
   400  0055  1283               	bcf	3,5	;RP0=0, select bank0
   401  0056  1303               	bcf	3,6	;RP1=0, select bank0
   402  0057  0088               	movwf	8	;volatile
   403                           
   404                           ;dotmatrix7.c: 164: _delay((unsigned long)((800)*(20000000/4000000.0)));
   405  0058  3006               	movlw	6
   406  0059  00F5               	movwf	??_dynamic4+1
   407  005A  3030               	movlw	48
   408  005B  00F4               	movwf	??_dynamic4
   409  005C                     u57:	
   410  005C  0BF4               	decfsz	??_dynamic4,f
   411  005D  285C               	goto	u57
   412  005E  0BF5               	decfsz	??_dynamic4+1,f
   413  005F  285C               	goto	u57
   414  0060  0000               	nop
   415                           
   416                           ;dotmatrix7.c: 165: break;
   417  0061  0008               	return
   418  0062                     l638:	
   419                           ;dotmatrix7.c: 166: case 30:PORTD=0b10110000;
   420                           
   421  0062  30B0               	movlw	176
   422  0063  1283               	bcf	3,5	;RP0=0, select bank0
   423  0064  1303               	bcf	3,6	;RP1=0, select bank0
   424  0065  0088               	movwf	8	;volatile
   425                           
   426                           ;dotmatrix7.c: 167: _delay((unsigned long)((800)*(20000000/4000000.0)));
   427  0066  3006               	movlw	6
   428  0067  00F5               	movwf	??_dynamic4+1
   429  0068  3030               	movlw	48
   430  0069  00F4               	movwf	??_dynamic4
   431  006A                     u67:	
   432  006A  0BF4               	decfsz	??_dynamic4,f
   433  006B  286A               	goto	u67
   434  006C  0BF5               	decfsz	??_dynamic4+1,f
   435  006D  286A               	goto	u67
   436  006E  0000               	nop
   437                           
   438                           ;dotmatrix7.c: 168: break;
   439  006F  0008               	return
   440  0070                     l640:	
   441                           ;dotmatrix7.c: 169: case 31:PORTD=0b11010000;
   442                           
   443  0070  30D0               	movlw	208
   444  0071  1283               	bcf	3,5	;RP0=0, select bank0
   445  0072  1303               	bcf	3,6	;RP1=0, select bank0
   446  0073  0088               	movwf	8	;volatile
   447                           
   448                           ;dotmatrix7.c: 170: _delay((unsigned long)((800)*(20000000/4000000.0)));
   449  0074  3006               	movlw	6
   450  0075  00F5               	movwf	??_dynamic4+1
   451  0076  3030               	movlw	48
   452  0077  00F4               	movwf	??_dynamic4
   453  0078                     u77:	
   454  0078  0BF4               	decfsz	??_dynamic4,f
   455  0079  2878               	goto	u77
   456  007A  0BF5               	decfsz	??_dynamic4+1,f
   457  007B  2878               	goto	u77
   458  007C  0000               	nop
   459                           
   460                           ;dotmatrix7.c: 171: break;
   461  007D  0008               	return
   462  007E                     l642:	
   463                           ;dotmatrix7.c: 172: case 32:PORTD=0b11110000;
   464                           
   465  007E  30F0               	movlw	240
   466  007F  1283               	bcf	3,5	;RP0=0, select bank0
   467  0080  1303               	bcf	3,6	;RP1=0, select bank0
   468  0081  0088               	movwf	8	;volatile
   469                           
   470                           ;dotmatrix7.c: 173: _delay((unsigned long)((800)*(20000000/4000000.0)));
   471  0082  3006               	movlw	6
   472  0083  00F5               	movwf	??_dynamic4+1
   473  0084  3030               	movlw	48
   474  0085  00F4               	movwf	??_dynamic4
   475  0086                     u87:	
   476  0086  0BF4               	decfsz	??_dynamic4,f
   477  0087  2886               	goto	u87
   478  0088  0BF5               	decfsz	??_dynamic4+1,f
   479  0089  2886               	goto	u87
   480  008A  0000               	nop
   481                           
   482                           ;dotmatrix7.c: 174: counter=0;
   483  008B  01F6               	clrf	_counter
   484  008C  01F7               	clrf	_counter+1
   485                           
   486                           ;dotmatrix7.c: 176: }
   487                           
   488                           ;dotmatrix7.c: 175: break;
   489  008D  0008               	return
   490  008E                     l648:	
   491                           
   492                           ; Switch on 2 bytes has been partitioned into a top level switch of size 1, and 1 sub-sw
      +                          itches
   493                           ; Switch size 1, requested type "space"
   494                           ; Number of cases is 1, Range of values is 0 to 0
   495                           ; switch strategies available:
   496                           ; Name         Instructions Cycles
   497                           ; simple_byte            4     3 (average)
   498                           ; direct_byte           11     8 (fixed)
   499                           ; jumptable            260     6 (fixed)
   500                           ;	Chosen strategy is simple_byte
   501  008E  0877               	movf	_counter+1,w
   502  008F  3A00               	xorlw	0	; case 0
   503  0090  1903               	skipnz
   504  0091  2893               	goto	l772
   505  0092  28AD               	goto	l91
   506  0093                     l772:	
   507                           
   508                           ; Switch size 1, requested type "space"
   509                           ; Number of cases is 8, Range of values is 25 to 32
   510                           ; switch strategies available:
   511                           ; Name         Instructions Cycles
   512                           ; simple_byte           25    13 (average)
   513                           ; direct_byte           35    11 (fixed)
   514                           ; jumptable            263     9 (fixed)
   515                           ;	Chosen strategy is simple_byte
   516  0093  0876               	movf	_counter,w
   517  0094  3A19               	xorlw	25	; case 25
   518  0095  1903               	skipnz
   519  0096  281C               	goto	l628
   520  0097  3A03               	xorlw	3	; case 26
   521  0098  1903               	skipnz
   522  0099  282A               	goto	l630
   523  009A  3A01               	xorlw	1	; case 27
   524  009B  1903               	skipnz
   525  009C  2838               	goto	l632
   526  009D  3A07               	xorlw	7	; case 28
   527  009E  1903               	skipnz
   528  009F  2846               	goto	l634
   529  00A0  3A01               	xorlw	1	; case 29
   530  00A1  1903               	skipnz
   531  00A2  2854               	goto	l636
   532  00A3  3A03               	xorlw	3	; case 30
   533  00A4  1903               	skipnz
   534  00A5  2862               	goto	l638
   535  00A6  3A01               	xorlw	1	; case 31
   536  00A7  1903               	skipnz
   537  00A8  2870               	goto	l640
   538  00A9  3A3F               	xorlw	63	; case 32
   539  00AA  1903               	skipnz
   540  00AB  287E               	goto	l642
   541  00AC  28AD               	goto	l91
   542  00AD                     l91:	
   543  00AD  0008               	return
   544  00AE                     __end_of_dynamic4:	
   545                           
   546                           	psect	text2
   547  00AE                     __ptext2:	
   548 ;; *************** function _dynamic3 *****************
   549 ;; Defined at:
   550 ;;		line 121 in file "dotmatrix7.c"
   551 ;; Parameters:    Size  Location     Type
   552 ;;		None
   553 ;; Auto vars:     Size  Location     Type
   554 ;;		None
   555 ;; Return value:  Size  Location     Type
   556 ;;                  2   24[COMMON] int 
   557 ;; Registers used:
   558 ;;		wreg, fsr0l, fsr0h, status,2, status,0
   559 ;; Tracked objects:
   560 ;;		On entry : 0/0
   561 ;;		On exit  : 0/0
   562 ;;		Unchanged: 0/0
   563 ;; Data sizes:     COMMON   BANK0   BANK1   BANK3   BANK2
   564 ;;      Params:         0       0       0       0       0
   565 ;;      Locals:         0       0       0       0       0
   566 ;;      Temps:          2       0       0       0       0
   567 ;;      Totals:         2       0       0       0       0
   568 ;;Total ram usage:        2 bytes
   569 ;; Hardware stack levels used:    1
   570 ;; Hardware stack levels required when called:    1
   571 ;; This function calls:
   572 ;;		Nothing
   573 ;; This function is called by:
   574 ;;		_main
   575 ;; This function uses a non-reentrant model
   576 ;;
   577                           
   578                           
   579                           ;psect for function _dynamic3
   580  00AE                     _dynamic3:	
   581                           
   582                           ;dotmatrix7.c: 122: switch(counter){
   583                           
   584                           ;incstack = 0
   585                           ; Regs used in _dynamic3: [wreg-fsr0h+status,2+status,0]
   586  00AE  291F               	goto	l620
   587  00AF                     l602:	
   588                           ;dotmatrix7.c: 123: case 17:PORTD=0b00000001;
   589                           
   590  00AF  3001               	movlw	1
   591  00B0  1283               	bcf	3,5	;RP0=0, select bank0
   592  00B1  1303               	bcf	3,6	;RP1=0, select bank0
   593  00B2  0088               	movwf	8	;volatile
   594                           
   595                           ;dotmatrix7.c: 124: _delay((unsigned long)((800)*(20000000/4000000.0)));
   596  00B3  3006               	movlw	6
   597  00B4  00F5               	movwf	??_dynamic3+1
   598  00B5  3030               	movlw	48
   599  00B6  00F4               	movwf	??_dynamic3
   600  00B7                     u97:	
   601  00B7  0BF4               	decfsz	??_dynamic3,f
   602  00B8  28B7               	goto	u97
   603  00B9  0BF5               	decfsz	??_dynamic3+1,f
   604  00BA  28B7               	goto	u97
   605  00BB  0000               	nop
   606                           
   607                           ;dotmatrix7.c: 125: break;
   608  00BC  0008               	return
   609  00BD                     l604:	
   610                           ;dotmatrix7.c: 126: case 18:PORTD=0b00000011;
   611                           
   612  00BD  3003               	movlw	3
   613  00BE  1283               	bcf	3,5	;RP0=0, select bank0
   614  00BF  1303               	bcf	3,6	;RP1=0, select bank0
   615  00C0  0088               	movwf	8	;volatile
   616                           
   617                           ;dotmatrix7.c: 127: _delay((unsigned long)((800)*(20000000/4000000.0)));
   618  00C1  3006               	movlw	6
   619  00C2  00F5               	movwf	??_dynamic3+1
   620  00C3  3030               	movlw	48
   621  00C4  00F4               	movwf	??_dynamic3
   622  00C5                     u107:	
   623  00C5  0BF4               	decfsz	??_dynamic3,f
   624  00C6  28C5               	goto	u107
   625  00C7  0BF5               	decfsz	??_dynamic3+1,f
   626  00C8  28C5               	goto	u107
   627  00C9  0000               	nop
   628                           
   629                           ;dotmatrix7.c: 128: break;
   630  00CA  0008               	return
   631  00CB                     l606:	
   632                           ;dotmatrix7.c: 129: case 19:PORTD=0b00000101;
   633                           
   634  00CB  3005               	movlw	5
   635  00CC  1283               	bcf	3,5	;RP0=0, select bank0
   636  00CD  1303               	bcf	3,6	;RP1=0, select bank0
   637  00CE  0088               	movwf	8	;volatile
   638                           
   639                           ;dotmatrix7.c: 130: _delay((unsigned long)((800)*(20000000/4000000.0)));
   640  00CF  3006               	movlw	6
   641  00D0  00F5               	movwf	??_dynamic3+1
   642  00D1  3030               	movlw	48
   643  00D2  00F4               	movwf	??_dynamic3
   644  00D3                     u117:	
   645  00D3  0BF4               	decfsz	??_dynamic3,f
   646  00D4  28D3               	goto	u117
   647  00D5  0BF5               	decfsz	??_dynamic3+1,f
   648  00D6  28D3               	goto	u117
   649  00D7  0000               	nop
   650                           
   651                           ;dotmatrix7.c: 131: break;
   652  00D8  0008               	return
   653  00D9                     l608:	
   654                           ;dotmatrix7.c: 132: case 20:PORTD=0b00000111;
   655                           
   656  00D9  3007               	movlw	7
   657  00DA  1283               	bcf	3,5	;RP0=0, select bank0
   658  00DB  1303               	bcf	3,6	;RP1=0, select bank0
   659  00DC  0088               	movwf	8	;volatile
   660                           
   661                           ;dotmatrix7.c: 133: _delay((unsigned long)((800)*(20000000/4000000.0)));
   662  00DD  3006               	movlw	6
   663  00DE  00F5               	movwf	??_dynamic3+1
   664  00DF  3030               	movlw	48
   665  00E0  00F4               	movwf	??_dynamic3
   666  00E1                     u127:	
   667  00E1  0BF4               	decfsz	??_dynamic3,f
   668  00E2  28E1               	goto	u127
   669  00E3  0BF5               	decfsz	??_dynamic3+1,f
   670  00E4  28E1               	goto	u127
   671  00E5  0000               	nop
   672                           
   673                           ;dotmatrix7.c: 134: break;
   674  00E6  0008               	return
   675  00E7                     l610:	
   676                           ;dotmatrix7.c: 135: case 21:PORTD=0b00001001;
   677                           
   678  00E7  3009               	movlw	9
   679  00E8  1283               	bcf	3,5	;RP0=0, select bank0
   680  00E9  1303               	bcf	3,6	;RP1=0, select bank0
   681  00EA  0088               	movwf	8	;volatile
   682                           
   683                           ;dotmatrix7.c: 136: _delay((unsigned long)((800)*(20000000/4000000.0)));
   684  00EB  3006               	movlw	6
   685  00EC  00F5               	movwf	??_dynamic3+1
   686  00ED  3030               	movlw	48
   687  00EE  00F4               	movwf	??_dynamic3
   688  00EF                     u137:	
   689  00EF  0BF4               	decfsz	??_dynamic3,f
   690  00F0  28EF               	goto	u137
   691  00F1  0BF5               	decfsz	??_dynamic3+1,f
   692  00F2  28EF               	goto	u137
   693  00F3  0000               	nop
   694                           
   695                           ;dotmatrix7.c: 137: break;
   696  00F4  0008               	return
   697  00F5                     l612:	
   698                           ;dotmatrix7.c: 138: case 22:PORTD=0b00001011;
   699                           
   700  00F5  300B               	movlw	11
   701  00F6  1283               	bcf	3,5	;RP0=0, select bank0
   702  00F7  1303               	bcf	3,6	;RP1=0, select bank0
   703  00F8  0088               	movwf	8	;volatile
   704                           
   705                           ;dotmatrix7.c: 139: _delay((unsigned long)((800)*(20000000/4000000.0)));
   706  00F9  3006               	movlw	6
   707  00FA  00F5               	movwf	??_dynamic3+1
   708  00FB  3030               	movlw	48
   709  00FC  00F4               	movwf	??_dynamic3
   710  00FD                     u147:	
   711  00FD  0BF4               	decfsz	??_dynamic3,f
   712  00FE  28FD               	goto	u147
   713  00FF  0BF5               	decfsz	??_dynamic3+1,f
   714  0100  28FD               	goto	u147
   715  0101  0000               	nop
   716                           
   717                           ;dotmatrix7.c: 140: break;
   718  0102  0008               	return
   719  0103                     l614:	
   720                           ;dotmatrix7.c: 141: case 23:PORTD=0b00001101;
   721                           
   722  0103  300D               	movlw	13
   723  0104  1283               	bcf	3,5	;RP0=0, select bank0
   724  0105  1303               	bcf	3,6	;RP1=0, select bank0
   725  0106  0088               	movwf	8	;volatile
   726                           
   727                           ;dotmatrix7.c: 142: _delay((unsigned long)((800)*(20000000/4000000.0)));
   728  0107  3006               	movlw	6
   729  0108  00F5               	movwf	??_dynamic3+1
   730  0109  3030               	movlw	48
   731  010A  00F4               	movwf	??_dynamic3
   732  010B                     u157:	
   733  010B  0BF4               	decfsz	??_dynamic3,f
   734  010C  290B               	goto	u157
   735  010D  0BF5               	decfsz	??_dynamic3+1,f
   736  010E  290B               	goto	u157
   737  010F  0000               	nop
   738                           
   739                           ;dotmatrix7.c: 143: break;
   740  0110  0008               	return
   741  0111                     l616:	
   742                           ;dotmatrix7.c: 144: case 24:PORTD=0b00001111;
   743                           
   744  0111  300F               	movlw	15
   745  0112  1283               	bcf	3,5	;RP0=0, select bank0
   746  0113  1303               	bcf	3,6	;RP1=0, select bank0
   747  0114  0088               	movwf	8	;volatile
   748                           
   749                           ;dotmatrix7.c: 145: _delay((unsigned long)((800)*(20000000/4000000.0)));
   750  0115  3006               	movlw	6
   751  0116  00F5               	movwf	??_dynamic3+1
   752  0117  3030               	movlw	48
   753  0118  00F4               	movwf	??_dynamic3
   754  0119                     u167:	
   755  0119  0BF4               	decfsz	??_dynamic3,f
   756  011A  2919               	goto	u167
   757  011B  0BF5               	decfsz	??_dynamic3+1,f
   758  011C  2919               	goto	u167
   759  011D  0000               	nop
   760                           
   761                           ;dotmatrix7.c: 147: }
   762                           
   763                           ;dotmatrix7.c: 146: break;
   764  011E  0008               	return
   765  011F                     l620:	
   766                           
   767                           ; Switch on 2 bytes has been partitioned into a top level switch of size 1, and 1 sub-sw
      +                          itches
   768                           ; Switch size 1, requested type "space"
   769                           ; Number of cases is 1, Range of values is 0 to 0
   770                           ; switch strategies available:
   771                           ; Name         Instructions Cycles
   772                           ; simple_byte            4     3 (average)
   773                           ; direct_byte           11     8 (fixed)
   774                           ; jumptable            260     6 (fixed)
   775                           ;	Chosen strategy is simple_byte
   776  011F  0877               	movf	_counter+1,w
   777  0120  3A00               	xorlw	0	; case 0
   778  0121  1903               	skipnz
   779  0122  2924               	goto	l774
   780  0123  293E               	goto	l78
   781  0124                     l774:	
   782                           
   783                           ; Switch size 1, requested type "space"
   784                           ; Number of cases is 8, Range of values is 17 to 24
   785                           ; switch strategies available:
   786                           ; Name         Instructions Cycles
   787                           ; simple_byte           25    13 (average)
   788                           ; direct_byte           35    11 (fixed)
   789                           ; jumptable            263     9 (fixed)
   790                           ;	Chosen strategy is simple_byte
   791  0124  0876               	movf	_counter,w
   792  0125  3A11               	xorlw	17	; case 17
   793  0126  1903               	skipnz
   794  0127  28AF               	goto	l602
   795  0128  3A03               	xorlw	3	; case 18
   796  0129  1903               	skipnz
   797  012A  28BD               	goto	l604
   798  012B  3A01               	xorlw	1	; case 19
   799  012C  1903               	skipnz
   800  012D  28CB               	goto	l606
   801  012E  3A07               	xorlw	7	; case 20
   802  012F  1903               	skipnz
   803  0130  28D9               	goto	l608
   804  0131  3A01               	xorlw	1	; case 21
   805  0132  1903               	skipnz
   806  0133  28E7               	goto	l610
   807  0134  3A03               	xorlw	3	; case 22
   808  0135  1903               	skipnz
   809  0136  28F5               	goto	l612
   810  0137  3A01               	xorlw	1	; case 23
   811  0138  1903               	skipnz
   812  0139  2903               	goto	l614
   813  013A  3A0F               	xorlw	15	; case 24
   814  013B  1903               	skipnz
   815  013C  2911               	goto	l616
   816  013D  293E               	goto	l78
   817  013E                     l78:	
   818  013E  0008               	return
   819  013F                     __end_of_dynamic3:	
   820                           
   821                           	psect	text3
   822  013F                     __ptext3:	
   823 ;; *************** function _dynamic2 *****************
   824 ;; Defined at:
   825 ;;		line 93 in file "dotmatrix7.c"
   826 ;; Parameters:    Size  Location     Type
   827 ;;		None
   828 ;; Auto vars:     Size  Location     Type
   829 ;;		None
   830 ;; Return value:  Size  Location     Type
   831 ;;                  2   22[COMMON] int 
   832 ;; Registers used:
   833 ;;		wreg, fsr0l, fsr0h, status,2, status,0
   834 ;; Tracked objects:
   835 ;;		On entry : 0/0
   836 ;;		On exit  : 0/0
   837 ;;		Unchanged: 0/0
   838 ;; Data sizes:     COMMON   BANK0   BANK1   BANK3   BANK2
   839 ;;      Params:         0       0       0       0       0
   840 ;;      Locals:         0       0       0       0       0
   841 ;;      Temps:          2       0       0       0       0
   842 ;;      Totals:         2       0       0       0       0
   843 ;;Total ram usage:        2 bytes
   844 ;; Hardware stack levels used:    1
   845 ;; Hardware stack levels required when called:    1
   846 ;; This function calls:
   847 ;;		Nothing
   848 ;; This function is called by:
   849 ;;		_main
   850 ;; This function uses a non-reentrant model
   851 ;;
   852                           
   853                           
   854                           ;psect for function _dynamic2
   855  013F                     _dynamic2:	
   856                           
   857                           ;dotmatrix7.c: 94: switch(counter){
   858                           
   859                           ;incstack = 0
   860                           ; Regs used in _dynamic2: [wreg-fsr0h+status,2+status,0]
   861  013F  29B0               	goto	l594
   862  0140                     l576:	
   863                           ;dotmatrix7.c: 95: case 9: PORTC=0b00010000;
   864                           
   865  0140  3010               	movlw	16
   866  0141  1283               	bcf	3,5	;RP0=0, select bank0
   867  0142  1303               	bcf	3,6	;RP1=0, select bank0
   868  0143  0087               	movwf	7	;volatile
   869                           
   870                           ;dotmatrix7.c: 96: _delay((unsigned long)((800)*(20000000/4000000.0)));
   871  0144  3006               	movlw	6
   872  0145  00F5               	movwf	??_dynamic2+1
   873  0146  3030               	movlw	48
   874  0147  00F4               	movwf	??_dynamic2
   875  0148                     u177:	
   876  0148  0BF4               	decfsz	??_dynamic2,f
   877  0149  2948               	goto	u177
   878  014A  0BF5               	decfsz	??_dynamic2+1,f
   879  014B  2948               	goto	u177
   880  014C  0000               	nop
   881                           
   882                           ;dotmatrix7.c: 97: break;
   883  014D  0008               	return
   884  014E                     l578:	
   885                           ;dotmatrix7.c: 98: case 10:PORTC=0b00110000;
   886                           
   887  014E  3030               	movlw	48
   888  014F  1283               	bcf	3,5	;RP0=0, select bank0
   889  0150  1303               	bcf	3,6	;RP1=0, select bank0
   890  0151  0087               	movwf	7	;volatile
   891                           
   892                           ;dotmatrix7.c: 99: _delay((unsigned long)((800)*(20000000/4000000.0)));
   893  0152  3006               	movlw	6
   894  0153  00F5               	movwf	??_dynamic2+1
   895  0154  3030               	movlw	48
   896  0155  00F4               	movwf	??_dynamic2
   897  0156                     u187:	
   898  0156  0BF4               	decfsz	??_dynamic2,f
   899  0157  2956               	goto	u187
   900  0158  0BF5               	decfsz	??_dynamic2+1,f
   901  0159  2956               	goto	u187
   902  015A  0000               	nop
   903                           
   904                           ;dotmatrix7.c: 100: break;
   905  015B  0008               	return
   906  015C                     l580:	
   907                           ;dotmatrix7.c: 101: case 11:PORTC=0b01010000;
   908                           
   909  015C  3050               	movlw	80
   910  015D  1283               	bcf	3,5	;RP0=0, select bank0
   911  015E  1303               	bcf	3,6	;RP1=0, select bank0
   912  015F  0087               	movwf	7	;volatile
   913                           
   914                           ;dotmatrix7.c: 102: _delay((unsigned long)((800)*(20000000/4000000.0)));
   915  0160  3006               	movlw	6
   916  0161  00F5               	movwf	??_dynamic2+1
   917  0162  3030               	movlw	48
   918  0163  00F4               	movwf	??_dynamic2
   919  0164                     u197:	
   920  0164  0BF4               	decfsz	??_dynamic2,f
   921  0165  2964               	goto	u197
   922  0166  0BF5               	decfsz	??_dynamic2+1,f
   923  0167  2964               	goto	u197
   924  0168  0000               	nop
   925                           
   926                           ;dotmatrix7.c: 103: break;
   927  0169  0008               	return
   928  016A                     l582:	
   929                           ;dotmatrix7.c: 104: case 12:PORTC=0b01110000;
   930                           
   931  016A  3070               	movlw	112
   932  016B  1283               	bcf	3,5	;RP0=0, select bank0
   933  016C  1303               	bcf	3,6	;RP1=0, select bank0
   934  016D  0087               	movwf	7	;volatile
   935                           
   936                           ;dotmatrix7.c: 105: _delay((unsigned long)((800)*(20000000/4000000.0)));
   937  016E  3006               	movlw	6
   938  016F  00F5               	movwf	??_dynamic2+1
   939  0170  3030               	movlw	48
   940  0171  00F4               	movwf	??_dynamic2
   941  0172                     u207:	
   942  0172  0BF4               	decfsz	??_dynamic2,f
   943  0173  2972               	goto	u207
   944  0174  0BF5               	decfsz	??_dynamic2+1,f
   945  0175  2972               	goto	u207
   946  0176  0000               	nop
   947                           
   948                           ;dotmatrix7.c: 106: break;
   949  0177  0008               	return
   950  0178                     l584:	
   951                           ;dotmatrix7.c: 107: case 13:PORTC=0b10010000;
   952                           
   953  0178  3090               	movlw	144
   954  0179  1283               	bcf	3,5	;RP0=0, select bank0
   955  017A  1303               	bcf	3,6	;RP1=0, select bank0
   956  017B  0087               	movwf	7	;volatile
   957                           
   958                           ;dotmatrix7.c: 108: _delay((unsigned long)((800)*(20000000/4000000.0)));
   959  017C  3006               	movlw	6
   960  017D  00F5               	movwf	??_dynamic2+1
   961  017E  3030               	movlw	48
   962  017F  00F4               	movwf	??_dynamic2
   963  0180                     u217:	
   964  0180  0BF4               	decfsz	??_dynamic2,f
   965  0181  2980               	goto	u217
   966  0182  0BF5               	decfsz	??_dynamic2+1,f
   967  0183  2980               	goto	u217
   968  0184  0000               	nop
   969                           
   970                           ;dotmatrix7.c: 109: break;
   971  0185  0008               	return
   972  0186                     l586:	
   973                           ;dotmatrix7.c: 110: case 14:PORTC=0b10110000;
   974                           
   975  0186  30B0               	movlw	176
   976  0187  1283               	bcf	3,5	;RP0=0, select bank0
   977  0188  1303               	bcf	3,6	;RP1=0, select bank0
   978  0189  0087               	movwf	7	;volatile
   979                           
   980                           ;dotmatrix7.c: 111: _delay((unsigned long)((800)*(20000000/4000000.0)));
   981  018A  3006               	movlw	6
   982  018B  00F5               	movwf	??_dynamic2+1
   983  018C  3030               	movlw	48
   984  018D  00F4               	movwf	??_dynamic2
   985  018E                     u227:	
   986  018E  0BF4               	decfsz	??_dynamic2,f
   987  018F  298E               	goto	u227
   988  0190  0BF5               	decfsz	??_dynamic2+1,f
   989  0191  298E               	goto	u227
   990  0192  0000               	nop
   991                           
   992                           ;dotmatrix7.c: 112: break;
   993  0193  0008               	return
   994  0194                     l588:	
   995                           ;dotmatrix7.c: 113: case 15:PORTC=0b11010000;
   996                           
   997  0194  30D0               	movlw	208
   998  0195  1283               	bcf	3,5	;RP0=0, select bank0
   999  0196  1303               	bcf	3,6	;RP1=0, select bank0
  1000  0197  0087               	movwf	7	;volatile
  1001                           
  1002                           ;dotmatrix7.c: 114: _delay((unsigned long)((800)*(20000000/4000000.0)));
  1003  0198  3006               	movlw	6
  1004  0199  00F5               	movwf	??_dynamic2+1
  1005  019A  3030               	movlw	48
  1006  019B  00F4               	movwf	??_dynamic2
  1007  019C                     u237:	
  1008  019C  0BF4               	decfsz	??_dynamic2,f
  1009  019D  299C               	goto	u237
  1010  019E  0BF5               	decfsz	??_dynamic2+1,f
  1011  019F  299C               	goto	u237
  1012  01A0  0000               	nop
  1013                           
  1014                           ;dotmatrix7.c: 115: break;
  1015  01A1  0008               	return
  1016  01A2                     l590:	
  1017                           ;dotmatrix7.c: 116: case 16:PORTC=0b11110000;
  1018                           
  1019  01A2  30F0               	movlw	240
  1020  01A3  1283               	bcf	3,5	;RP0=0, select bank0
  1021  01A4  1303               	bcf	3,6	;RP1=0, select bank0
  1022  01A5  0087               	movwf	7	;volatile
  1023                           
  1024                           ;dotmatrix7.c: 117: _delay((unsigned long)((800)*(20000000/4000000.0)));
  1025  01A6  3006               	movlw	6
  1026  01A7  00F5               	movwf	??_dynamic2+1
  1027  01A8  3030               	movlw	48
  1028  01A9  00F4               	movwf	??_dynamic2
  1029  01AA                     u247:	
  1030  01AA  0BF4               	decfsz	??_dynamic2,f
  1031  01AB  29AA               	goto	u247
  1032  01AC  0BF5               	decfsz	??_dynamic2+1,f
  1033  01AD  29AA               	goto	u247
  1034  01AE  0000               	nop
  1035                           
  1036                           ;dotmatrix7.c: 119: }
  1037                           
  1038                           ;dotmatrix7.c: 118: break;
  1039  01AF  0008               	return
  1040  01B0                     l594:	
  1041                           
  1042                           ; Switch on 2 bytes has been partitioned into a top level switch of size 1, and 1 sub-sw
      +                          itches
  1043                           ; Switch size 1, requested type "space"
  1044                           ; Number of cases is 1, Range of values is 0 to 0
  1045                           ; switch strategies available:
  1046                           ; Name         Instructions Cycles
  1047                           ; simple_byte            4     3 (average)
  1048                           ; direct_byte           11     8 (fixed)
  1049                           ; jumptable            260     6 (fixed)
  1050                           ;	Chosen strategy is simple_byte
  1051  01B0  0877               	movf	_counter+1,w
  1052  01B1  3A00               	xorlw	0	; case 0
  1053  01B2  1903               	skipnz
  1054  01B3  29B5               	goto	l776
  1055  01B4  29CF               	goto	l65
  1056  01B5                     l776:	
  1057                           
  1058                           ; Switch size 1, requested type "space"
  1059                           ; Number of cases is 8, Range of values is 9 to 16
  1060                           ; switch strategies available:
  1061                           ; Name         Instructions Cycles
  1062                           ; simple_byte           25    13 (average)
  1063                           ; direct_byte           35    11 (fixed)
  1064                           ; jumptable            263     9 (fixed)
  1065                           ;	Chosen strategy is simple_byte
  1066  01B5  0876               	movf	_counter,w
  1067  01B6  3A09               	xorlw	9	; case 9
  1068  01B7  1903               	skipnz
  1069  01B8  2940               	goto	l576
  1070  01B9  3A03               	xorlw	3	; case 10
  1071  01BA  1903               	skipnz
  1072  01BB  294E               	goto	l578
  1073  01BC  3A01               	xorlw	1	; case 11
  1074  01BD  1903               	skipnz
  1075  01BE  295C               	goto	l580
  1076  01BF  3A07               	xorlw	7	; case 12
  1077  01C0  1903               	skipnz
  1078  01C1  296A               	goto	l582
  1079  01C2  3A01               	xorlw	1	; case 13
  1080  01C3  1903               	skipnz
  1081  01C4  2978               	goto	l584
  1082  01C5  3A03               	xorlw	3	; case 14
  1083  01C6  1903               	skipnz
  1084  01C7  2986               	goto	l586
  1085  01C8  3A01               	xorlw	1	; case 15
  1086  01C9  1903               	skipnz
  1087  01CA  2994               	goto	l588
  1088  01CB  3A1F               	xorlw	31	; case 16
  1089  01CC  1903               	skipnz
  1090  01CD  29A2               	goto	l590
  1091  01CE  29CF               	goto	l65
  1092  01CF                     l65:	
  1093  01CF  0008               	return
  1094  01D0                     __end_of_dynamic2:	
  1095                           
  1096                           	psect	text4
  1097  01D0                     __ptext4:	
  1098 ;; *************** function _dynamic1 *****************
  1099 ;; Defined at:
  1100 ;;		line 65 in file "dotmatrix7.c"
  1101 ;; Parameters:    Size  Location     Type
  1102 ;;		None
  1103 ;; Auto vars:     Size  Location     Type
  1104 ;;		None
  1105 ;; Return value:  Size  Location     Type
  1106 ;;                  2   20[COMMON] int 
  1107 ;; Registers used:
  1108 ;;		wreg, fsr0l, fsr0h, status,2, status,0
  1109 ;; Tracked objects:
  1110 ;;		On entry : 0/0
  1111 ;;		On exit  : 0/0
  1112 ;;		Unchanged: 0/0
  1113 ;; Data sizes:     COMMON   BANK0   BANK1   BANK3   BANK2
  1114 ;;      Params:         0       0       0       0       0
  1115 ;;      Locals:         0       0       0       0       0
  1116 ;;      Temps:          2       0       0       0       0
  1117 ;;      Totals:         2       0       0       0       0
  1118 ;;Total ram usage:        2 bytes
  1119 ;; Hardware stack levels used:    1
  1120 ;; Hardware stack levels required when called:    1
  1121 ;; This function calls:
  1122 ;;		Nothing
  1123 ;; This function is called by:
  1124 ;;		_main
  1125 ;; This function uses a non-reentrant model
  1126 ;;
  1127                           
  1128                           
  1129                           ;psect for function _dynamic1
  1130  01D0                     _dynamic1:	
  1131                           
  1132                           ;dotmatrix7.c: 66: switch(counter){
  1133                           
  1134                           ;incstack = 0
  1135                           ; Regs used in _dynamic1: [wreg-fsr0h+status,2+status,0]
  1136  01D0  2A41               	goto	l568
  1137  01D1                     l550:	
  1138                           ;dotmatrix7.c: 67: case 1:PORTC=0b00000001;
  1139                           
  1140  01D1  3001               	movlw	1
  1141  01D2  1283               	bcf	3,5	;RP0=0, select bank0
  1142  01D3  1303               	bcf	3,6	;RP1=0, select bank0
  1143  01D4  0087               	movwf	7	;volatile
  1144                           
  1145                           ;dotmatrix7.c: 68: _delay((unsigned long)((800)*(20000000/4000000.0)));
  1146  01D5  3006               	movlw	6
  1147  01D6  00F5               	movwf	??_dynamic1+1
  1148  01D7  3030               	movlw	48
  1149  01D8  00F4               	movwf	??_dynamic1
  1150  01D9                     u257:	
  1151  01D9  0BF4               	decfsz	??_dynamic1,f
  1152  01DA  29D9               	goto	u257
  1153  01DB  0BF5               	decfsz	??_dynamic1+1,f
  1154  01DC  29D9               	goto	u257
  1155  01DD  0000               	nop
  1156                           
  1157                           ;dotmatrix7.c: 69: break;
  1158  01DE  0008               	return
  1159  01DF                     l552:	
  1160                           ;dotmatrix7.c: 70: case 2:PORTC=0b00000011;
  1161                           
  1162  01DF  3003               	movlw	3
  1163  01E0  1283               	bcf	3,5	;RP0=0, select bank0
  1164  01E1  1303               	bcf	3,6	;RP1=0, select bank0
  1165  01E2  0087               	movwf	7	;volatile
  1166                           
  1167                           ;dotmatrix7.c: 71: _delay((unsigned long)((800)*(20000000/4000000.0)));
  1168  01E3  3006               	movlw	6
  1169  01E4  00F5               	movwf	??_dynamic1+1
  1170  01E5  3030               	movlw	48
  1171  01E6  00F4               	movwf	??_dynamic1
  1172  01E7                     u267:	
  1173  01E7  0BF4               	decfsz	??_dynamic1,f
  1174  01E8  29E7               	goto	u267
  1175  01E9  0BF5               	decfsz	??_dynamic1+1,f
  1176  01EA  29E7               	goto	u267
  1177  01EB  0000               	nop
  1178                           
  1179                           ;dotmatrix7.c: 72: break;
  1180  01EC  0008               	return
  1181  01ED                     l554:	
  1182                           ;dotmatrix7.c: 73: case 3:PORTC=0b00000101;
  1183                           
  1184  01ED  3005               	movlw	5
  1185  01EE  1283               	bcf	3,5	;RP0=0, select bank0
  1186  01EF  1303               	bcf	3,6	;RP1=0, select bank0
  1187  01F0  0087               	movwf	7	;volatile
  1188                           
  1189                           ;dotmatrix7.c: 74: _delay((unsigned long)((800)*(20000000/4000000.0)));
  1190  01F1  3006               	movlw	6
  1191  01F2  00F5               	movwf	??_dynamic1+1
  1192  01F3  3030               	movlw	48
  1193  01F4  00F4               	movwf	??_dynamic1
  1194  01F5                     u277:	
  1195  01F5  0BF4               	decfsz	??_dynamic1,f
  1196  01F6  29F5               	goto	u277
  1197  01F7  0BF5               	decfsz	??_dynamic1+1,f
  1198  01F8  29F5               	goto	u277
  1199  01F9  0000               	nop
  1200                           
  1201                           ;dotmatrix7.c: 75: break;
  1202  01FA  0008               	return
  1203  01FB                     l556:	
  1204                           ;dotmatrix7.c: 76: case 4:PORTC=0b00000111;
  1205                           
  1206  01FB  3007               	movlw	7
  1207  01FC  1283               	bcf	3,5	;RP0=0, select bank0
  1208  01FD  1303               	bcf	3,6	;RP1=0, select bank0
  1209  01FE  0087               	movwf	7	;volatile
  1210                           
  1211                           ;dotmatrix7.c: 77: _delay((unsigned long)((800)*(20000000/4000000.0)));
  1212  01FF  3006               	movlw	6
  1213  0200  00F5               	movwf	??_dynamic1+1
  1214  0201  3030               	movlw	48
  1215  0202  00F4               	movwf	??_dynamic1
  1216  0203                     u287:	
  1217  0203  0BF4               	decfsz	??_dynamic1,f
  1218  0204  2A03               	goto	u287
  1219  0205  0BF5               	decfsz	??_dynamic1+1,f
  1220  0206  2A03               	goto	u287
  1221  0207  0000               	nop
  1222                           
  1223                           ;dotmatrix7.c: 78: break;
  1224  0208  0008               	return
  1225  0209                     l558:	
  1226                           ;dotmatrix7.c: 79: case 5:PORTC=0b00001001;
  1227                           
  1228  0209  3009               	movlw	9
  1229  020A  1283               	bcf	3,5	;RP0=0, select bank0
  1230  020B  1303               	bcf	3,6	;RP1=0, select bank0
  1231  020C  0087               	movwf	7	;volatile
  1232                           
  1233                           ;dotmatrix7.c: 80: _delay((unsigned long)((800)*(20000000/4000000.0)));
  1234  020D  3006               	movlw	6
  1235  020E  00F5               	movwf	??_dynamic1+1
  1236  020F  3030               	movlw	48
  1237  0210  00F4               	movwf	??_dynamic1
  1238  0211                     u297:	
  1239  0211  0BF4               	decfsz	??_dynamic1,f
  1240  0212  2A11               	goto	u297
  1241  0213  0BF5               	decfsz	??_dynamic1+1,f
  1242  0214  2A11               	goto	u297
  1243  0215  0000               	nop
  1244                           
  1245                           ;dotmatrix7.c: 81: break;
  1246  0216  0008               	return
  1247  0217                     l560:	
  1248                           ;dotmatrix7.c: 82: case 6:PORTC=0b00001011;
  1249                           
  1250  0217  300B               	movlw	11
  1251  0218  1283               	bcf	3,5	;RP0=0, select bank0
  1252  0219  1303               	bcf	3,6	;RP1=0, select bank0
  1253  021A  0087               	movwf	7	;volatile
  1254                           
  1255                           ;dotmatrix7.c: 83: _delay((unsigned long)((800)*(20000000/4000000.0)));
  1256  021B  3006               	movlw	6
  1257  021C  00F5               	movwf	??_dynamic1+1
  1258  021D  3030               	movlw	48
  1259  021E  00F4               	movwf	??_dynamic1
  1260  021F                     u307:	
  1261  021F  0BF4               	decfsz	??_dynamic1,f
  1262  0220  2A1F               	goto	u307
  1263  0221  0BF5               	decfsz	??_dynamic1+1,f
  1264  0222  2A1F               	goto	u307
  1265  0223  0000               	nop
  1266                           
  1267                           ;dotmatrix7.c: 84: break;
  1268  0224  0008               	return
  1269  0225                     l562:	
  1270                           ;dotmatrix7.c: 85: case 7:PORTC=0b00001101;
  1271                           
  1272  0225  300D               	movlw	13
  1273  0226  1283               	bcf	3,5	;RP0=0, select bank0
  1274  0227  1303               	bcf	3,6	;RP1=0, select bank0
  1275  0228  0087               	movwf	7	;volatile
  1276                           
  1277                           ;dotmatrix7.c: 86: _delay((unsigned long)((800)*(20000000/4000000.0)));
  1278  0229  3006               	movlw	6
  1279  022A  00F5               	movwf	??_dynamic1+1
  1280  022B  3030               	movlw	48
  1281  022C  00F4               	movwf	??_dynamic1
  1282  022D                     u317:	
  1283  022D  0BF4               	decfsz	??_dynamic1,f
  1284  022E  2A2D               	goto	u317
  1285  022F  0BF5               	decfsz	??_dynamic1+1,f
  1286  0230  2A2D               	goto	u317
  1287  0231  0000               	nop
  1288                           
  1289                           ;dotmatrix7.c: 87: break;
  1290  0232  0008               	return
  1291  0233                     l564:	
  1292                           ;dotmatrix7.c: 88: case 8:PORTC=0b00001111;
  1293                           
  1294  0233  300F               	movlw	15
  1295  0234  1283               	bcf	3,5	;RP0=0, select bank0
  1296  0235  1303               	bcf	3,6	;RP1=0, select bank0
  1297  0236  0087               	movwf	7	;volatile
  1298                           
  1299                           ;dotmatrix7.c: 89: _delay((unsigned long)((800)*(20000000/4000000.0)));
  1300  0237  3006               	movlw	6
  1301  0238  00F5               	movwf	??_dynamic1+1
  1302  0239  3030               	movlw	48
  1303  023A  00F4               	movwf	??_dynamic1
  1304  023B                     u327:	
  1305  023B  0BF4               	decfsz	??_dynamic1,f
  1306  023C  2A3B               	goto	u327
  1307  023D  0BF5               	decfsz	??_dynamic1+1,f
  1308  023E  2A3B               	goto	u327
  1309  023F  0000               	nop
  1310                           
  1311                           ;dotmatrix7.c: 91: }
  1312                           
  1313                           ;dotmatrix7.c: 90: break;
  1314  0240  0008               	return
  1315  0241                     l568:	
  1316                           
  1317                           ; Switch on 2 bytes has been partitioned into a top level switch of size 1, and 1 sub-sw
      +                          itches
  1318                           ; Switch size 1, requested type "space"
  1319                           ; Number of cases is 1, Range of values is 0 to 0
  1320                           ; switch strategies available:
  1321                           ; Name         Instructions Cycles
  1322                           ; simple_byte            4     3 (average)
  1323                           ; direct_byte           11     8 (fixed)
  1324                           ; jumptable            260     6 (fixed)
  1325                           ;	Chosen strategy is simple_byte
  1326  0241  0877               	movf	_counter+1,w
  1327  0242  3A00               	xorlw	0	; case 0
  1328  0243  1903               	skipnz
  1329  0244  2A46               	goto	l778
  1330  0245  2A60               	goto	l52
  1331  0246                     l778:	
  1332                           
  1333                           ; Switch size 1, requested type "space"
  1334                           ; Number of cases is 8, Range of values is 1 to 8
  1335                           ; switch strategies available:
  1336                           ; Name         Instructions Cycles
  1337                           ; simple_byte           25    13 (average)
  1338                           ; direct_byte           35    11 (fixed)
  1339                           ; jumptable            263     9 (fixed)
  1340                           ;	Chosen strategy is simple_byte
  1341  0246  0876               	movf	_counter,w
  1342  0247  3A01               	xorlw	1	; case 1
  1343  0248  1903               	skipnz
  1344  0249  29D1               	goto	l550
  1345  024A  3A03               	xorlw	3	; case 2
  1346  024B  1903               	skipnz
  1347  024C  29DF               	goto	l552
  1348  024D  3A01               	xorlw	1	; case 3
  1349  024E  1903               	skipnz
  1350  024F  29ED               	goto	l554
  1351  0250  3A07               	xorlw	7	; case 4
  1352  0251  1903               	skipnz
  1353  0252  29FB               	goto	l556
  1354  0253  3A01               	xorlw	1	; case 5
  1355  0254  1903               	skipnz
  1356  0255  2A09               	goto	l558
  1357  0256  3A03               	xorlw	3	; case 6
  1358  0257  1903               	skipnz
  1359  0258  2A17               	goto	l560
  1360  0259  3A01               	xorlw	1	; case 7
  1361  025A  1903               	skipnz
  1362  025B  2A25               	goto	l562
  1363  025C  3A0F               	xorlw	15	; case 8
  1364  025D  1903               	skipnz
  1365  025E  2A33               	goto	l564
  1366  025F  2A60               	goto	l52
  1367  0260                     l52:	
  1368  0260  0008               	return
  1369  0261                     __end_of_dynamic1:	
  1370                           
  1371                           	psect	text5
  1372  0292                     __ptext5:	
  1373 ;; *************** function _count_up *****************
  1374 ;; Defined at:
  1375 ;;		line 61 in file "dotmatrix7.c"
  1376 ;; Parameters:    Size  Location     Type
  1377 ;;		None
  1378 ;; Auto vars:     Size  Location     Type
  1379 ;;		None
  1380 ;; Return value:  Size  Location     Type
  1381 ;;		None               void
  1382 ;; Registers used:
  1383 ;;		wreg
  1384 ;; Tracked objects:
  1385 ;;		On entry : 0/0
  1386 ;;		On exit  : 0/0
  1387 ;;		Unchanged: 0/0
  1388 ;; Data sizes:     COMMON   BANK0   BANK1   BANK3   BANK2
  1389 ;;      Params:         0       0       0       0       0
  1390 ;;      Locals:         0       0       0       0       0
  1391 ;;      Temps:          4       0       0       0       0
  1392 ;;      Totals:         4       0       0       0       0
  1393 ;;Total ram usage:        4 bytes
  1394 ;; Hardware stack levels used:    1
  1395 ;; This function calls:
  1396 ;;		Nothing
  1397 ;; This function is called by:
  1398 ;;		Interrupt level 1
  1399 ;; This function uses a non-reentrant model
  1400 ;;
  1401                           
  1402                           
  1403                           ;psect for function _count_up
  1404  0292                     _count_up:	
  1405                           
  1406                           ;dotmatrix7.c: 62: counter++;
  1407  0292  3001               	movlw	1
  1408  0293  07F6               	addwf	_counter,f
  1409  0294  1803               	skipnc
  1410  0295  0AF7               	incf	_counter+1,f
  1411  0296  3000               	movlw	0
  1412  0297  07F7               	addwf	_counter+1,f
  1413                           
  1414                           ;dotmatrix7.c: 63: INTF=0;
  1415  0298  108B               	bcf	11,1	;volatile
  1416  0299  0873               	movf	??_count_up+3,w
  1417  029A  00FF               	movwf	127
  1418  029B  0872               	movf	??_count_up+2,w
  1419  029C  008A               	movwf	10
  1420  029D  0871               	movf	??_count_up+1,w
  1421  029E  0084               	movwf	4
  1422  029F  0E70               	swapf	??_count_up^(0+-128),w
  1423  02A0  0083               	movwf	3
  1424  02A1  0EFE               	swapf	126,f
  1425  02A2  0E7E               	swapf	126,w
  1426  02A3  0009               	retfie
  1427  02A4                     __end_of_count_up:	
  1428  007E                     btemp	set	126	;btemp
  1429  007E                     wtemp	set	126
  1430  007E                     wtemp0	set	126
  1431  0080                     wtemp1	set	128
  1432  0082                     wtemp2	set	130
  1433  0084                     wtemp3	set	132
  1434  0086                     wtemp4	set	134
  1435  0088                     wtemp5	set	136
  1436  007F                     wtemp6	set	127
  1437  007E                     ttemp	set	126
  1438  007E                     ttemp0	set	126
  1439  0081                     ttemp1	set	129
  1440  0084                     ttemp2	set	132
  1441  0087                     ttemp3	set	135
  1442  007F                     ttemp4	set	127
  1443  007E                     ltemp	set	126
  1444  007E                     ltemp0	set	126
  1445  0082                     ltemp1	set	130
  1446  0086                     ltemp2	set	134
  1447  0080                     ltemp3	set	128
  1448                           
  1449                           	psect	intentry
  1450  0004                     __pintentry:	
  1451                           ;incstack = 0
  1452                           ; Regs used in _count_up: [wreg]
  1453                           
  1454  0004                     interrupt_function:	
  1455  007E                     saved_w	set	btemp
  1456  0004  00FE               	movwf	btemp
  1457  0005  0E03               	swapf	3,w
  1458  0006  00F0               	movwf	??_count_up
  1459  0007  0804               	movf	4,w
  1460  0008  00F1               	movwf	??_count_up+1
  1461  0009  080A               	movf	10,w
  1462  000A  00F2               	movwf	??_count_up+2
  1463  000B  1283               	bcf	3,5	;RP0=0, select bank0
  1464  000C  1303               	bcf	3,6	;RP1=0, select bank0
  1465  000D  087F               	movf	btemp+1,w
  1466  000E  00F3               	movwf	??_count_up+3
  1467  000F  120A  118A  2A92   	ljmp	_count_up


Data Sizes:
    Strings     0
    Constant    0
    Data        0
    BSS         2
    Persistent  0
    Stack       0

Auto Spaces:
    Space          Size  Autos    Used
    COMMON           14      6       8
    BANK0            80      0       0
    BANK1            80      0       0
    BANK3            96      0       0
    BANK2            96      0       0

Pointer List with Targets:

    None.

Critical Paths under _main in COMMON

    _main->_dynamic1
    _main->_dynamic2
    _main->_dynamic3
    _main->_dynamic4

Critical Paths under _count_up in COMMON

    None.

Critical Paths under _main in BANK0

    None.

Critical Paths under _count_up in BANK0

    None.

Critical Paths under _main in BANK1

    None.

Critical Paths under _count_up in BANK1

    None.

Critical Paths under _main in BANK3

    None.

Critical Paths under _count_up in BANK3

    None.

Critical Paths under _main in BANK2

    None.

Critical Paths under _count_up in BANK2

    None.

Call Graph Tables:

 ---------------------------------------------------------------------------------
 (Depth) Function   	        Calls       Base Space   Used Autos Params    Refs
 ---------------------------------------------------------------------------------
 (0) _main                                                 0     0      0       0
                           _dynamic1
                           _dynamic2
                           _dynamic3
                           _dynamic4
 ---------------------------------------------------------------------------------
 (1) _dynamic4                                             2     2      0       0
                                              4 COMMON     2     2      0
 ---------------------------------------------------------------------------------
 (1) _dynamic3                                             2     2      0       0
                                              4 COMMON     2     2      0
 ---------------------------------------------------------------------------------
 (1) _dynamic2                                             2     2      0       0
                                              4 COMMON     2     2      0
 ---------------------------------------------------------------------------------
 (1) _dynamic1                                             2     2      0       0
                                              4 COMMON     2     2      0
 ---------------------------------------------------------------------------------
 Estimated maximum stack depth 1
 ---------------------------------------------------------------------------------
 (Depth) Function   	        Calls       Base Space   Used Autos Params    Refs
 ---------------------------------------------------------------------------------
 (2) _count_up                                             4     4      0       0
                                              0 COMMON     4     4      0
 ---------------------------------------------------------------------------------
 Estimated maximum stack depth 2
 ---------------------------------------------------------------------------------

 Call Graph Graphs:

 _main (ROOT)
   _dynamic1
   _dynamic2
   _dynamic3
   _dynamic4

 _count_up (ROOT)

 Address spaces:
Name               Size   Autos  Total    Cost      Usage
BITCOMMON            E      0       0       0        0.0%
EEDATA             100      0       0       0        0.0%
NULL                 0      0       0       0        0.0%
CODE                 0      0       0       0        0.0%
COMMON               E      6       8       1       57.1%
BITSFR0              0      0       0       1        0.0%
SFR0                 0      0       0       1        0.0%
BITSFR1              0      0       0       2        0.0%
SFR1                 0      0       0       2        0.0%
STACK                0      0       0       2        0.0%
ABS                  0      0       8       3        0.0%
BITBANK0            50      0       0       4        0.0%
BITSFR3              0      0       0       4        0.0%
SFR3                 0      0       0       4        0.0%
BANK0               50      0       0       5        0.0%
BITSFR2              0      0       0       5        0.0%
SFR2                 0      0       0       5        0.0%
BITBANK1            50      0       0       6        0.0%
BANK1               50      0       0       7        0.0%
BITBANK3            60      0       0       8        0.0%
BANK3               60      0       0       9        0.0%
BITBANK2            60      0       0      10        0.0%
BANK2               60      0       0      11        0.0%
DATA                 0      0       8      12        0.0%


Microchip Technology PIC Macro Assembler V1.31 build 56723 
Symbol Table                                                                                   Sat Jul 12 18:10:07 2014

            __CFG_CP$OFF 0000                       l52 0260                       l65 01CF  
                     l91 00AD                       l78 013E                       u17 0024  
                     u27 0032                       u37 0040                       u47 004E  
                     u57 005C                       u67 006A                       u77 0078  
                     u87 0086                       u97 00B7                      l610 00E7  
                    l602 00AF                      l612 00F5                      l604 00BD  
                    l620 011F                      l550 01D1                      l614 0103  
                    l606 00CB                      l630 002A                      l560 0217  
                    l552 01DF                      l616 0111                      l608 00D9  
                    l640 0070                      l632 0038                      l562 0225  
                    l554 01ED                      l642 007E                      l634 0046  
                    l564 0233                      l556 01FB                      l580 015C  
                    l636 0054                      l628 001C                      l558 0209  
                    l590 01A2                      l582 016A                      l638 0062  
                    l568 0241                      l584 0178                      l576 0140  
                    l648 008E                      l672 0271                      l586 0186  
                    l578 014E                      l594 01B0                      l588 0194  
                    l772 0093                      l774 0124                      l776 01B5  
                    l778 0246                      _GIE 005F                      u107 00C5  
                    u117 00D3                      u207 0172                      u127 00E1  
                    u217 0180                      u137 00EF                      u307 021F  
                    u227 018E                      u147 00FD                      u317 022D  
                    u237 019C                      u157 010B                      u327 023B  
                    u247 01AA                      u167 0119                      u257 01D9  
                    u177 0148             __CFG_CPD$OFF 0000                      u267 01E7  
                    u187 0156                      u277 01F5                      u197 0164  
                    u287 0203                      u297 0211                      fsr0 0004  
           __CFG_FOSC$HS 0000             __CFG_LVP$OFF 0000                     _INTE 005C  
                   _INTF 0059             __CFG_WRT$OFF 0000                     _main 0261  
                   btemp 007E                     ltemp 007E                     start 0012  
                   ttemp 007E                     wtemp 007E                    ?_main 0070  
          __CFG_WDTE$OFF 0000           __CFG_DEBUG$OFF 0000                    _PORTC 0007  
                  _PORTD 0008                    _TRISB 0086                    _TRISC 0087  
                  _TRISD 0088            __CFG_PWRTE$ON 0000           __CFG_BOREN$OFF 0000  
                  pclath 000A                    ltemp0 007E                    ltemp1 0082  
                  ltemp2 0086                    ltemp3 0080                    ttemp0 007E  
                  ttemp1 0081                    ttemp2 0084                    ttemp3 0087  
                  ttemp4 007F                    status 0003                    wtemp0 007E  
                  wtemp1 0080                    wtemp2 0082                    wtemp3 0084  
                  wtemp4 0086                    wtemp5 0088                    wtemp6 007F  
        __initialization 0015             __end_of_main 0292                   ??_main 0076  
                 _INTEDG 040E         __end_of_count_up 02A4         __end_of_dynamic1 0261  
       __end_of_dynamic2 01D0         __end_of_dynamic3 013F         __end_of_dynamic4 00AE  
                 saved_w 007E  __end_of__initialization 0017           __pcstackCOMMON 0070  
             __pmaintext 0261               __pintentry 0004                ?_count_up 0070  
              ?_dynamic1 0070                ?_dynamic2 0070                ?_dynamic3 0070  
              ?_dynamic4 0070                  __ptext0 0000                  __ptext1 001B  
                __ptext2 00AE                  __ptext3 013F                  __ptext4 01D0  
                __ptext5 0292                  _counter 0076     end_of_initialization 0017  
             ??_count_up 0070               ??_dynamic1 0074               ??_dynamic2 0074  
             ??_dynamic3 0074               ??_dynamic4 0074      start_initialization 0015  
            __pbssCOMMON 0076                ___latbits 0002        __size_of_count_up 0012  
      __size_of_dynamic1 0091        __size_of_dynamic2 0091        __size_of_dynamic3 0091  
      __size_of_dynamic4 0093        interrupt_function 0004                 _count_up 0292  
               _dynamic1 01D0                 _dynamic2 013F                 _dynamic3 00AE  
               _dynamic4 001B            __size_of_main 0031                 intlevel1 0000  
