

Microchip Technology PIC LITE Macro Assembler V1.31 build 56723 
                                                                                               Sat Jul 12 19:02:01 2014

Microchip Technology Omniscient Code Generator (Lite mode) build 56723
     1                           	processor	16F873
     2                           	opt	pw 120
     3                           	opt	lm
     4                           	psect	idataBANK0,global,class=CODE,delta=2
     5                           	psect	idataBANK1,global,class=CODE,delta=2
     6                           	psect	cinit,global,class=CODE,merge=1,delta=2
     7                           	psect	dataBANK0,global,class=BANK0,space=1,delta=1
     8                           	psect	dataBANK1,global,class=BANK1,space=1,delta=1
     9                           	psect	inittext,global,class=CODE,delta=2
    10                           	psect	cstackCOMMON,global,class=COMMON,space=1,delta=1
    11                           	psect	cstackBANK0,global,class=BANK0,space=1,delta=1
    12                           	psect	maintext,global,class=CODE,split=1,delta=2
    13                           	psect	text1,local,class=CODE,merge=1,delta=2
    14                           	dabs	1,0x7E,2
    15  0000                     	;# 
    16  0001                     	;# 
    17  0002                     	;# 
    18  0003                     	;# 
    19  0004                     	;# 
    20  0005                     	;# 
    21  0006                     	;# 
    22  0007                     	;# 
    23  000A                     	;# 
    24  000B                     	;# 
    25  000C                     	;# 
    26  000D                     	;# 
    27  000E                     	;# 
    28  000E                     	;# 
    29  000F                     	;# 
    30  0010                     	;# 
    31  0011                     	;# 
    32  0012                     	;# 
    33  0013                     	;# 
    34  0014                     	;# 
    35  0015                     	;# 
    36  0015                     	;# 
    37  0016                     	;# 
    38  0017                     	;# 
    39  0018                     	;# 
    40  0019                     	;# 
    41  001A                     	;# 
    42  001B                     	;# 
    43  001B                     	;# 
    44  001C                     	;# 
    45  001D                     	;# 
    46  001E                     	;# 
    47  001F                     	;# 
    48  0081                     	;# 
    49  0085                     	;# 
    50  0086                     	;# 
    51  0087                     	;# 
    52  008C                     	;# 
    53  008D                     	;# 
    54  008E                     	;# 
    55  0091                     	;# 
    56  0092                     	;# 
    57  0093                     	;# 
    58  0094                     	;# 
    59  0098                     	;# 
    60  0099                     	;# 
    61  009E                     	;# 
    62  009F                     	;# 
    63  010C                     	;# 
    64  010D                     	;# 
    65  010E                     	;# 
    66  010F                     	;# 
    67  018C                     	;# 
    68  018D                     	;# 
    69                           
    70                           	psect	idataBANK0
    71  07A7                     __pidataBANK0:	
    72                           
    73                           ;initializer for _w_chara
    74  07A7  3400               	retlw	0
    75  07A8  3400               	retlw	0
    76  07A9  3400               	retlw	0
    77  07AA  3400               	retlw	0
    78  07AB  3400               	retlw	0
    79  07AC  340C               	retlw	12
    80  07AD  3404               	retlw	4
    81  07AE  3418               	retlw	24
    82  07AF  3404               	retlw	4
    83  07B0  3410               	retlw	16
    84  07B1  3404               	retlw	4
    85  07B2  3430               	retlw	48
    86  07B3  3404               	retlw	4
    87  07B4  3420               	retlw	32
    88  07B5  3404               	retlw	4
    89  07B6  3420               	retlw	32
    90  07B7  3404               	retlw	4
    91  07B8  3420               	retlw	32
    92  07B9  3404               	retlw	4
    93  07BA  3420               	retlw	32
    94  07BB  3404               	retlw	4
    95  07BC  3420               	retlw	32
    96  07BD  3404               	retlw	4
    97  07BE  3420               	retlw	32
    98  07BF  3404               	retlw	4
    99  07C0  3420               	retlw	32
   100  07C1  3400               	retlw	0
   101  07C2  3420               	retlw	32
   102  07C3  3400               	retlw	0
   103  07C4  3400               	retlw	0
   104  07C5  3400               	retlw	0
   105  07C6  3400               	retlw	0
   106                           
   107                           ;initializer for _w_chara2
   108  07C7  3400               	retlw	0
   109  07C8  3400               	retlw	0
   110  07C9  3400               	retlw	0
   111  07CA  3460               	retlw	96
   112  07CB  3400               	retlw	0
   113  07CC  343C               	retlw	60
   114  07CD  3480               	retlw	128
   115  07CE  3407               	retlw	7
   116  07CF  34F0               	retlw	240
   117  07D0  3402               	retlw	2
   118  07D1  341C               	retlw	28
   119  07D2  3401               	retlw	1
   120  07D3  3487               	retlw	135
   121  07D4  3400               	retlw	0
   122  07D5  3480               	retlw	128
   123  07D6  3400               	retlw	0
   124  07D7  3480               	retlw	128
   125  07D8  3400               	retlw	0
   126  07D9  3400               	retlw	0
   127  07DA  343F               	retlw	63
   128  07DB  3400               	retlw	0
   129  07DC  3440               	retlw	64
   130  07DD  3400               	retlw	0
   131  07DE  3440               	retlw	64
   132  07DF  3400               	retlw	0
   133  07E0  3460               	retlw	96
   134  07E1  3400               	retlw	0
   135  07E2  3430               	retlw	48
   136  07E3  3400               	retlw	0
   137  07E4  3418               	retlw	24
   138  07E5  3400               	retlw	0
   139  07E6  3400               	retlw	0
   140                           
   141                           	psect	idataBANK1
   142  0767                     __pidataBANK1:	
   143                           
   144                           ;initializer for _w_chara3
   145  0767  3400               	retlw	0
   146  0768  3400               	retlw	0
   147  0769  3400               	retlw	0
   148  076A  3400               	retlw	0
   149  076B  34F8               	retlw	248
   150  076C  343F               	retlw	63
   151  076D  340E               	retlw	14
   152  076E  3460               	retlw	96
   153  076F  3400               	retlw	0
   154  0770  3410               	retlw	16
   155  0771  3400               	retlw	0
   156  0772  3400               	retlw	0
   157  0773  3400               	retlw	0
   158  0774  341C               	retlw	28
   159  0775  3408               	retlw	8
   160  0776  3430               	retlw	48
   161  0777  3408               	retlw	8
   162  0778  3420               	retlw	32
   163  0779  3408               	retlw	8
   164  077A  3420               	retlw	32
   165  077B  3408               	retlw	8
   166  077C  3420               	retlw	32
   167  077D  3408               	retlw	8
   168  077E  3420               	retlw	32
   169  077F  3408               	retlw	8
   170  0780  3420               	retlw	32
   171  0781  3408               	retlw	8
   172  0782  3420               	retlw	32
   173  0783  3400               	retlw	0
   174  0784  3420               	retlw	32
   175  0785  3400               	retlw	0
   176  0786  3400               	retlw	0
   177                           
   178                           ;initializer for _w_chara4
   179  0787  3400               	retlw	0
   180  0788  3400               	retlw	0
   181  0789  3408               	retlw	8
   182  078A  3400               	retlw	0
   183  078B  3408               	retlw	8
   184  078C  3402               	retlw	2
   185  078D  3408               	retlw	8
   186  078E  3403               	retlw	3
   187  078F  3488               	retlw	136
   188  0790  3401               	retlw	1
   189  0791  34E8               	retlw	232
   190  0792  3440               	retlw	64
   191  0793  34B8               	retlw	184
   192  0794  3440               	retlw	64
   193  0795  348F               	retlw	143
   194  0796  3440               	retlw	64
   195  0797  3488               	retlw	136
   196  0798  3440               	retlw	64
   197  0799  3488               	retlw	136
   198  079A  3440               	retlw	64
   199  079B  3488               	retlw	136
   200  079C  3460               	retlw	96
   201  079D  3488               	retlw	136
   202  079E  3420               	retlw	32
   203  079F  3408               	retlw	8
   204  07A0  3431               	retlw	49
   205  07A1  3408               	retlw	8
   206  07A2  341E               	retlw	30
   207  07A3  3400               	retlw	0
   208  07A4  3400               	retlw	0
   209  07A5  3400               	retlw	0
   210  07A6  3400               	retlw	0
   211  0005                     _PORTA	set	5
   212  0006                     _PORTB	set	6
   213  0007                     _PORTC	set	7
   214  0028                     _RA0	set	40
   215  0085                     _TRISA	set	133
   216  0086                     _TRISB	set	134
   217  0087                     _TRISC	set	135
   218                           
   219                           ; #config settings
   220  0000                     
   221                           	psect	cinit
   222  07E7                     start_initialization:	
   223  07E7                     __initialization:	
   224                           
   225                           ; Initialize objects allocated to BANK1
   226  07E7  1383               	bcf	3,7	;select IRP bank0
   227  07E8  30E0               	movlw	low (__pdataBANK1+64)
   228  07E9  00FD               	movwf	btemp+-1
   229  07EA  3007               	movlw	high __pidataBANK1
   230  07EB  00FE               	movwf	btemp
   231  07EC  3067               	movlw	low __pidataBANK1
   232  07ED  00FF               	movwf	btemp+1
   233  07EE  30A0               	movlw	low __pdataBANK1
   234  07EF  0084               	movwf	4
   235  07F0  118A  270A  118A   	fcall	init_ram0
   236                           
   237                           ; Initialize objects allocated to BANK0
   238  07F3  3060               	movlw	low (__pdataBANK0+64)
   239  07F4  00FD               	movwf	btemp+-1
   240  07F5  3007               	movlw	high __pidataBANK0
   241  07F6  00FE               	movwf	btemp
   242  07F7  30A7               	movlw	low __pidataBANK0
   243  07F8  00FF               	movwf	btemp+1
   244  07F9  3020               	movlw	low __pdataBANK0
   245  07FA  0084               	movwf	4
   246  07FB  118A  270A         	fcall	init_ram0
   247  07FD                     end_of_initialization:	
   248                           ;End of C runtime variable initialization code
   249                           
   250  07FD                     __end_of__initialization:	
   251  07FD  0183               	clrf	3
   252  07FE  118A  2F16         	ljmp	_main	;jump to C main() function
   253                           
   254                           	psect	dataBANK0
   255  0020                     __pdataBANK0:	
   256  0020                     _w_chara:	
   257  0020                     	ds	32
   258  0040                     _w_chara2:	
   259  0040                     	ds	32
   260                           
   261                           	psect	dataBANK1
   262  00A0                     __pdataBANK1:	
   263  00A0                     _w_chara3:	
   264  00A0                     	ds	32
   265  00C0                     _w_chara4:	
   266  00C0                     	ds	32
   267                           
   268                           	psect	inittext
   269  0706                     init_fetch0:	
   270                           ;	Called with low address in FSR and high address in W
   271                           
   272  0706  087E               	movf	126,w
   273  0707  008A               	movwf	10
   274  0708  087F               	movf	127,w
   275  0709  0082               	movwf	2
   276  070A                     init_ram0:	
   277                           ;Called with:
   278                           ;	high address of idata address in btemp 
   279                           ;	low address of idata address in btemp+1 
   280                           ;	low address of data in FSR
   281                           ;	high address + 1 of data in btemp-1
   282                           
   283  070A  2706  118A         	fcall	init_fetch0
   284  070C  0080               	movwf	0
   285  070D  0A84               	incf	4,f
   286  070E  0804               	movf	4,w
   287  070F  067D               	xorwf	125,w
   288  0710  1903               	btfsc	3,2
   289  0711  3400               	retlw	0
   290  0712  0AFF               	incf	127,f
   291  0713  1903               	btfsc	3,2
   292  0714  0AFE               	incf	126,f
   293  0715  2F0A               	goto	init_ram0
   294                           
   295                           	psect	cstackCOMMON
   296  0000                     __pcstackCOMMON:	
   297  0000                     ??_main:	
   298                           
   299                           	psect	cstackBANK0
   300  0060                     __pcstackBANK0:	
   301                           ; 0 bytes @ 0x0
   302                           
   303  0060                     ?_word2:	
   304  0060                     ??_word2:	
   305                           ; 0 bytes @ 0x0
   306                           
   307  0060                     ?_main:	
   308                           ; 0 bytes @ 0x0
   309                           
   310                           
   311                           ; 0 bytes @ 0x0
   312  0060                     	ds	4
   313  0064                     word2@a:	
   314                           
   315                           ; 1 bytes @ 0x4
   316  0064                     	ds	1
   317  0065                     word2@i:	
   318                           
   319                           ; 2 bytes @ 0x5
   320  0065                     	ds	2
   321                           
   322                           	psect	maintext
   323  0716                     __pmaintext:	
   324 ;;
   325 ;;Main: autosize = 0, tempsize = 0, incstack = 0, save=0
   326 ;;
   327 ;; *************** function _main *****************
   328 ;; Defined at:
   329 ;;		line 32 in file "dotmatrix_pattern.c"
   330 ;; Parameters:    Size  Location     Type
   331 ;;		None
   332 ;; Auto vars:     Size  Location     Type
   333 ;;		None
   334 ;; Return value:  Size  Location     Type
   335 ;;		None               void
   336 ;; Registers used:
   337 ;;		wreg, fsr0l, fsr0h, status,2, status,0, btemp+1, pclath, cstack
   338 ;; Tracked objects:
   339 ;;		On entry : 17F/0
   340 ;;		On exit  : 0/0
   341 ;;		Unchanged: 0/0
   342 ;; Data sizes:     COMMON   BANK0   BANK1
   343 ;;      Params:         0       0       0
   344 ;;      Locals:         0       0       0
   345 ;;      Temps:          0       0       0
   346 ;;      Totals:         0       0       0
   347 ;;Total ram usage:        0 bytes
   348 ;; Hardware stack levels required when called:    1
   349 ;; This function calls:
   350 ;;		_word2
   351 ;; This function is called by:
   352 ;;		Startup code after reset
   353 ;; This function uses a non-reentrant model
   354 ;;
   355                           
   356                           
   357                           ;psect for function _main
   358  0716                     _main:	
   359                           
   360                           ;dotmatrix_pattern.c: 34: TRISA = 0x00;
   361                           
   362                           ;incstack = 0
   363                           ; Regs used in _main: [wreg-fsr0h+status,2+status,0+btemp+1+pclath+cstack]
   364  0716  1683               	bsf	3,5	;RP0=1, select bank1
   365  0717  1303               	bcf	3,6	;RP1=0, select bank1
   366  0718  0185               	clrf	5	;volatile
   367                           
   368                           ;dotmatrix_pattern.c: 35: TRISB = 0x00;
   369  0719  0186               	clrf	6	;volatile
   370                           
   371                           ;dotmatrix_pattern.c: 36: TRISC = 0x00;
   372  071A  0187               	clrf	7	;volatile
   373                           
   374                           ;dotmatrix_pattern.c: 38: PORTA = 0x00;
   375  071B  1283               	bcf	3,5	;RP0=0, select bank0
   376  071C  1303               	bcf	3,6	;RP1=0, select bank0
   377  071D  0185               	clrf	5	;volatile
   378                           
   379                           ;dotmatrix_pattern.c: 39: PORTB = 0x00;
   380  071E  0186               	clrf	6	;volatile
   381                           
   382                           ;dotmatrix_pattern.c: 40: PORTC = 0x00;
   383  071F  0187               	clrf	7	;volatile
   384                           
   385                           ;dotmatrix_pattern.c: 42: word2(w_chara);
   386  0720  3020               	movlw	_w_chara& (0+255)
   387  0721  118A  2729  118A   	fcall	_word2
   388                           
   389                           ;dotmatrix_pattern.c: 43: word2(w_chara2);
   390  0724  3040               	movlw	_w_chara2& (0+255)
   391  0725  118A  2729         	fcall	_word2
   392  0727  118A  2800         	ljmp	start
   393  0729                     __end_of_main:	
   394                           
   395                           	psect	text1
   396  0729                     __ptext1:	
   397 ;; *************** function _word2 *****************
   398 ;; Defined at:
   399 ;;		line 53 in file "dotmatrix_pattern.c"
   400 ;; Parameters:    Size  Location     Type
   401 ;;  a               1    wreg     PTR unsigned int 
   402 ;;		 -> w_chara2(32), w_chara(32), 
   403 ;; Auto vars:     Size  Location     Type
   404 ;;  a               1    4[BANK0 ] PTR unsigned int 
   405 ;;		 -> w_chara2(32), w_chara(32), 
   406 ;;  i               2    5[BANK0 ] int 
   407 ;; Return value:  Size  Location     Type
   408 ;;		None               void
   409 ;; Registers used:
   410 ;;		wreg, fsr0l, fsr0h, status,2, status,0, btemp+1
   411 ;; Tracked objects:
   412 ;;		On entry : 0/0
   413 ;;		On exit  : 0/0
   414 ;;		Unchanged: 0/0
   415 ;; Data sizes:     COMMON   BANK0   BANK1
   416 ;;      Params:         0       0       0
   417 ;;      Locals:         0       3       0
   418 ;;      Temps:          0       4       0
   419 ;;      Totals:         0       7       0
   420 ;;Total ram usage:        7 bytes
   421 ;; Hardware stack levels used:    1
   422 ;; This function calls:
   423 ;;		Nothing
   424 ;; This function is called by:
   425 ;;		_main
   426 ;; This function uses a non-reentrant model
   427 ;;
   428                           
   429                           
   430                           ;psect for function _word2
   431  0729                     _word2:	
   432                           
   433                           ;incstack = 0
   434                           ; Regs used in _word2: [wreg-fsr0h+status,2+status,0+btemp+1]
   435                           ;word2@a stored from wreg
   436  0729  1283               	bcf	3,5	;RP0=0, select bank0
   437  072A  1303               	bcf	3,6	;RP1=0, select bank0
   438  072B  00E4               	movwf	word2@a
   439                           
   440                           ;dotmatrix_pattern.c: 54: for(int i=0;i<16;i++){
   441  072C  01E5               	clrf	word2@i
   442  072D  01E6               	clrf	word2@i+1
   443  072E                     L1:	
   444  072E  0866               	movf	word2@i+1,w
   445  072F  3A80               	xorlw	128
   446  0730  00FF               	movwf	127
   447  0731  3080               	movlw	128
   448  0732  027F               	subwf	127,w
   449  0733  1D03               	skipz
   450  0734  2F37               	goto	u35
   451  0735  3010               	movlw	16
   452  0736  0265               	subwf	word2@i,w
   453  0737                     u35:	
   454  0737  1803               	btfsc	3,0
   455  0738  0008               	return
   456                           
   457                           ;dotmatrix_pattern.c: 55: RA0=1;
   458  0739  1283               	bcf	3,5	;RP0=0, select bank0
   459  073A  1303               	bcf	3,6	;RP1=0, select bank0
   460  073B  1405               	bsf	5,0	;volatile
   461                           
   462                           ;dotmatrix_pattern.c: 56: PORTB=a[i] >> 8;
   463  073C  0865               	movf	word2@i,w
   464  073D  00E0               	movwf	??_word2
   465  073E  0760               	addwf	??_word2,w
   466  073F  0764               	addwf	word2@a,w
   467  0740  00E1               	movwf	??_word2+1
   468  0741  0861               	movf	??_word2+1,w
   469  0742  0084               	movwf	4
   470  0743  1383               	bcf	3,7	;select IRP bank0
   471  0744  0800               	movf	0,w
   472  0745  00E2               	movwf	??_word2+2
   473  0746  0A84               	incf	4,f
   474  0747  0800               	movf	0,w
   475  0748  00E3               	movwf	??_word2+3
   476  0749  0863               	movf	??_word2+3,w
   477  074A  0086               	movwf	6	;volatile
   478                           
   479                           ;dotmatrix_pattern.c: 57: PORTC=a[i] & 0xff;
   480  074B  0865               	movf	word2@i,w
   481  074C  00E0               	movwf	??_word2
   482  074D  0760               	addwf	??_word2,w
   483  074E  0764               	addwf	word2@a,w
   484  074F  00E1               	movwf	??_word2+1
   485  0750  0861               	movf	??_word2+1,w
   486  0751  0084               	movwf	4
   487  0752  0800               	movf	0,w
   488  0753  0087               	movwf	7	;volatile
   489                           
   490                           ;dotmatrix_pattern.c: 58: RA0=0;
   491  0754  1005               	bcf	5,0	;volatile
   492                           
   493                           ;dotmatrix_pattern.c: 59: _delay((unsigned long)((800)*(20000000/4000000.0)));
   494  0755  3006               	movlw	6
   495  0756  00E1               	movwf	??_word2+1
   496  0757  3030               	movlw	48
   497  0758  00E0               	movwf	??_word2
   498  0759                     u57:	
   499  0759  0BE0               	decfsz	??_word2,f
   500  075A  2F59               	goto	u57
   501  075B  0BE1               	decfsz	??_word2+1,f
   502  075C  2F59               	goto	u57
   503  075D  0000               	nop
   504  075E  3001               	movlw	1
   505  075F  1283               	bcf	3,5	;RP0=0, select bank0
   506  0760  1303               	bcf	3,6	;RP1=0, select bank0
   507  0761  07E5               	addwf	word2@i,f
   508  0762  1803               	skipnc
   509  0763  0AE6               	incf	word2@i+1,f
   510  0764  3000               	movlw	0
   511  0765  07E6               	addwf	word2@i+1,f
   512  0766  2F2E               	goto	L1
   513  0767                     __end_of_word2:	
   514  007E                     btemp	set	126	;btemp
   515  007E                     wtemp	set	126
   516  007E                     wtemp0	set	126
   517  0080                     wtemp1	set	128
   518  0082                     wtemp2	set	130
   519  0084                     wtemp3	set	132
   520  0086                     wtemp4	set	134
   521  0088                     wtemp5	set	136
   522  007F                     wtemp6	set	127
   523  007E                     ttemp	set	126
   524  007E                     ttemp0	set	126
   525  0081                     ttemp1	set	129
   526  0084                     ttemp2	set	132
   527  0087                     ttemp3	set	135
   528  007F                     ttemp4	set	127
   529  007E                     ltemp	set	126
   530  007E                     ltemp0	set	126
   531  0082                     ltemp1	set	130
   532  0086                     ltemp2	set	134
   533  0080                     ltemp3	set	128


Data Sizes:
    Strings     0
    Constant    0
    Data        128
    BSS         0
    Persistent  0
    Stack       0

Auto Spaces:
    Space          Size  Autos    Used
    COMMON            0      0       0
    BANK0            94      7      71
    BANK1            94      0      64

Pointer List with Targets:

    word2@a	PTR unsigned int  size(1) Largest target is 32
		 -> w_chara2(BANK0[32]), w_chara(BANK0[32]), 


Critical Paths under _main in COMMON

    None.

Critical Paths under _main in BANK0

    _main->_word2

Critical Paths under _main in BANK1

    None.

Call Graph Tables:

 ---------------------------------------------------------------------------------
 (Depth) Function   	        Calls       Base Space   Used Autos Params    Refs
 ---------------------------------------------------------------------------------
 (0) _main                                                 0     0      0     188
                              _word2
 ---------------------------------------------------------------------------------
 (1) _word2                                                7     7      0     188
                                              0 BANK0      7     7      0
 ---------------------------------------------------------------------------------
 Estimated maximum stack depth 1
 ---------------------------------------------------------------------------------

 Call Graph Graphs:

 _main (ROOT)
   _word2

 Address spaces:
Name               Size   Autos  Total    Cost      Usage
SFR3                 0      0       0       4        0.0%
BITSFR3              0      0       0       4        0.0%
SFR2                 0      0       0       5        0.0%
BITSFR2              0      0       0       5        0.0%
BANK1               5E      0      40       6       68.1%
BITBANK1            5E      0       0       5        0.0%
SFR1                 0      0       0       2        0.0%
BITSFR1              0      0       0       2        0.0%
BANK0               5E      7      47       4       75.5%
BITBANK0            5E      0       0       3        0.0%
SFR0                 0      0       0       1        0.0%
BITSFR0              0      0       0       1        0.0%
COMMON               0      0       0       1        0.0%
BITCOMMON            0      0       0       0        0.0%
CODE                 0      0       0       0        0.0%
DATA                 0      0      87       8        0.0%
ABS                  0      0      87       7        0.0%
NULL                 0      0       0       0        0.0%
STACK                0      0       0       2        0.0%
EEDATA              80      0       0       0        0.0%


Microchip Technology PIC Macro Assembler V1.31 build 56723 
Symbol Table                                                                                   Sat Jul 12 19:02:01 2014

                      pc 0002              __CFG_CP$OFF 0000                       u35 0737  
                     u57 0759                       fsr 0004                      _RA0 0028  
           __CFG_CPD$OFF 0000                      fsr0 0004                      indf 0000  
           __CFG_FOSC$HS 0000             __CFG_LVP$OFF 0000             __CFG_WRT$OFF 0000  
                   _main 0716                     btemp 007E                     ltemp 007E  
                   start 0000                     ttemp 007E                     wtemp 007E  
                  ?_main 0060            __CFG_WDTE$OFF 0000           __CFG_DEBUG$OFF 0000  
                  _PORTA 0005                    _PORTB 0006                    _PORTC 0007  
                  _TRISA 0085                    _TRISB 0086                    _TRISC 0087  
          __CFG_PWRTE$ON 0000                    _word2 0729           __CFG_BOREN$OFF 0000  
                  pclath 000A                    ltemp0 007E                    ltemp1 0082  
                  ltemp2 0086                    ltemp3 0080                    ttemp0 007E  
                  ttemp1 0081                    ttemp2 0084                    ttemp3 0087  
                  ttemp4 007F                    status 0003                    wtemp0 007E  
                  wtemp1 0080                    wtemp2 0082                    wtemp3 0084  
                  wtemp4 0086                    wtemp5 0088                    wtemp6 007F  
        __initialization 07E7             __end_of_main 0729                   ??_main 0000  
                 ?_word2 0060                   word2@a 0064                   word2@i 0065  
__end_of__initialization 07FD           __pcstackCOMMON 0000             __pidataBANK0 07A7  
           __pidataBANK1 0767            __end_of_word2 0767                  ??_word2 0060  
             __pmaintext 0716                  __ptext1 0729                  _w_chara 0020  
   end_of_initialization 07FD      start_initialization 07E7               init_fetch0 0706  
            __pdataBANK0 0020              __pdataBANK1 00A0                ___latbits 0001  
          __pcstackBANK0 0060           __size_of_word2 003E            __size_of_main 0013  
               _w_chara2 0040                 _w_chara3 00A0                 _w_chara4 00C0  
               init_ram0 070A  
